1:25,952
100:6,579
1200:0
※10/22（水）17:00 集計時点の順位です
1:99,639
100:12,183
1200:1,628
※10/22（水）17:03 集計時点の順位です
1:271,336
100:20,078
1200:3,010
※10/22（水）17:04 集計時点の順位です
1:271,336
100:20,078
1200:3,010
※10/22（水）17:04 集計時点の順位です
1:439,940
100:30,819
1200:4,328
※10/22（水）17:05 集計時点の順位です
1:819,613
100:53,108
1200:6,461
※10/22（水）17:07 集計時点の順位です
1:1,009,078
100:70,888
1200:7,613
※10/22（水）17:08 集計時点の順位です
1:1,219,900
100:84,531
1200:8,924
※10/22（水）17:09 集計時点の順位です
1:1,219,900
100:84,531
1200:8,924
※10/22（水）17:09 集計時点の順位です
1:1,619,996
100:134,949
1200:11,787
※10/22（水）17:11 集計時点の順位です
1:1,828,727
100:166,127
1200:13,717
※10/22（水）17:12 集計時点の順位です
1:1,907,392
100:188,700
1200:15,731
※10/22（水）17:13 集計時点の順位です
1:1,950,878
100:221,202
1200:17,823
※10/22（水）17:14 集計時点の順位です
1:1,950,878
100:221,202
1200:17,823
※10/22（水）17:14 集計時点の順位です
1:2,231,270
100:267,040
1200:22,358
※10/22（水）17:16 集計時点の順位です
1:2,459,304
100:276,264
1200:24,270
※10/22（水）17:17 集計時点の順位です
1:2,689,449
100:317,546
1200:27,227
※10/22（水）17:18 集計時点の順位です
1:2,940,904
100:347,965
1200:29,458
※10/22（水）17:19 集計時点の順位です
1:2,940,904
100:347,965
1200:29,458
※10/22（水）17:19 集計時点の順位です
1:3,401,383
100:433,854
1200:34,503
※10/22（水）17:21 集計時点の順位です
1:3,629,338
100:481,021
1200:37,361
※10/22（水）17:22 集計時点の順位です
1:3,629,338
100:481,021
1200:37,361
※10/22（水）17:22 集計時点の順位です
1:4,068,220
100:546,849
1200:42,401
※10/22（水）17:24 集計時点の順位です
1:4,068,220
100:546,849
1200:42,401
※10/22（水）17:24 集計時点の順位です
1:4,214,938
100:599,676
1200:47,936
※10/22（水）17:26 集計時点の順位です
1:4,243,225
100:627,852
1200:49,325
※10/22（水）17:27 集計時点の順位です
1:4,271,531
100:671,913
1200:51,889
※10/22（水）17:28 集計時点の順位です
1:4,271,531
100:671,913
1200:51,889
※10/22（水）17:28 集計時点の順位です
1:4,302,208
100:682,075
1200:54,433
※10/22（水）17:29 集計時点の順位です
1:4,388,198
100:742,947
1200:59,606
※10/22（水）17:31 集計時点の順位です
1:4,673,398
100:768,243
1200:61,608
※10/22（水）17:32 集計時点の順位です
1:4,673,398
100:768,243
1200:61,608
※10/22（水）17:32 集計時点の順位です
1:5,315,405
100:825,858
1200:65,631
※10/22（水）17:34 集計時点の順位です
1:5,315,405
100:825,858
1200:65,631
※10/22（水）17:34 集計時点の順位です
1:5,460,636
100:853,516
1200:68,909
※10/22（水）17:36 集計時点の順位です
1:5,460,636
100:853,516
1200:68,909
※10/22（水）17:36 集計時点の順位です
1:5,669,263
100:867,408
1200:72,417
※10/22（水）17:38 集計時点の順位です
1:5,669,263
100:867,408
1200:72,417
※10/22（水）17:38 集計時点の順位です
1:5,860,591
100:874,337
1200:73,871
※10/22（水）17:39 集計時点の順位です
1:6,370,790
100:929,744
1200:77,830
※10/22（水）17:41 集計時点の順位です
1:6,370,790
100:929,744
1200:77,830
※10/22（水）17:41 集計時点の順位です
1:6,470,428
100:958,372
1200:80,832
※10/22（水）17:42 集計時点の順位です
1:6,480,681
100:970,234
1200:85,010
※10/22（水）17:44 集計時点の順位です
1:6,480,681
100:970,234
1200:85,010
※10/22（水）17:44 集計時点の順位です
1:6,509,132
100:970,269
1200:87,155
※10/22（水）17:45 集計時点の順位です
1:6,537,238
100:992,600
1200:88,715
※10/22（水）17:46 集計時点の順位です
1:6,565,589
100:1,000,817
1200:90,113
※10/22（水）17:47 集計時点の順位です
1:6,593,943
100:1,007,803
1200:91,457
※10/22（水）17:48 集計時点の順位です
1:6,624,801
100:1,026,772
1200:92,846
※10/22（水）17:49 集計時点の順位です
1:6,653,260
100:1,052,099
1200:94,695
※10/22（水）17:50 集計時点の順位です
1:6,709,999
100:1,059,976
1200:98,181
※10/22（水）17:52 集計時点の順位です
1:6,740,978
100:1,059,976
1200:101,274
※10/22（水）17:53 集計時点の順位です
1:6,766,668
100:1,077,542
1200:102,988
※10/22（水）17:54 集計時点の順位です
1:6,766,668
100:1,077,542
1200:102,988
※10/22（水）17:54 集計時点の順位です
1:6,793,670
100:1,097,059
1200:104,983
※10/22（水）17:55 集計時点の順位です
1:6,974,545
100:1,104,014
1200:106,264
※10/22（水）17:56 集計時点の順位です
1:7,229,485
100:1,113,241
1200:107,796
※10/22（水）17:57 集計時点の順位です
1:7,484,490
100:1,137,984
1200:110,303
※10/22（水）17:58 集計時点の順位です
1:7,760,834
100:1,157,966
1200:112,489
※10/22（水）17:59 集計時点の順位です
1:8,013,855
100:1,164,202
1200:113,784
※10/22（水）18:00 集計時点の順位です
1:8,098,596
100:1,164,202
1200:115,421
※10/22（水）18:01 集計時点の順位です
1:8,134,540
100:1,188,767
1200:117,902
※10/22（水）18:02 集計時点の順位です
1:8,199,721
100:1,232,003
1200:119,890
※10/22（水）18:03 集計時点の順位です
1:8,389,502
100:1,290,137
1200:120,926
※10/22（水）18:04 集計時点の順位です
1:8,514,934
100:1,320,047
1200:122,332
※10/22（水）18:05 集計時点の順位です
1:8,514,934
100:1,360,042
1200:125,263
※10/22（水）18:06 集計時点の順位です
1:8,530,396
100:1,420,189
1200:128,666
※10/22（水）18:07 集計時点の順位です
1:8,555,949
100:1,482,247
1200:131,464
※10/22（水）18:08 集計時点の順位です
1:8,581,738
100:1,497,900
1200:133,715
※10/22（水）18:09 集計時点の順位です
1:8,610,015
100:1,549,862
1200:134,949
※10/22（水）18:10 集計時点の順位です
1:8,635,830
100:1,566,212
1200:136,768
※10/22（水）18:11 集計時点の順位です
1:8,677,120
100:1,574,542
1200:140,989
※10/22（水）18:13 集計時点の順位です
1:8,677,120
100:1,574,542
1200:140,989
※10/22（水）18:13 集計時点の順位です
1:8,705,399
100:1,574,542
1200:142,583
※10/22（水）18:14 集計時点の順位です
1:8,738,925
100:1,576,917
1200:144,405
※10/22（水）18:15 集計時点の順位です
1:8,762,106
100:1,584,553
1200:145,877
※10/22（水）18:16 集計時点の順位です
1:8,790,442
100:1,584,835
1200:147,455
※10/22（水）18:17 集計時点の順位です
1:8,809,625
100:1,598,395
1200:149,613
※10/22（水）18:18 集計時点の順位です
1:8,838,118
100:1,603,541
1200:151,072
※10/22（水）18:19 集計時点の順位です
1:8,852,127
100:1,625,385
1200:151,999
※10/22（水）18:20 集計時点の順位です
1:8,856,789
100:1,646,708
1200:153,930
※10/22（水）18:21 集計時点の順位です
1:8,856,789
100:1,648,838
1200:155,655
※10/22（水）18:22 集計時点の順位です
1:8,856,789
100:1,653,571
1200:156,524
※10/22（水）18:23 集計時点の順位です
1:8,856,789
100:1,653,571
1200:157,540
※10/22（水）18:24 集計時点の順位です
1:8,856,789
100:1,655,989
1200:158,905
※10/22（水）18:25 集計時点の順位です
1:8,856,789
100:1,666,475
1200:161,201
※10/22（水）18:26 集計時点の順位です
1:8,856,789
100:1,666,475
1200:163,511
※10/22（水）18:27 集計時点の順位です
1:8,864,529
100:1,694,653
1200:164,740
※10/22（水）18:28 集計時点の順位です
1:9,025,867
100:1,704,840
1200:166,147
※10/22（水）18:29 集計時点の順位です
1:9,193,861
100:1,721,555
1200:168,607
※10/22（水）18:30 集計時点の順位です
1:9,421,435
100:1,730,225
1200:170,428
※10/22（水）18:31 集計時点の順位です
1:9,655,304
100:1,754,348
1200:173,494
※10/22（水）18:32 集計時点の順位です
1:9,846,497
100:1,794,372
1200:177,614
※10/22（水）18:33 集計時点の順位です
1:9,961,789
100:1,812,669
1200:180,152
※10/22（水）18:34 集計時点の順位です
1:10,052,855
100:1,821,374
1200:182,678
※10/22（水）18:35 集計時点の順位です
1:10,159,124
100:1,821,374
1200:185,419
※10/22（水）18:36 集計時点の順位です
1:10,329,249
100:1,849,162
1200:187,077
※10/22（水）18:37 集計時点の順位です
1:10,520,635
100:1,877,125
1200:189,406
※10/22（水）18:38 集計時点の順位です
1:10,520,635
100:1,892,861
1200:192,363
※10/22（水）18:39 集計時点の順位です
1:10,520,635
100:1,906,784
1200:195,424
※10/22（水）18:40 集計時点の順位です
1:10,520,635
100:1,906,784
1200:198,153
※10/22（水）18:41 集計時点の順位です
1:10,530,927
100:1,906,800
1200:202,542
※10/22（水）18:42 集計時点の順位です
1:10,559,162
100:1,923,716
1200:204,476
※10/22（水）18:43 集計時点の順位です
1:10,584,937
100:1,989,278
1200:207,743
※10/22（水）18:44 集計時点の順位です
1:10,615,835
100:1,989,278
1200:210,400
※10/22（水）18:45 集計時点の順位です
1:10,639,077
100:1,989,278
1200:214,096
※10/22（水）18:46 集計時点の順位です
1:10,654,456
100:2,057,507
1200:218,616
※10/22（水）18:47 集計時点の順位です
1:10,669,551
100:2,103,506
1200:221,200
※10/22（水）18:48 集計時点の順位です
1:10,695,456
100:2,135,892
1200:224,304
※10/22（水）18:49 集計時点の順位です
1:10,718,703
100:2,146,057
1200:228,945
※10/22（水）18:50 集計時点の順位です
1:10,744,437
100:2,221,657
1200:233,292
※10/22（水）18:51 集計時点の順位です
1:10,772,745
100:2,235,435
1200:239,202
※10/22（水）18:52 集計時点の順位です
1:10,798,541
100:2,235,435
1200:242,858
※10/22（水）18:53 集計時点の順位です
1:10,826,912
100:2,279,193
1200:249,113
※10/22（水）18:54 集計時点の順位です
1:11,201,396
100:2,312,380
1200:254,282
※10/22（水）18:55 集計時点の順位です
1:11,250,211
100:2,352,478
1200:258,136
※10/22（水）18:56 集計時点の順位です
1:11,255,234
100:2,406,541
1200:261,882
※10/22（水）18:57 集計時点の順位です
1:11,257,773
100:2,416,906
1200:268,132
※10/22（水）18:58 集計時点の順位です
1:11,270,373
100:2,478,622
1200:272,736
※10/22（水）18:59 集計時点の順位です
1:11,277,950
100:2,504,499
1200:277,182
※10/22（水）19:00 集計時点の順位です
1:11,277,950
100:2,504,499
1200:277,182
※10/22（水）19:01 集計時点の順位です
1:11,277,950
100:2,504,499
1200:277,182
※10/22（水）19:02 集計時点の順位です
1:11,277,950
100:2,504,499
1200:277,182
※10/22（水）19:03 集計時点の順位です
1:11,277,950
100:2,504,499
1200:277,182
※10/22（水）19:04 集計時点の順位です
1:11,277,950
100:2,504,499
1200:277,182
※10/22（水）21:59 集計時点の順位です
1:11,277,950
100:2,504,499
1200:277,182
※10/22（水）22:00 集計時点の順位です
1:11,277,950
100:2,504,499
1200:277,386
※10/22（水）22:01 集計時点の順位です
1:11,277,950
100:2,504,499
1200:278,422
※10/22（水）22:02 集計時点の順位です
1:11,277,950
100:2,504,499
1200:280,269
※10/22（水）22:03 集計時点の順位です
1:11,277,950
100:2,504,499
1200:281,828
※10/22（水）22:04 集計時点の順位です
1:11,277,950
100:2,504,499
1200:283,810
※10/22（水）22:05 集計時点の順位です
1:11,277,950
100:2,504,499
1200:288,530
※10/22（水）22:06 集計時点の順位です
1:11,277,950
100:2,504,499
1200:290,587
※10/22（水）22:07 集計時点の順位です
1:11,277,950
100:2,504,499
1200:292,916
※10/22（水）22:08 集計時点の順位です
1:11,277,950
100:2,504,499
1200:296,259
※10/22（水）22:09 集計時点の順位です
1:11,277,950
100:2,504,499
1200:301,753
※10/22（水）22:10 集計時点の順位です
1:11,277,950
100:2,533,078
1200:304,776
※10/22（水）22:11 集計時点の順位です
1:11,277,950
100:2,533,078
1200:310,585
※10/22（水）22:12 集計時点の順位です
1:11,277,950
100:2,533,078
1200:314,882
※10/22（水）22:13 集計時点の順位です
1:11,277,950
100:2,587,212
1200:317,555
※10/22（水）22:14 集計時点の順位です
1:11,277,950
100:2,587,212
1200:322,967
※10/22（水）22:15 集計時点の順位です
1:11,282,312
100:2,666,169
1200:326,604
※10/22（水）22:16 集計時点の順位です
1:11,307,959
100:2,667,893
1200:332,857
※10/22（水）22:17 集計時点の順位です
1:11,336,361
100:2,716,176
1200:337,547
※10/22（水）22:18 集計時点の順位です
1:11,354,325
100:2,718,715
1200:343,023
※10/22（水）22:19 集計時点の順位です
1:11,374,785
100:2,742,898
1200:346,470
※10/22（水）22:20 集計時点の順位です
1:11,403,106
100:2,742,898
1200:351,876
※10/22（水）22:21 集計時点の順位です
1:11,428,803
100:2,744,092
1200:353,786
※10/22（水）22:22 集計時点の順位です
1:11,454,752
100:2,751,631
1200:358,039
※10/22（水）22:23 集計時点の順位です
1:11,480,581
100:2,756,778
1200:362,320
※10/22（水）22:24 集計時点の順位です
1:11,508,797
100:2,765,598
1200:368,252
※10/22（水）22:25 集計時点の順位です
1:11,534,597
100:2,765,598
1200:371,897
※10/22（水）22:26 集計時点の順位です
1:11,560,414
100:2,765,598
1200:377,787
※10/22（水）22:27 集計時点の順位です
1:11,586,033
100:2,774,758
1200:381,457
※10/22（水）22:28 集計時点の順位です
1:11,609,217
100:2,802,308
1200:387,156
※10/22（水）22:29 集計時点の順位です
1:11,640,004
100:2,872,852
1200:389,755
※10/22（水）22:30 集計時点の順位です
1:11,665,707
100:2,917,034
1200:391,789
※10/22（水）22:31 集計時点の順位です
1:11,688,980
100:2,971,846
1200:397,096
※10/22（水）22:32 集計時点の順位です
1:11,712,125
100:2,982,148
1200:402,307
※10/22（水）22:33 集計時点の順位です
1:11,740,143
100:3,005,498
1200:407,000
※10/22（水）22:34 集計時点の順位です
1:11,766,098
100:3,043,106
1200:417,320
※10/22（水）22:35 集計時点の順位です
1:11,794,122
100:3,052,585
1200:419,437
※10/22（水）22:36 集計時点の順位です
1:11,817,136
100:3,094,899
1200:423,029
※10/22（水）22:37 集計時点の順位です
1:11,845,546
100:3,104,684
1200:427,734
※10/22（水）22:38 集計時点の順位です
1:11,873,828
100:3,119,815
1200:436,620
※10/22（水）22:39 集計時点の順位です
1:11,902,053
100:3,157,316
1200:437,639
※10/22（水）22:40 集計時点の順位です
1:11,930,440
100:3,157,316
1200:439,107
※10/22（水）22:41 集計時点の順位です
1:11,958,158
100:3,157,316
1200:442,486
※10/22（水）22:42 集計時点の順位です
1:11,986,465
100:3,157,316
1200:451,807
※10/22（水）22:43 集計時点の順位です
1:12,045,597
100:3,191,272
1200:457,733
※10/22（水）22:45 集計時点の順位です
1:12,045,597
100:3,191,272
1200:457,733
※10/22（水）22:45 集計時点の順位です
1:12,068,901
100:3,206,495
1200:461,849
※10/22（水）22:46 集計時点の順位です
1:12,094,507
100:3,228,886
1200:463,538
※10/22（水）22:47 集計時点の順位です
1:12,122,916
100:3,244,068
1200:467,861
※10/22（水）22:48 集計時点の順位です
1:12,151,083
100:3,251,420
1200:470,591
※10/22（水）22:49 集計時点の順位です
1:12,169,191
100:3,271,434
1200:477,545
※10/22（水）22:50 集計時点の順位です
1:12,169,191
100:3,287,010
1200:481,255
※10/22（水）22:51 集計時点の順位です
1:12,169,191
100:3,330,169
1200:482,835
※10/22（水）22:52 集計時点の順位です
1:12,169,191
100:3,330,218
1200:486,741
※10/22（水）22:53 集計時点の順位です
1:12,182,122
100:3,352,633
1200:491,886
※10/22（水）22:54 集計時点の順位です
1:12,210,634
100:3,369,665
1200:493,061
※10/22（水）22:55 集計時点の順位です
1:12,236,340
100:3,377,632
1200:497,318
※10/22（水）22:56 集計時点の順位です
1:12,262,332
100:3,382,720
1200:499,714
※10/22（水）22:57 集計時点の順位です
1:12,290,703
100:3,387,798
1200:501,319
※10/22（水）22:58 集計時点の順位です
1:12,321,612
100:3,397,468
1200:502,267
※10/22（水）22:59 集計時点の順位です
1:12,347,293
100:3,446,012
1200:506,340
※10/22（水）23:00 集計時点の順位です
1:12,375,475
100:3,483,767
1200:518,773
※10/22（水）23:01 集計時点の順位です
1:12,401,134
100:3,545,208
1200:526,767
※10/22（水）23:02 集計時点の順位です
1:12,429,445
100:3,625,741
1200:533,855
※10/22（水）23:03 集計時点の順位です
1:12,460,241
100:3,663,949
1200:540,546
※10/22（水）23:04 集計時点の順位です
1:12,488,019
100:3,690,963
1200:542,570
※10/22（水）23:05 集計時点の順位です
1:12,517,438
100:3,754,699
1200:547,828
※10/22（水）23:06 集計時点の順位です
1:12,545,874
100:3,799,792
1200:554,032
※10/22（水）23:07 集計時点の順位です
1:12,576,929
100:3,872,814
1200:559,340
※10/22（水）23:08 集計時点の順位です
1:12,604,970
100:4,023,541
1200:564,365
※10/22（水）23:09 集計時点の順位です
1:12,633,271
100:4,182,801
1200:567,221
※10/22（水）23:10 集計時点の順位です
1:12,664,073
100:4,202,347
1200:570,912
※10/22（水）23:11 集計時点の順位です
1:12,692,446
100:4,244,951
1200:576,870
※10/22（水）23:12 集計時点の順位です
1:12,694,973
100:4,257,104
1200:578,260
※10/22（水）23:13 集計時点の順位です
1:12,720,695
100:4,331,461
1200:581,983
※10/22（水）23:14 集計時点の順位です
1:12,754,228
100:4,391,049
1200:584,801
※10/22（水）23:15 集計時点の順位です
1:12,782,665
100:4,398,629
1200:591,014
※10/22（水）23:16 集計時点の順位です
1:12,811,086
100:4,415,955
1200:595,153
※10/22（水）23:17 集計時点の順位です
1:12,839,015
100:4,415,955
1200:599,444
※10/22（水）23:18 集計時点の順位です
1:12,869,922
100:4,415,955
1200:603,102
※10/22（水）23:19 集計時点の順位です
1:12,898,280
100:4,465,715
1200:606,909
※10/22（水）23:20 集計時点の順位です
1:12,926,600
100:4,509,631
1200:611,030
※10/22（水）23:21 集計時点の順位です
1:12,954,806
100:4,509,631
1200:612,924
※10/22（水）23:22 集計時点の順位です
1:12,985,815
100:4,509,631
1200:614,054
※10/22（水）23:23 集計時点の順位です
1:13,046,419
100:4,557,228
1200:617,732
※10/22（水）23:24 集計時点の順位です
1:13,409,463
100:4,571,912
1200:627,176
※10/22（水）23:25 集計時点の順位です
1:13,409,463
100:4,575,017
1200:630,145
※10/22（水）23:26 集計時点の順位です
1:13,409,463
100:4,610,392
1200:631,335
※10/22（水）23:27 集計時点の順位です
1:13,409,463
100:4,647,350
1200:632,567
※10/22（水）23:28 集計時点の順位です
1:13,419,498
100:4,789,043
1200:637,725
※10/22（水）23:29 集計時点の順位です
1:13,419,498
100:4,796,669
1200:639,861
※10/22（水）23:30 集計時点の順位です
1:13,422,027
100:4,845,070
1200:645,616
※10/22（水）23:31 集計時点の順位です
1:13,427,104
100:4,865,913
1200:652,245
※10/22（水）23:32 集計時点の順位です
1:13,432,237
100:4,880,287
1200:658,060
※10/22（水）23:33 集計時点の順位です
1:13,442,480
100:4,961,770
1200:670,593
※10/22（水）23:34 集計時点の順位です
1:13,468,059
100:5,050,382
1200:674,609
※10/22（水）23:35 集計時点の順位です
1:13,485,591
100:5,114,869
1200:680,935
※10/22（水）23:36 集計時点の順位です
1:13,495,497
100:5,224,497
1200:683,837
※10/22（水）23:37 集計時点の順位です
1:13,600,155
100:5,253,668
1200:692,708
※10/22（水）23:38 集計時点の順位です
1:13,888,297
100:5,253,668
1200:695,805
※10/22（水）23:39 集計時点の順位です
1:14,179,239
100:5,337,186
1200:703,914
※10/22（水）23:40 集計時点の順位です
1:14,489,866
100:5,344,871
1200:705,937
※10/22（水）23:41 集計時点の順位です
1:14,825,293
100:5,351,362
1200:709,265
※10/22（水）23:42 集計時点の順位です
1:15,155,860
100:5,351,362
1200:719,474
※10/22（水）23:43 集計時点の順位です
1:15,470,179
100:5,351,362
1200:723,216
※10/22（水）23:44 集計時点の順位です
1:15,763,227
100:5,351,362
1200:725,885
※10/22（水）23:45 集計時点の順位です
1:16,035,126
100:5,383,643
1200:730,356
※10/22（水）23:46 集計時点の順位です
1:16,344,499
100:5,394,049
1200:732,824
※10/22（水）23:47 集計時点の順位です
1:16,655,271
100:5,394,049
1200:738,786
※10/22（水）23:48 集計時点の順位です
1:16,970,216
100:5,456,527
1200:743,436
※10/22（水）23:49 集計時点の順位です
1:17,262,607
100:5,456,527
1200:750,392
※10/22（水）23:50 集計時点の順位です
1:17,595,811
100:5,519,416
1200:761,005
※10/22（水）23:51 集計時点の順位です
1:17,907,961
100:5,519,416
1200:776,136
※10/22（水）23:52 集計時点の順位です
1:18,244,163
100:5,520,395
1200:788,159
※10/22（水）23:53 集計時点の順位です
1:18,560,537
100:5,520,395
1200:799,414
※10/22（水）23:54 集計時点の順位です
1:18,867,907
100:5,562,957
1200:809,217
※10/22（水）23:55 集計時点の順位です
1:18,867,907
100:5,622,611
1200:819,759
※10/22（水）23:56 集計時点の順位です
1:18,867,907
100:5,682,138
1200:827,839
※10/22（水）23:57 集計時点の順位です
1:18,875,648
100:5,699,894
1200:834,895
※10/22（水）23:58 集計時点の順位です
1:18,921,859
100:5,702,258
1200:841,883
※10/22（水）23:59 集計時点の順位です
1:18,939,537
100:5,711,260
1200:848,703
※10/23（木）00:00 集計時点の順位です
1:18,939,537
100:5,711,260
1200:848,703
※10/23（木）00:01 集計時点の順位です
1:18,939,537
100:5,711,260
1200:848,703
※10/23（木）00:02 集計時点の順位です
1:18,939,537
100:5,711,260
1200:848,703
※10/23（木）00:03 集計時点の順位です
1:18,939,537
100:5,711,260
1200:848,703
※10/23（木）00:04 集計時点の順位です
1:18,939,537
100:5,711,260
1200:848,703
※10/23（木）11:59 集計時点の順位です
1:18,939,537
100:5,711,260
1200:848,703
※10/23（木）12:00 集計時点の順位です
1:18,939,537
100:5,711,260
1200:848,703
※10/23（木）12:01 集計時点の順位です
1:18,939,537
100:5,711,260
1200:848,993
※10/23（木）12:02 集計時点の順位です
1:18,939,537
100:5,717,808
1200:849,237
※10/23（木）12:03 集計時点の順位です
1:18,939,537
100:5,719,570
1200:849,987
※10/23（木）12:04 集計時点の順位です
1:18,939,537
100:5,719,570
1200:853,422
※10/23（木）12:05 集計時点の順位です
1:18,939,537
100:5,719,570
1200:853,422
※10/23（木）12:06 集計時点の順位です
1:18,939,537
100:5,729,907
1200:853,473
※10/23（木）12:07 集計時点の順位です
1:18,939,537
100:5,754,409
1200:853,473
※10/23（木）12:08 集計時点の順位です
1:18,939,537
100:5,754,409
1200:855,099
※10/23（木）12:09 集計時点の順位です
1:18,939,537
100:5,754,409
1200:855,601
※10/23（木）12:10 集計時点の順位です
1:18,939,537
100:5,754,409
1200:857,435
※10/23（木）12:11 集計時点の順位です
1:18,939,537
100:5,754,409
1200:859,775
※10/23（木）12:12 集計時点の順位です
1:18,939,537
100:5,754,409
1200:859,775
※10/23（木）12:13 集計時点の順位です
1:18,939,537
100:5,754,409
1200:859,775
※10/23（木）12:14 集計時点の順位です
1:18,939,537
100:5,754,409
1200:861,395
※10/23（木）12:15 集計時点の順位です
1:18,939,537
100:5,754,409
1200:862,822
※10/23（木）12:16 集計時点の順位です
1:18,939,537
100:5,754,409
1200:864,811
※10/23（木）12:17 集計時点の順位です
1:18,939,537
100:5,754,409
1200:866,340
※10/23（木）12:18 集計時点の順位です
1:18,939,537
100:5,754,409
1200:872,148
※10/23（木）12:19 集計時点の順位です
1:18,939,537
100:5,754,409
1200:872,909
※10/23（木）12:20 集計時点の順位です
1:18,939,537
100:5,759,101
1200:875,181
※10/23（木）12:21 集計時点の順位です
1:18,939,537
100:5,759,101
1200:880,316
※10/23（木）12:22 集計時点の順位です
1:18,939,537
100:5,766,526
1200:881,030
※10/23（木）12:23 集計時点の順位です
1:18,939,537
100:5,766,526
1200:882,408
※10/23（木）12:24 集計時点の順位です
1:18,939,537
100:5,781,905
1200:889,157
※10/23（木）12:25 集計時点の順位です
1:18,939,537
100:5,798,890
1200:890,936
※10/23（木）12:26 集計時点の順位です
1:18,939,537
100:5,813,482
1200:897,500
※10/23（木）12:27 集計時点の順位です
1:18,939,537
100:5,813,482
1200:902,282
※10/23（木）12:28 集計時点の順位です
1:18,939,537
100:5,813,482
1200:904,435
※10/23（木）12:29 集計時点の順位です
1:18,939,537
100:5,813,482
1200:908,595
※10/23（木）12:30 集計時点の順位です
1:18,939,537
100:5,813,482
1200:912,053
※10/23（木）12:31 集計時点の順位です
1:18,939,537
100:5,813,482
1200:914,578
※10/23（木）12:32 集計時点の順位です
1:18,939,537
100:5,813,482
1200:917,409
※10/23（木）12:33 集計時点の順位です
1:18,939,537
100:5,813,482
1200:921,033
※10/23（木）12:34 集計時点の順位です
1:18,939,537
100:5,813,482
1200:923,315
※10/23（木）12:35 集計時点の順位です
1:18,939,537
100:5,813,482
1200:926,385
※10/23（木）12:36 集計時点の順位です
1:18,939,537
100:5,813,482
1200:929,790
※10/23（木）12:37 集計時点の順位です
1:18,939,537
100:5,813,482
1200:932,538
※10/23（木）12:38 集計時点の順位です
1:18,939,537
100:5,813,482
1200:935,014
※10/23（木）12:39 集計時点の順位です
1:18,939,537
100:5,866,279
1200:936,841
※10/23（木）12:40 集計時点の順位です
1:18,939,537
100:5,866,279
1200:942,365
※10/23（木）12:41 集計時点の順位です
1:18,939,537
100:5,866,279
1200:945,974
※10/23（木）12:42 集計時点の順位です
1:18,939,537
100:5,866,279
1200:949,873
※10/23（木）12:43 集計時点の順位です
1:18,939,537
100:5,866,279
1200:954,054
※10/23（木）12:44 集計時点の順位です
1:18,939,537
100:5,866,279
1200:960,534
※10/23（木）12:45 集計時点の順位です
1:18,939,537
100:5,874,849
1200:964,796
※10/23（木）12:46 集計時点の順位です
1:18,939,537
100:5,888,333
1200:965,720
※10/23（木）12:47 集計時点の順位です
1:18,939,537
100:5,888,333
1200:974,321
※10/23（木）12:48 集計時点の順位です
1:18,939,537
100:5,898,853
1200:976,143
※10/23（木）12:49 集計時点の順位です
1:18,939,537
100:5,920,286
1200:978,625
※10/23（木）12:50 集計時点の順位です
1:18,939,537
100:5,932,778
1200:981,830
※10/23（木）12:51 集計時点の順位です
1:18,939,537
100:5,943,024
1200:985,006
※10/23（木）12:52 集計時点の順位です
1:18,939,537
100:5,957,754
1200:985,006
※10/23（木）12:53 集計時点の順位です
1:18,939,537
100:5,975,019
1200:990,868
※10/23（木）12:54 集計時点の順位です
1:18,939,537
100:5,982,827
1200:998,736
※10/23（木）12:55 集計時点の順位です
1:18,939,537
100:5,986,028
1200:1,000,234
※10/23（木）12:56 集計時点の順位です
1:18,939,537
100:5,993,580
1200:1,000,377
※10/23（木）12:57 集計時点の順位です
1:18,939,537
100:5,998,400
1200:1,002,041
※10/23（木）12:58 集計時点の順位です
1:18,939,537
100:6,001,998
1200:1,003,079
※10/23（木）12:59 集計時点の順位です
1:18,939,537
100:6,001,998
1200:1,003,079
※10/23（木）13:00 集計時点の順位です
1:18,939,537
100:6,001,998
1200:1,003,079
※10/23（木）13:01 集計時点の順位です
1:18,939,537
100:6,001,998
1200:1,003,079
※10/23（木）13:02 集計時点の順位です
1:18,939,537
100:6,001,998
1200:1,003,079
※10/23（木）13:03 集計時点の順位です
1:18,939,537
100:6,001,998
1200:1,003,079
※10/23（木）13:04 集計時点の順位です
1:18,939,537
100:6,001,998
1200:1,003,079
※10/23（木）16:59 集計時点の順位です
1:18,939,537
100:6,001,998
1200:1,003,079
※10/23（木）17:00 集計時点の順位です
1:18,939,537
100:6,001,998
1200:1,003,079
※10/23（木）17:01 集計時点の順位です
1:18,939,537
100:6,001,998
1200:1,003,079
※10/23（木）17:02 集計時点の順位です
1:18,939,537
100:6,001,998
1200:1,003,138
※10/23（木）17:03 集計時点の順位です
1:18,939,537
100:6,003,461
1200:1,003,138
※10/23（木）17:04 集計時点の順位です
1:18,939,537
100:6,005,416
1200:1,003,138
※10/23（木）17:05 集計時点の順位です
1:18,939,537
100:6,005,416
1200:1,003,138
※10/23（木）17:06 集計時点の順位です
1:18,939,537
100:6,005,416
1200:1,003,310
※10/23（木）17:07 集計時点の順位です
1:18,939,537
100:6,005,416
1200:1,003,310
※10/23（木）17:08 集計時点の順位です
1:18,939,537
100:6,009,558
1200:1,006,352
※10/23（木）17:09 集計時点の順位です
1:18,939,537
100:6,012,959
1200:1,006,352
※10/23（木）17:10 集計時点の順位です
1:18,939,537
100:6,013,623
1200:1,007,573
※10/23（木）17:11 集計時点の順位です
1:18,939,537
100:6,013,623
1200:1,008,617
※10/23（木）17:12 集計時点の順位です
1:18,939,537
100:6,013,623
1200:1,010,213
※10/23（木）17:13 集計時点の順位です
1:18,939,537
100:6,013,623
1200:1,011,252
※10/23（木）17:14 集計時点の順位です
1:18,939,537
100:6,013,623
1200:1,011,795
※10/23（木）17:15 集計時点の順位です
1:18,939,537
100:6,013,623
1200:1,012,277
※10/23（木）17:16 集計時点の順位です
1:18,939,537
100:6,013,623
1200:1,012,330
※10/23（木）17:17 集計時点の順位です
1:18,939,537
100:6,013,623
1200:1,014,251
※10/23（木）17:18 集計時点の順位です
1:18,939,537
100:6,013,623
1200:1,015,036
※10/23（木）17:19 集計時点の順位です
1:18,939,537
100:6,013,623
1200:1,015,525
※10/23（木）17:20 集計時点の順位です
1:18,939,537
100:6,013,623
1200:1,015,955
※10/23（木）17:21 集計時点の順位です
1:18,939,537
100:6,013,623
1200:1,020,007
※10/23（木）17:22 集計時点の順位です
1:18,939,537
100:6,013,623
1200:1,022,497
※10/23（木）17:23 集計時点の順位です
1:18,939,537
100:6,013,623
1200:1,022,822
※10/23（木）17:24 集計時点の順位です
1:18,939,537
100:6,013,623
1200:1,022,822
※10/23（木）17:25 集計時点の順位です
1:18,939,537
100:6,013,623
1200:1,025,263
※10/23（木）17:26 集計時点の順位です
1:18,939,537
100:6,013,623
1200:1,029,044
※10/23（木）17:27 集計時点の順位です
1:18,939,537
100:6,013,623
1200:1,029,044
※10/23（木）17:28 集計時点の順位です
1:18,939,537
100:6,013,623
1200:1,030,863
※10/23（木）17:29 集計時点の順位です
1:18,939,537
100:6,013,623
1200:1,032,220
※10/23（木）17:30 集計時点の順位です
1:18,939,537
100:6,013,623
1200:1,032,220
※10/23（木）17:31 集計時点の順位です
1:18,939,537
100:6,016,135
1200:1,033,333
※10/23（木）17:32 集計時点の順位です
1:18,939,537
100:6,016,135
1200:1,034,607
※10/23（木）17:33 集計時点の順位です
1:18,939,537
100:6,016,135
1200:1,036,614
※10/23（木）17:34 集計時点の順位です
1:18,939,537
100:6,016,135
1200:1,040,390
※10/23（木）17:35 集計時点の順位です
1:18,939,537
100:6,016,135
1200:1,042,594
※10/23（木）17:36 集計時点の順位です
1:18,939,537
100:6,016,135
1200:1,042,594
※10/23（木）17:37 集計時点の順位です
1:18,939,537
100:6,016,135
1200:1,044,030
※10/23（木）17:38 集計時点の順位です
1:18,939,537
100:6,016,135
1200:1,044,399
※10/23（木）17:39 集計時点の順位です
1:18,939,537
100:6,016,135
1200:1,045,701
※10/23（木）17:40 集計時点の順位です
1:18,939,537
100:6,016,135
1200:1,048,453
※10/23（木）17:41 集計時点の順位です
1:18,939,537
100:6,016,135
1200:1,049,789
※10/23（木）17:42 集計時点の順位です
1:18,939,537
100:6,016,135
1200:1,049,789
※10/23（木）17:43 集計時点の順位です
1:18,939,537
100:6,016,135
1200:1,051,155
※10/23（木）17:44 集計時点の順位です
1:18,939,537
100:6,043,889
1200:1,051,155
※10/23（木）17:45 集計時点の順位です
1:18,939,537
100:6,043,889
1200:1,052,789
※10/23（木）17:46 集計時点の順位です
1:18,939,537
100:6,075,224
1200:1,057,725
※10/23（木）17:47 集計時点の順位です
1:18,939,537
100:6,075,224
1200:1,058,745
※10/23（木）17:48 集計時点の順位です
1:18,939,537
100:6,075,224
1200:1,060,484
※10/23（木）17:49 集計時点の順位です
1:18,939,537
100:6,075,224
1200:1,061,098
※10/23（木）17:50 集計時点の順位です
1:18,939,537
100:6,075,224
1200:1,061,098
※10/23（木）17:51 集計時点の順位です
1:18,939,537
100:6,075,224
1200:1,061,098
※10/23（木）17:52 集計時点の順位です
1:18,939,537
100:6,075,224
1200:1,061,170
※10/23（木）17:53 集計時点の順位です
1:18,939,537
100:6,075,224
1200:1,061,170
※10/23（木）17:54 集計時点の順位です
1:18,939,537
100:6,075,224
1200:1,061,939
※10/23（木）17:55 集計時点の順位です
1:18,947,134
100:6,075,224
1200:1,061,939
※10/23（木）17:56 集計時点の順位です
1:18,967,187
100:6,075,224
1200:1,065,673
※10/23（木）17:57 集計時点の順位です
1:18,974,796
100:6,075,224
1200:1,065,673
※10/23（木）17:58 集計時点の順位です
1:18,987,365
100:6,121,206
1200:1,069,461
※10/23（木）17:59 集計時点の順位です
1:19,007,562
100:6,121,206
1200:1,072,841
※10/23（木）18:00 集計時点の順位です
1:19,030,282
100:6,121,206
1200:1,075,036
※10/23（木）18:01 集計時点の順位です
1:19,052,907
100:6,121,206
1200:1,078,410
※10/23（木）18:02 集計時点の順位です
1:19,073,082
100:6,121,206
1200:1,080,861
※10/23（木）18:03 集計時点の順位です
1:19,088,226
100:6,121,206
1200:1,080,861
※10/23（木）18:04 集計時点の順位です
1:19,095,840
100:6,121,206
1200:1,081,328
※10/23（木）18:05 集計時点の順位です
1:19,113,510
100:6,121,206
1200:1,081,480
※10/23（木）18:06 集計時点の順位です
1:19,123,627
100:6,121,206
1200:1,085,389
※10/23（木）18:07 集計時点の順位です
1:19,128,694
100:6,135,563
1200:1,086,386
※10/23（木）18:08 集計時点の順位です
1:19,133,705
100:6,173,868
1200:1,086,386
※10/23（木）18:09 集計時点の順位です
1:19,141,324
100:6,176,929
1200:1,086,386
※10/23（木）18:10 集計時点の順位です
1:19,148,831
100:6,176,929
1200:1,088,994
※10/23（木）18:11 集計時点の順位です
1:19,151,379
100:6,176,929
1200:1,088,994
※10/23（木）18:12 集計時点の順位です
1:19,176,592
100:6,179,884
1200:1,088,994
※10/23（木）18:13 集計時点の順位です
1:19,194,249
100:6,179,884
1200:1,090,295
※10/23（木）18:14 集計時点の順位です
1:19,219,493
100:6,179,884
1200:1,091,957
※10/23（木）18:15 集計時点の順位です
1:19,244,752
100:6,179,884
1200:1,094,884
※10/23（木）18:16 集計時点の順位です
1:19,265,093
100:6,179,884
1200:1,094,884
※10/23（木）18:17 集計時点の順位です
1:19,295,165
100:6,179,884
1200:1,096,574
※10/23（木）18:18 集計時点の順位です
1:19,322,766
100:6,179,884
1200:1,096,574
※10/23（木）18:19 集計時点の順位です
1:19,342,873
100:6,179,884
1200:1,096,574
※10/23（木）18:20 集計時点の順位です
1:19,372,670
100:6,179,884
1200:1,096,574
※10/23（木）18:21 集計時点の順位です
1:19,400,411
100:6,204,475
1200:1,097,476
※10/23（木）18:22 集計時点の順位です
1:19,415,428
100:6,212,293
1200:1,097,476
※10/23（木）18:23 集計時点の順位です
1:19,438,173
100:6,212,293
1200:1,097,476
※10/23（木）18:24 集計時点の順位です
1:19,453,628
100:6,212,293
1200:1,097,476
※10/23（木）18:25 集計時点の順位です
1:19,466,046
100:6,212,293
1200:1,097,749
※10/23（木）18:26 集計時点の順位です
1:19,478,694
100:6,212,293
1200:1,101,075
※10/23（木）18:27 集計時点の順位です
1:19,481,233
100:6,212,293
1200:1,101,075
※10/23（木）18:28 集計時点の順位です
1:19,496,273
100:6,212,293
1200:1,103,644
※10/23（木）18:29 集計時点の順位です
1:19,518,903
100:6,212,293
1200:1,105,684
※10/23（木）18:30 集計時点の順位です
1:19,533,923
100:6,212,293
1200:1,105,923
※10/23（木）18:31 集計時点の順位です
1:19,559,208
100:6,212,293
1200:1,109,639
※10/23（木）18:32 集計時点の順位です
1:19,571,831
100:6,223,767
1200:1,110,398
※10/23（木）18:33 集計時点の順位です
1:19,589,433
100:6,253,825
1200:1,111,710
※10/23（木）18:34 集計時点の順位です
1:19,619,686
100:6,261,059
1200:1,114,166
※10/23（木）18:35 集計時点の順位です
1:19,644,935
100:6,261,059
1200:1,114,166
※10/23（木）18:36 集計時点の順位です
1:19,672,667
100:6,261,059
1200:1,114,878
※10/23（木）18:37 集計時点の順位です
1:19,697,860
100:6,261,059
1200:1,114,878
※10/23（木）18:38 集計時点の順位です
1:19,720,517
100:6,261,059
1200:1,116,900
※10/23（木）18:39 集計時点の順位です
1:19,743,072
100:6,261,059
1200:1,120,560
※10/23（木）18:40 集計時点の順位です
1:19,760,824
100:6,261,059
1200:1,122,034
※10/23（木）18:41 集計時点の順位です
1:19,781,106
100:6,261,059
1200:1,122,034
※10/23（木）18:42 集計時点の順位です
1:19,803,912
100:6,261,059
1200:1,122,034
※10/23（木）18:43 集計時点の順位です
1:19,823,903
100:6,261,059
1200:1,122,034
※10/23（木）18:44 集計時点の順位です
1:19,831,521
100:6,261,059
1200:1,122,167
※10/23（木）18:45 集計時点の順位です
1:19,841,579
100:6,261,059
1200:1,125,586
※10/23（木）18:46 集計時点の順位です
1:19,841,579
100:6,261,059
1200:1,128,102
※10/23（木）18:47 集計時点の順位です
1:19,841,579
100:6,261,059
1200:1,133,403
※10/23（木）18:48 集計時点の順位です
1:19,841,579
100:6,261,059
1200:1,133,797
※10/23（木）18:49 集計時点の順位です
1:19,841,579
100:6,266,419
1200:1,139,088
※10/23（木）18:50 集計時点の順位です
1:19,841,579
100:6,266,419
1200:1,147,485
※10/23（木）18:51 集計時点の順位です
1:19,841,579
100:6,277,202
1200:1,149,748
※10/23（木）18:52 集計時点の順位です
1:19,841,579
100:6,329,932
1200:1,150,729
※10/23（木）18:53 集計時点の順位です
1:19,841,579
100:6,346,953
1200:1,153,926
※10/23（木）18:54 集計時点の順位です
1:19,841,579
100:6,346,953
1200:1,154,192
※10/23（木）18:55 集計時点の順位です
1:19,841,579
100:6,346,953
1200:1,155,154
※10/23（木）18:56 集計時点の順位です
1:19,848,147
100:6,346,953
1200:1,157,892
※10/23（木）18:57 集計時点の順位です
1:19,887,180
100:6,346,953
1200:1,160,572
※10/23（木）18:58 集計時点の順位です
1:19,926,205
100:6,346,953
1200:1,165,085
※10/23（木）18:59 集計時点の順位です
1:19,957,219
100:6,346,953
1200:1,169,778
※10/23（木）19:00 集計時点の順位です
1:19,957,219
100:6,346,953
1200:1,169,778
※10/23（木）19:01 集計時点の順位です
1:19,957,219
100:6,346,953
1200:1,169,778
※10/23（木）19:02 集計時点の順位です
1:19,957,219
100:6,346,953
1200:1,169,778
※10/23（木）19:03 集計時点の順位です
1:19,957,219
100:6,346,953
1200:1,169,778
※10/23（木）19:04 集計時点の順位です
1:19,957,219
100:6,346,953
1200:1,169,778
※10/23（木）21:59 集計時点の順位です
1:19,958,659
100:6,346,953
1200:1,169,778
※10/23（木）22:00 集計時点の順位です
1:19,971,336
100:6,346,953
1200:1,171,854
※10/23（木）22:01 集計時点の順位です
1:19,991,813
100:6,346,953
1200:1,172,135
※10/23（木）22:02 集計時点の順位です
1:20,017,764
100:6,346,953
1200:1,173,016
※10/23（木）22:03 集計時点の順位です
1:20,063,413
100:6,346,953
1200:1,175,339
※10/23（木）22:04 集計時点の順位です
1:20,110,127
100:6,346,953
1200:1,175,395
※10/23（木）22:05 集計時点の順位です
1:20,146,296
100:6,346,953
1200:1,175,395
※10/23（木）22:06 集計時点の順位です
1:20,185,154
100:6,346,953
1200:1,179,771
※10/23（木）22:07 集計時点の順位です
1:20,226,477
100:6,346,953
1200:1,179,868
※10/23（木）22:08 集計時点の順位です
1:20,252,054
100:6,346,953
1200:1,183,079
※10/23（木）22:09 集計時点の順位です
1:20,290,675
100:6,346,953
1200:1,189,391
※10/23（木）22:10 集計時点の順位です
1:20,324,437
100:6,346,953
1200:1,193,642
※10/23（木）22:11 集計時点の順位です
1:20,366,015
100:6,346,953
1200:1,200,965
※10/23（木）22:12 集計時点の順位です
1:20,401,947
100:6,346,953
1200:1,203,360
※10/23（木）22:13 集計時点の順位です
1:20,438,252
100:6,352,204
1200:1,211,457
※10/23（木）22:14 集計時点の順位です
1:20,468,997
100:6,437,129
1200:1,216,220
※10/23（木）22:15 集計時点の順位です
1:20,494,796
100:6,443,565
1200:1,219,887
※10/23（木）22:16 集計時点の順位です
1:20,538,858
100:6,443,565
1200:1,223,292
※10/23（木）22:17 集計時点の順位です
1:20,567,410
100:6,443,565
1200:1,230,048
※10/23（木）22:18 集計時点の順位です
1:20,609,009
100:6,461,057
1200:1,231,767
※10/23（木）22:19 集計時点の順位です
1:20,647,662
100:6,487,993
1200:1,233,533
※10/23（木）22:20 集計時点の順位です
1:20,681,117
100:6,498,223
1200:1,236,205
※10/23（木）22:21 集計時点の順位です
1:20,719,612
100:6,508,754
1200:1,241,063
※10/23（木）22:22 集計時点の順位です
1:20,755,613
100:6,508,754
1200:1,245,593
※10/23（木）22:23 集計時点の順位です
1:20,794,798
100:6,514,142
1200:1,252,695
※10/23（木）22:24 集計時点の順位です
1:20,823,382
100:6,521,508
1200:1,263,219
※10/23（木）22:25 集計時点の順位です
1:20,838,916
100:6,527,313
1200:1,272,405
※10/23（木）22:26 集計時点の順位です
1:20,865,804
100:6,527,313
1200:1,285,308
※10/23（木）22:27 集計時点の順位です
1:20,901,890
100:6,531,877
1200:1,286,002
※10/23（木）22:28 集計時点の順位です
1:20,919,616
100:6,547,260
1200:1,293,759
※10/23（木）22:29 集計時点の順位です
1:20,965,756
100:6,557,551
1200:1,300,813
※10/23（木）22:30 集計時点の順位です
1:21,270,077
100:6,633,435
1200:1,308,966
※10/23（木）22:31 集計時点の順位です
1:21,654,335
100:6,671,297
1200:1,316,231
※10/23（木）22:32 集計時点の順位です
1:22,016,653
100:6,766,513
1200:1,321,279
※10/23（木）22:33 集計時点の順位です
1:22,359,779
100:6,908,831
1200:1,328,888
※10/23（木）22:34 集計時点の順位です
1:22,746,302
100:7,044,865
1200:1,333,554
※10/23（木）22:35 集計時点の順位です
1:23,111,209
100:7,137,187
1200:1,336,997
※10/23（木）22:36 集計時点の順位です
1:23,468,964
100:7,182,324
1200:1,338,149
※10/23（木）22:37 集計時点の順位です
1:23,806,035
100:7,185,266
1200:1,344,340
※10/23（木）22:38 集計時点の順位です
1:24,106,209
100:7,265,588
1200:1,348,800
※10/23（木）22:39 集計時点の順位です
1:24,428,047
100:7,404,163
1200:1,355,451
※10/23（木）22:40 集計時点の順位です
1:24,450,350
100:7,417,878
1200:1,356,653
※10/23（木）22:41 集計時点の順位です
1:24,478,704
100:7,417,878
1200:1,359,530
※10/23（木）22:42 集計時点の順位です
1:24,509,918
100:7,417,878
1200:1,361,658
※10/23（木）22:43 集計時点の順位です
1:24,548,932
100:7,417,878
1200:1,363,277
※10/23（木）22:44 集計時点の順位です
1:24,595,415
100:7,417,878
1200:1,363,976
※10/23（木）22:45 集計時点の順位です
1:24,631,807
100:7,417,878
1200:1,364,166
※10/23（木）22:46 集計時点の順位です
1:24,677,876
100:7,429,928
1200:1,366,965
※10/23（木）22:47 集計時点の順位です
1:24,716,840
100:7,452,654
1200:1,372,334
※10/23（木）22:48 集計時点の順位です
1:24,748,114
100:7,475,155
1200:1,380,530
※10/23（木）22:49 集計時点の順位です
1:24,781,392
100:7,475,155
1200:1,383,878
※10/23（木）22:50 集計時点の順位です
1:24,809,931
100:7,475,155
1200:1,385,428
※10/23（木）22:51 集計時点の順位です
1:24,846,333
100:7,475,155
1200:1,387,145
※10/23（木）22:52 集計時点の順位です
1:24,882,696
100:7,477,702
1200:1,394,381
※10/23（木）22:53 集計時点の順位です
1:24,918,506
100:7,477,702
1200:1,398,725
※10/23（木）22:54 集計時点の順位です
1:24,952,304
100:7,477,702
1200:1,400,389
※10/23（木）22:55 集計時点の順位です
1:24,980,508
100:7,477,702
1200:1,408,052
※10/23（木）22:56 集計時点の順位です
1:25,008,957
100:7,477,702
1200:1,410,530
※10/23（木）22:57 集計時点の順位です
1:25,014,144
100:7,477,702
1200:1,413,518
※10/23（木）22:58 集計時点の順位です
1:25,021,914
100:7,477,702
1200:1,417,679
※10/23（木）22:59 集計時点の順位です
1:25,055,256
100:7,477,702
1200:1,420,386
※10/23（木）23:00 集計時点の順位です
1:25,086,140
100:7,477,702
1200:1,428,087
※10/23（木）23:01 集計時点の順位です
1:25,114,223
100:7,477,702
1200:1,442,523
※10/23（木）23:02 集計時点の順位です
1:25,150,575
100:7,667,561
1200:1,453,919
※10/23（木）23:03 集計時点の順位です
1:25,194,322
100:7,674,851
1200:1,460,868
※10/23（木）23:04 集計時点の順位です
1:25,235,994
100:7,694,530
1200:1,468,635
※10/23（木）23:05 集計時点の順位です
1:25,264,691
100:7,710,491
1200:1,472,551
※10/23（木）23:06 集計時点の順位です
1:25,306,171
100:7,817,723
1200:1,478,824
※10/23（木）23:07 集計時点の順位です
1:25,342,627
100:7,822,148
1200:1,480,828
※10/23（木）23:08 集計時点の順位です
1:25,495,701
100:7,824,750
1200:1,482,946
※10/23（木）23:09 集計時点の順位です
1:25,786,035
100:7,967,004
1200:1,493,564
※10/23（木）23:10 集計時点の順位です
1:25,808,438
100:7,986,238
1200:1,505,314
※10/23（木）23:11 集計時点の順位です
1:25,853,134
100:7,986,238
1200:1,507,948
※10/23（木）23:12 集計時点の順位です
1:25,858,054
100:8,035,884
1200:1,510,001
※10/23（木）23:13 集計時点の順位です
1:25,865,567
100:8,055,638
1200:1,514,728
※10/23（木）23:14 集計時点の順位です
1:25,870,645
100:8,083,601
1200:1,517,978
※10/23（木）23:15 集計時点の順位です
1:25,878,034
100:8,089,190
1200:1,522,308
※10/23（木）23:16 集計時点の順位です
1:25,885,426
100:8,089,190
1200:1,530,700
※10/23（木）23:17 集計時点の順位です
1:25,885,426
100:8,111,793
1200:1,541,568
※10/23（木）23:18 集計時点の順位です
1:25,887,968
100:8,116,717
1200:1,556,976
※10/23（木）23:19 集計時点の順位です
1:25,895,558
100:8,121,694
1200:1,558,272
※10/23（木）23:20 集計時点の順位です
1:25,900,524
100:8,137,333
1200:1,561,422
※10/23（木）23:21 集計時点の順位です
1:25,915,437
100:8,143,791
1200:1,564,646
※10/23（木）23:22 集計時点の順位です
1:25,920,285
100:8,148,941
1200:1,567,214
※10/23（木）23:23 集計時点の順位です
1:25,937,780
100:8,160,411
1200:1,572,407
※10/23（木）23:24 集計時点の順位です
1:25,966,653
100:8,165,460
1200:1,578,169
※10/23（木）23:25 集計時点の順位です
1:25,997,787
100:8,173,712
1200:1,583,235
※10/23（木）23:26 集計時点の順位です
1:26,029,020
100:8,175,937
1200:1,589,480
※10/23（木）23:27 集計時点の順位です
1:26,057,502
100:8,183,334
1200:1,592,389
※10/23（木）23:28 集計時点の順位です
1:26,088,573
100:8,195,570
1200:1,598,555
※10/23（木）23:29 集計時点の順位です
1:26,127,703
100:8,203,181
1200:1,602,635
※10/23（木）23:30 集計時点の順位です
1:26,161,508
100:8,203,181
1200:1,610,909
※10/23（木）23:31 集計時点の順位です
1:26,200,578
100:8,271,501
1200:1,616,228
※10/23（木）23:32 集計時点の順位です
1:26,239,761
100:8,327,757
1200:1,629,428
※10/23（木）23:33 集計時点の順位です
1:26,273,341
100:8,336,236
1200:1,634,978
※10/23（木）23:34 集計時点の順位です
1:26,312,114
100:8,377,285
1200:1,645,577
※10/23（木）23:35 集計時点の順位です
1:26,340,327
100:8,387,930
1200:1,648,752
※10/23（木）23:36 集計時点の順位です
1:26,379,556
100:8,418,208
1200:1,664,182
※10/23（木）23:37 集計時点の順位です
1:26,415,472
100:8,418,208
1200:1,667,082
※10/23（木）23:38 集計時点の順位です
1:26,446,441
100:8,480,120
1200:1,673,647
※10/23（木）23:39 集計時点の順位です
1:26,487,461
100:8,480,120
1200:1,674,279
※10/23（木）23:40 集計時点の順位です
1:26,523,948
100:8,480,120
1200:1,676,428
※10/23（木）23:41 集計時点の順位です
1:26,565,417
100:8,480,120
1200:1,682,715
※10/23（木）23:42 集計時点の順位です
1:26,598,917
100:8,480,120
1200:1,686,081
※10/23（木）23:43 集計時点の順位です
1:26,636,867
100:8,518,407
1200:1,693,513
※10/23（木）23:44 集計時点の順位です
1:26,667,581
100:8,518,407
1200:1,694,201
※10/23（木）23:45 集計時点の順位です
1:26,987,252
100:8,518,407
1200:1,707,026
※10/23（木）23:46 集計時点の順位です
1:27,414,465
100:8,567,883
1200:1,710,393
※10/23（木）23:47 集計時点の順位です
1:27,800,412
100:8,567,883
1200:1,722,421
※10/23（木）23:48 集計時点の順位です
1:28,186,612
100:8,619,170
1200:1,730,388
※10/23（木）23:49 集計時点の順位です
1:28,615,950
100:8,619,170
1200:1,736,841
※10/23（木）23:50 集計時点の順位です
1:28,935,748
100:8,691,612
1200:1,744,161
※10/23（木）23:51 集計時点の順位です
1:29,320,099
100:8,708,509
1200:1,751,292
※10/23（木）23:52 集計時点の順位です
1:29,706,155
100:8,708,509
1200:1,759,013
※10/23（木）23:53 集計時点の順位です
1:30,049,221
100:8,716,448
1200:1,774,447
※10/23（木）23:54 集計時点の順位です
1:30,435,246
100:8,757,718
1200:1,789,069
※10/23（木）23:55 集計時点の順位です
1:30,508,755
100:8,757,718
1200:1,800,468
※10/23（木）23:56 集計時点の順位です
1:30,552,471
100:8,757,718
1200:1,802,384
※10/23（木）23:57 集計時点の順位です
1:30,586,294
100:8,757,718
1200:1,810,684
※10/23（木）23:58 集計時点の順位です
1:30,930,589
100:8,795,133
1200:1,822,990
※10/23（木）23:59 集計時点の順位です
1:31,229,425
100:8,818,445
1200:1,830,648
※10/24（金）00:00 集計時点の順位です
1:31,229,425
100:8,818,445
1200:1,830,648
※10/24（金）00:01 集計時点の順位です
1:31,229,425
100:8,818,445
1200:1,830,648
※10/24（金）00:02 集計時点の順位です
1:31,229,425
100:8,818,445
1200:1,830,648
※10/24（金）00:03 集計時点の順位です
1:31,229,425
100:8,818,445
1200:1,830,648
※10/24（金）00:04 集計時点の順位です
1:31,229,425
100:8,818,445
1200:1,830,648
※10/24（金）11:59 集計時点の順位です
1:31,229,425
100:8,818,445
1200:1,830,648
※10/24（金）12:00 集計時点の順位です
1:31,234,279
100:8,818,445
1200:1,830,648
※10/24（金）12:01 集計時点の順位です
1:31,273,643
100:8,818,445
1200:1,830,648
※10/24（金）12:02 集計時点の順位です
1:31,327,085
100:8,820,669
1200:1,830,648
※10/24（金）12:03 集計時点の順位です
1:31,379,585
100:8,820,669
1200:1,831,196
※10/24（金）12:04 集計時点の順位です
1:31,437,414
100:8,820,669
1200:1,833,201
※10/24（金）12:05 集計時点の順位です
1:31,485,561
100:8,820,669
1200:1,835,021
※10/24（金）12:06 集計時点の順位です
1:31,543,528
100:8,820,669
1200:1,842,356
※10/24（金）12:07 集計時点の順位です
1:31,596,500
100:8,829,128
1200:1,843,456
※10/24（金）12:08 集計時点の順位です
1:31,654,556
100:8,829,128
1200:1,843,456
※10/24（金）12:09 集計時点の順位です
1:31,712,222
100:8,829,128
1200:1,845,827
※10/24（金）12:10 集計時点の順位です
1:31,769,757
100:8,830,580
1200:1,845,827
※10/24（金）12:11 集計時点の順位です
1:31,820,193
100:8,836,292
1200:1,846,339
※10/24（金）12:12 集計時点の順位です
1:31,880,609
100:8,837,780
1200:1,846,890
※10/24（金）12:13 集計時点の順位です
1:31,938,677
100:8,837,780
1200:1,850,247
※10/24（金）12:14 集計時点の順位です
1:31,996,396
100:8,837,780
1200:1,850,728
※10/24（金）12:15 集計時点の順位です
1:32,053,975
100:8,845,453
1200:1,850,728
※10/24（金）12:16 集計時点の順位です
1:32,109,724
100:8,845,453
1200:1,853,575
※10/24（金）12:17 集計時点の順位です
1:32,167,975
100:8,845,453
1200:1,853,575
※10/24（金）12:18 集計時点の順位です
1:32,225,286
100:8,848,025
1200:1,854,452
※10/24（金）12:19 集計時点の順位です
1:32,283,279
100:8,848,025
1200:1,854,452
※10/24（金）12:20 集計時点の順位です
1:32,338,479
100:8,855,595
1200:1,856,668
※10/24（金）12:21 集計時点の順位です
1:32,396,964
100:8,858,125
1200:1,857,400
※10/24（金）12:22 集計時点の順位です
1:32,422,192
100:8,860,777
1200:1,857,400
※10/24（金）12:23 集計時点の順位です
1:32,452,677
100:8,860,777
1200:1,858,498
※10/24（金）12:24 集計時点の順位です
1:32,487,844
100:8,868,290
1200:1,865,305
※10/24（金）12:25 集計時点の順位です
1:32,515,545
100:8,870,826
1200:1,865,305
※10/24（金）12:26 集計時点の順位です
1:32,545,498
100:8,875,871
1200:1,865,305
※10/24（金）12:27 集計時点の順位です
1:32,578,392
100:8,878,382
1200:1,866,442
※10/24（金）12:28 集計時点の順位です
1:32,611,221
100:8,883,438
1200:1,866,442
※10/24（金）12:29 集計時点の順位です
1:32,641,529
100:8,885,980
1200:1,866,442
※10/24（金）12:30 集計時点の順位です
1:32,671,552
100:8,888,509
1200:1,867,427
※10/24（金）12:31 集計時点の順位です
1:32,704,486
100:8,888,509
1200:1,867,427
※10/24（金）12:32 集計時点の順位です
1:32,737,069
100:8,891,035
1200:1,868,097
※10/24（金）12:33 集計時点の順位です
1:32,786,994
100:8,899,195
1200:1,868,097
※10/24（金）12:34 集計時点の順位です
1:33,192,554
100:8,904,211
1200:1,871,420
※10/24（金）12:35 集計時点の順位です
1:33,574,659
100:8,904,211
1200:1,871,420
※10/24（金）12:36 集計時点の順位です
1:33,961,066
100:8,904,211
1200:1,871,420
※10/24（金）12:37 集計時点の順位です
1:34,178,675
100:8,906,192
1200:1,871,420
※10/24（金）12:38 集計時点の順位です
1:34,393,304
100:8,908,718
1200:1,871,420
※10/24（金）12:39 集計時点の順位です
1:34,610,792
100:8,916,640
1200:1,877,118
※10/24（金）12:40 集計時点の順位です
1:34,663,975
100:8,916,640
1200:1,877,118
※10/24（金）12:41 集計時点の順位です
1:34,682,162
100:8,924,306
1200:1,877,118
※10/24（金）12:42 集計時点の順位です
1:34,700,339
100:8,933,829
1200:1,877,118
※10/24（金）12:43 集計時点の順位です
1:34,723,812
100:8,933,829
1200:1,879,416
※10/24（金）12:44 集計時点の順位です
1:34,741,860
100:8,934,319
1200:1,881,899
※10/24（金）12:45 集計時点の順位です
1:34,767,668
100:8,934,319
1200:1,881,946
※10/24（金）12:46 集計時点の順位です
1:34,791,043
100:8,934,319
1200:1,888,441
※10/24（金）12:47 集計時点の順位です
1:34,814,522
100:8,934,319
1200:1,888,441
※10/24（金）12:48 集計時点の順位です
1:34,837,911
100:8,934,319
1200:1,888,541
※10/24（金）12:49 集計時点の順位です
1:34,856,159
100:8,934,319
1200:1,892,413
※10/24（金）12:50 集計時点の順位です
1:34,890,027
100:8,934,319
1200:1,897,987
※10/24（金）12:51 集計時点の順位です
1:34,929,136
100:8,934,319
1200:1,903,853
※10/24（金）12:52 集計時点の順位です
1:34,931,732
100:8,934,319
1200:1,913,590
※10/24（金）12:53 集計時点の順位です
1:34,962,975
100:8,934,319
1200:1,920,140
※10/24（金）12:54 集計時点の順位です
1:35,007,182
100:8,934,319
1200:1,924,152
※10/24（金）12:55 集計時点の順位です
1:35,033,173
100:8,934,319
1200:1,930,002
※10/24（金）12:56 集計時点の順位です
1:35,080,067
100:8,934,319
1200:1,943,263
※10/24（金）12:57 集計時点の順位です
1:35,126,769
100:8,934,319
1200:1,951,863
※10/24（金）12:58 集計時点の順位です
1:35,165,857
100:8,934,319
1200:1,952,521
※10/24（金）12:59 集計時点の順位です
1:35,165,857
100:8,934,319
1200:1,952,602
※10/24（金）13:00 集計時点の順位です
1:35,165,857
100:8,934,319
1200:1,952,602
※10/24（金）13:01 集計時点の順位です
1:35,165,857
100:8,934,319
1200:1,952,602
※10/24（金）13:02 集計時点の順位です
1:35,165,857
100:8,934,319
1200:1,952,602
※10/24（金）13:03 集計時点の順位です
1:35,165,857
100:8,934,319
1200:1,952,602
※10/24（金）13:04 集計時点の順位です
1:35,165,857
100:8,934,319
1200:1,952,602
※10/24（金）16:59 集計時点の順位です
1:35,165,857
100:8,934,319
1200:1,952,602
※10/24（金）17:00 集計時点の順位です
1:35,165,857
100:8,934,319
1200:1,952,602
※10/24（金）17:01 集計時点の順位です
1:35,165,857
100:8,936,200
1200:1,952,602
※10/24（金）17:02 集計時点の順位です
1:35,165,857
100:8,944,308
1200:1,952,602
※10/24（金）17:03 集計時点の順位です
1:35,165,857
100:8,944,308
1200:1,954,314
※10/24（金）17:04 集計時点の順位です
1:35,165,857
100:8,954,325
1200:1,954,314
※10/24（金）17:05 集計時点の順位です
1:35,165,857
100:8,954,325
1200:1,955,750
※10/24（金）17:06 集計時点の順位です
1:35,165,857
100:8,961,914
1200:1,962,648
※10/24（金）17:07 集計時点の順位です
1:35,165,857
100:8,969,480
1200:1,962,648
※10/24（金）17:08 集計時点の順位です
1:35,165,857
100:8,982,139
1200:1,963,733
※10/24（金）17:09 集計時点の順位です
1:35,165,857
100:8,982,139
1200:1,963,733
※10/24（金）17:10 集計時点の順位です
1:35,165,857
100:8,999,775
1200:1,963,733
※10/24（金）17:11 集計時点の順位です
1:35,165,857
100:9,002,326
1200:1,970,079
※10/24（金）17:12 集計時点の順位です
1:35,165,857
100:9,002,326
1200:1,970,079
※10/24（金）17:13 集計時点の順位です
1:35,165,857
100:9,002,326
1200:1,970,079
※10/24（金）17:14 集計時点の順位です
1:35,165,857
100:9,028,871
1200:1,970,079
※10/24（金）17:15 集計時点の順位です
1:35,165,857
100:9,028,871
1200:1,970,079
※10/24（金）17:16 集計時点の順位です
1:35,165,857
100:9,041,417
1200:1,970,079
※10/24（金）17:17 集計時点の順位です
1:35,165,857
100:9,046,408
1200:1,970,079
※10/24（金）17:18 集計時点の順位です
1:35,165,857
100:9,051,351
1200:1,972,592
※10/24（金）17:19 集計時点の順位です
1:35,165,857
100:9,053,869
1200:1,972,592
※10/24（金）17:20 集計時点の順位です
1:35,165,857
100:9,061,240
1200:1,972,592
※10/24（金）17:21 集計時点の順位です
1:35,165,857
100:9,061,240
1200:1,974,980
※10/24（金）17:22 集計時点の順位です
1:35,165,857
100:9,063,754
1200:1,974,980
※10/24（金）17:23 集計時点の順位です
1:35,165,857
100:9,068,656
1200:1,974,980
※10/24（金）17:24 集計時点の順位です
1:35,165,857
100:9,073,688
1200:1,974,980
※10/24（金）17:25 集計時点の順位です
1:35,165,857
100:9,075,231
1200:1,974,980
※10/24（金）17:26 集計時点の順位です
1:35,220,360
100:9,075,231
1200:1,977,939
※10/24（金）17:27 集計時点の順位です
1:35,278,948
100:9,075,231
1200:1,977,939
※10/24（金）17:28 集計時点の順位です
1:35,332,284
100:9,075,231
1200:1,982,683
※10/24（金）17:29 集計時点の順位です
1:35,393,536
100:9,076,224
1200:1,985,137
※10/24（金）17:30 集計時点の順位です
1:35,452,173
100:9,076,224
1200:1,986,871
※10/24（金）17:31 集計時点の順位です
1:35,510,878
100:9,076,224
1200:1,986,871
※10/24（金）17:32 集計時点の順位です
1:35,566,899
100:9,076,224
1200:1,986,871
※10/24（金）17:33 集計時点の順位です
1:35,625,343
100:9,076,224
1200:1,998,542
※10/24（金）17:34 集計時点の順位です
1:35,683,819
100:9,076,224
1200:1,998,542
※10/24（金）17:35 集計時点の順位です
1:35,734,713
100:9,076,224
1200:1,998,542
※10/24（金）17:36 集計時点の順位です
1:35,790,915
100:9,076,224
1200:1,998,542
※10/24（金）17:37 集計時点の順位です
1:35,846,999
100:9,076,224
1200:1,998,542
※10/24（金）17:38 集計時点の順位です
1:35,905,711
100:9,076,224
1200:1,998,542
※10/24（金）17:39 集計時点の順位です
1:35,961,857
100:9,076,224
1200:1,998,542
※10/24（金）17:40 集計時点の順位です
1:36,017,639
100:9,076,224
1200:1,998,542
※10/24（金）17:41 集計時点の順位です
1:36,076,330
100:9,076,224
1200:2,001,650
※10/24（金）17:42 集計時点の順位です
1:36,134,924
100:9,076,224
1200:2,001,650
※10/24（金）17:43 集計時点の順位です
1:36,190,994
100:9,076,224
1200:2,003,832
※10/24（金）17:44 集計時点の順位です
1:36,249,249
100:9,076,224
1200:2,003,832
※10/24（金）17:45 集計時点の順位です
1:36,305,343
100:9,078,700
1200:2,003,832
※10/24（金）17:46 集計時点の順位です
1:36,364,013
100:9,083,609
1200:2,003,832
※10/24（金）17:47 集計時点の順位です
1:36,422,291
100:9,083,609
1200:2,003,832
※10/24（金）17:48 集計時点の順位です
1:36,480,869
100:9,087,952
1200:2,003,832
※10/24（金）17:49 集計時点の順位です
1:36,539,217
100:9,087,952
1200:2,003,832
※10/24（金）17:50 集計時点の順位です
1:36,597,761
100:9,087,952
1200:2,003,832
※10/24（金）17:51 集計時点の順位です
1:36,654,012
100:9,087,952
1200:2,003,832
※10/24（金）17:52 集計時点の順位です
1:36,707,599
100:9,087,952
1200:2,003,832
※10/24（金）17:53 集計時点の順位です
1:36,763,702
100:9,087,952
1200:2,003,832
※10/24（金）17:54 集計時点の順位です
1:36,822,030
100:9,087,952
1200:2,003,832
※10/24（金）17:55 集計時点の順位です
1:36,875,445
100:9,087,952
1200:2,003,832
※10/24（金）17:56 集計時点の順位です
1:36,934,112
100:9,087,952
1200:2,003,832
※10/24（金）17:57 集計時点の順位です
1:36,992,689
100:9,087,952
1200:2,003,832
※10/24（金）17:58 集計時点の順位です
1:37,025,863
100:9,087,952
1200:2,003,832
※10/24（金）17:59 集計時点の順位です
1:37,082,023
100:9,087,952
1200:2,004,197
※10/24（金）18:00 集計時点の順位です
1:37,138,039
100:9,087,952
1200:2,004,197
※10/24（金）18:01 集計時点の順位です
1:37,191,830
100:9,087,952
1200:2,004,197
※10/24（金）18:02 集計時点の順位です
1:37,245,438
100:9,087,952
1200:2,004,197
※10/24（金）18:03 集計時点の順位です
1:37,299,024
100:9,087,952
1200:2,007,027
※10/24（金）18:04 集計時点の順位です
1:37,355,265
100:9,087,952
1200:2,007,027
※10/24（金）18:05 集計時点の順位です
1:37,408,608
100:9,147,022
1200:2,007,027
※10/24（金）18:06 集計時点の順位です
1:37,467,198
100:9,147,022
1200:2,007,027
※10/24（金）18:07 集計時点の順位です
1:37,523,339
100:9,151,004
1200:2,007,027
※10/24（金）18:08 集計時点の順位です
1:37,579,305
100:9,159,773
1200:2,010,267
※10/24（金）18:09 集計時点の順位です
1:37,633,054
100:9,159,773
1200:2,010,267
※10/24（金）18:10 集計時点の順位です
1:37,689,057
100:9,163,074
1200:2,010,267
※10/24（金）18:11 集計時点の順位です
1:37,747,505
100:9,163,074
1200:2,015,376
※10/24（金）18:12 集計時点の順位です
1:37,802,910
100:9,163,074
1200:2,015,376
※10/24（金）18:13 集計時点の順位です
1:37,858,300
100:9,163,074
1200:2,015,376
※10/24（金）18:14 集計時点の順位です
1:37,916,932
100:9,163,074
1200:2,015,376
※10/24（金）18:15 集計時点の順位です
1:37,972,986
100:9,163,074
1200:2,015,376
※10/24（金）18:16 集計時点の順位です
1:38,031,492
100:9,163,074
1200:2,015,742
※10/24（金）18:17 集計時点の順位です
1:38,087,554
100:9,163,074
1200:2,015,742
※10/24（金）18:18 集計時点の順位です
1:38,138,469
100:9,163,074
1200:2,016,188
※10/24（金）18:19 集計時点の順位です
1:38,197,075
100:9,163,074
1200:2,016,188
※10/24（金）18:20 集計時点の順位です
1:38,250,817
100:9,163,074
1200:2,019,793
※10/24（金）18:21 集計時点の順位です
1:38,309,058
100:9,163,074
1200:2,019,793
※10/24（金）18:22 集計時点の順位です
1:38,367,447
100:9,163,074
1200:2,019,793
※10/24（金）18:23 集計時点の順位です
1:38,423,310
100:9,163,074
1200:2,019,793
※10/24（金）18:24 集計時点の順位です
1:38,481,516
100:9,171,138
1200:2,019,793
※10/24（金）18:25 集計時点の順位です
1:38,532,638
100:9,171,138
1200:2,019,793
※10/24（金）18:26 集計時点の順位です
1:38,588,512
100:9,171,138
1200:2,021,451
※10/24（金）18:27 集計時点の順位です
1:38,647,074
100:9,171,138
1200:2,023,485
※10/24（金）18:28 集計時点の順位です
1:38,702,980
100:9,171,138
1200:2,023,485
※10/24（金）18:29 集計時点の順位です
1:38,758,910
100:9,171,138
1200:2,025,866
※10/24（金）18:30 集計時点の順位です
1:38,812,545
100:9,171,138
1200:2,025,866
※10/24（金）18:31 集計時点の順位です
1:38,871,007
100:9,171,138
1200:2,031,463
※10/24（金）18:32 集計時点の順位です
1:38,929,609
100:9,199,800
1200:2,031,463
※10/24（金）18:33 集計時点の順位です
1:38,985,621
100:9,199,800
1200:2,035,661
※10/24（金）18:34 集計時点の順位です
1:39,046,619
100:9,199,800
1200:2,039,673
※10/24（金）18:35 集計時点の順位です
1:39,100,118
100:9,202,408
1200:2,043,776
※10/24（金）18:36 集計時点の順位です
1:39,153,713
100:9,202,408
1200:2,048,790
※10/24（金）18:37 集計時点の順位です
1:39,212,344
100:9,202,408
1200:2,052,855
※10/24（金）18:38 集計時点の順位です
1:39,265,331
100:9,202,408
1200:2,052,855
※10/24（金）18:39 集計時点の順位です
1:39,323,770
100:9,217,620
1200:2,055,982
※10/24（金）18:40 集計時点の順位です
1:39,379,541
100:9,235,602
1200:2,056,159
※10/24（金）18:41 集計時点の順位です
1:39,437,885
100:9,253,811
1200:2,058,039
※10/24（金）18:42 集計時点の順位です
1:39,491,529
100:9,272,013
1200:2,065,036
※10/24（金）18:43 集計時点の順位です
1:39,550,108
100:9,290,231
1200:2,066,743
※10/24（金）18:44 集計時点の順位です
1:39,608,600
100:9,306,368
1200:2,072,408
※10/24（金）18:45 集計時点の順位です
1:39,659,707
100:9,306,368
1200:2,077,795
※10/24（金）18:46 集計時点の順位です
1:39,718,175
100:9,314,068
1200:2,079,893
※10/24（金）18:47 集計時点の順位です
1:39,773,985
100:9,317,813
1200:2,085,290
※10/24（金）18:48 集計時点の順位です
1:39,829,828
100:9,317,813
1200:2,085,290
※10/24（金）18:49 集計時点の順位です
1:39,890,846
100:9,317,813
1200:2,085,290
※10/24（金）18:50 集計時点の順位です
1:39,941,625
100:9,317,813
1200:2,087,655
※10/24（金）18:51 集計時点の順位です
1:39,997,098
100:9,332,857
1200:2,089,351
※10/24（金）18:52 集計時点の順位です
1:40,053,046
100:9,332,857
1200:2,089,691
※10/24（金）18:53 集計時点の順位です
1:40,111,522
100:9,332,857
1200:2,102,881
※10/24（金）18:54 集計時点の順位です
1:40,170,054
100:9,332,857
1200:2,108,900
※10/24（金）18:55 集計時点の順位です
1:40,225,910
100:9,332,857
1200:2,110,978
※10/24（金）18:56 集計時点の順位です
1:40,281,777
100:9,332,857
1200:2,113,899
※10/24（金）18:57 集計時点の順位です
1:40,340,212
100:9,332,857
1200:2,115,088
※10/24（金）18:58 集計時点の順位です
1:40,393,755
100:9,332,857
1200:2,115,088
※10/24（金）18:59 集計時点の順位です
1:40,446,925
100:9,332,857
1200:2,118,888
※10/24（金）19:00 集計時点の順位です
1:40,446,925
100:9,332,857
1200:2,118,888
※10/24（金）19:01 集計時点の順位です
1:40,446,925
100:9,332,857
1200:2,118,888
※10/24（金）19:02 集計時点の順位です
1:40,446,925
100:9,332,857
1200:2,118,888
※10/24（金）19:03 集計時点の順位です
1:40,446,925
100:9,332,857
1200:2,118,888
※10/24（金）19:04 集計時点の順位です
1:40,446,925
100:9,332,857
1200:2,118,888
※10/24（金）21:59 集計時点の順位です
1:40,446,925
100:9,332,857
1200:2,118,888
※10/24（金）22:00 集計時点の順位です
1:40,452,350
100:9,332,857
1200:2,118,888
※10/24（金）22:01 集計時点の順位です
1:40,500,198
100:9,343,211
1200:2,118,888
※10/24（金）22:02 集計時点の順位です
1:40,542,494
100:9,343,211
1200:2,121,716
※10/24（金）22:03 集計時点の順位です
1:40,582,746
100:9,345,816
1200:2,121,769
※10/24（金）22:04 集計時点の順位です
1:40,633,004
100:9,351,028
1200:2,123,905
※10/24（金）22:05 集計時点の順位です
1:40,688,101
100:9,351,028
1200:2,131,196
※10/24（金）22:06 集計時点の順位です
1:40,743,056
100:9,362,955
1200:2,131,196
※10/24（金）22:07 集計時点の順位です
1:40,768,132
100:9,362,955
1200:2,133,160
※10/24（金）22:08 集計時点の順位です
1:40,805,589
100:9,366,501
1200:2,136,319
※10/24（金）22:09 集計時点の順位です
1:40,867,947
100:9,366,501
1200:2,141,411
※10/24（金）22:10 集計時点の順位です
1:40,921,229
100:9,376,839
1200:2,141,845
※10/24（金）22:11 集計時点の順位です
1:40,981,308
100:9,399,222
1200:2,148,313
※10/24（金）22:12 集計時点の順位です
1:41,196,274
100:9,401,923
1200:2,155,749
※10/24（金）22:13 集計時点の順位です
1:41,204,031
100:9,401,923
1200:2,160,991
※10/24（金）22:14 集計時点の順位です
1:41,227,255
100:9,414,823
1200:2,163,105
※10/24（金）22:15 集計時点の順位です
1:41,253,183
100:9,533,452
1200:2,163,105
※10/24（金）22:16 集計時点の順位です
1:41,284,399
100:9,658,548
1200:2,169,606
※10/24（金）22:17 集計時点の順位です
1:41,324,335
100:9,658,548
1200:2,174,759
※10/24（金）22:18 集計時点の順位です
1:41,383,797
100:9,658,548
1200:2,185,633
※10/24（金）22:19 集計時点の順位です
1:41,441,405
100:9,727,418
1200:2,187,954
※10/24（金）22:20 集計時点の順位です
1:41,501,831
100:9,727,418
1200:2,190,363
※10/24（金）22:21 集計時点の順位です
1:41,559,171
100:9,727,418
1200:2,191,532
※10/24（金）22:22 集計時点の順位です
1:41,616,814
100:9,727,418
1200:2,208,423
※10/24（金）22:23 集計時点の順位です
1:41,672,319
100:9,727,418
1200:2,213,661
※10/24（金）22:24 集計時点の順位です
1:41,722,502
100:9,727,418
1200:2,216,896
※10/24（金）22:25 集計時点の順位です
1:41,787,180
100:9,727,418
1200:2,219,518
※10/24（金）22:26 集計時点の順位です
1:41,854,751
100:9,727,418
1200:2,229,485
※10/24（金）22:27 集計時点の順位です
1:41,917,840
100:9,727,418
1200:2,233,390
※10/24（金）22:28 集計時点の順位です
1:41,980,667
100:9,727,418
1200:2,238,345
※10/24（金）22:29 集計時点の順位です
1:42,043,956
100:9,738,999
1200:2,244,362
※10/24（金）22:30 集計時点の順位です
1:42,667,364
100:9,787,810
1200:2,252,772
※10/24（金）22:31 集計時点の順位です
1:43,313,637
100:9,790,430
1200:2,262,104
※10/24（金）22:32 集計時点の順位です
1:43,983,278
100:9,790,430
1200:2,269,619
※10/24（金）22:33 集計時点の順位です
1:44,650,171
100:9,798,146
1200:2,279,187
※10/24（金）22:34 集計時点の順位です
1:45,357,319
100:9,976,423
1200:2,280,388
※10/24（金）22:35 集計時点の順位です
1:45,982,666
100:9,995,537
1200:2,286,897
※10/24（金）22:36 集計時点の順位です
1:46,631,210
100:10,237,493
1200:2,292,439
※10/24（金）22:37 集計時点の順位です
1:47,256,786
100:10,306,713
1200:2,292,439
※10/24（金）22:38 集計時点の順位です
1:47,884,273
100:10,456,430
1200:2,296,025
※10/24（金）22:39 集計時点の順位です
1:48,480,916
100:10,628,646
1200:2,296,261
※10/24（金）22:40 集計時点の順位です
1:48,547,801
100:10,628,646
1200:2,298,238
※10/24（金）22:41 集計時点の順位です
1:48,618,188
100:10,628,646
1200:2,298,327
※10/24（金）22:42 集計時点の順位です
1:48,688,215
100:10,628,646
1200:2,298,327
※10/24（金）22:43 集計時点の順位です
1:48,756,171
100:10,628,646
1200:2,298,327
※10/24（金）22:44 集計時点の順位です
1:48,826,636
100:10,628,646
1200:2,298,327
※10/24（金）22:45 集計時点の順位です
1:48,894,410
100:10,628,646
1200:2,320,360
※10/24（金）22:46 集計時点の順位です
1:48,962,241
100:10,628,646
1200:2,320,360
※10/24（金）22:47 集計時点の順位です
1:49,030,544
100:10,646,571
1200:2,320,360
※10/24（金）22:48 集計時点の順位です
1:49,100,992
100:10,646,571
1200:2,324,415
※10/24（金）22:49 集計時点の順位です
1:49,168,873
100:10,646,571
1200:2,324,415
※10/24（金）22:50 集計時点の順位です
1:49,234,283
100:10,646,571
1200:2,324,415
※10/24（金）22:51 集計時点の順位です
1:49,304,746
100:10,696,356
1200:2,329,120
※10/24（金）22:52 集計時点の順位です
1:49,374,762
100:10,766,847
1200:2,333,124
※10/24（金）22:53 集計時点の順位です
1:49,442,849
100:10,801,362
1200:2,333,124
※10/24（金）22:54 集計時点の順位です
1:49,512,738
100:10,809,015
1200:2,336,485
※10/24（金）22:55 集計時点の順位です
1:49,578,049
100:10,809,015
1200:2,336,485
※10/24（金）22:56 集計時点の順位です
1:49,645,803
100:10,841,111
1200:2,336,485
※10/24（金）22:57 集計時点の順位です
1:49,716,267
100:10,867,083
1200:2,336,485
※10/24（金）22:58 集計時点の順位です
1:49,783,603
100:10,867,083
1200:2,341,978
※10/24（金）22:59 集計時点の順位です
1:49,870,374
100:10,867,083
1200:2,343,865
※10/24（金）23:00 集計時点の順位です
1:50,516,687
100:10,957,557
1200:2,366,412
※10/24（金）23:01 集計時点の順位です
1:51,164,939
100:10,964,066
1200:2,377,286
※10/24（金）23:02 集計時点の順位です
1:51,834,216
100:10,978,616
1200:2,385,085
※10/24（金）23:03 集計時点の順位です
1:52,497,537
100:11,107,700
1200:2,393,877
※10/24（金）23:04 集計時点の順位です
1:53,166,599
100:11,107,700
1200:2,402,171
※10/24（金）23:05 集計時点の順位です
1:53,811,164
100:11,110,496
1200:2,409,282
※10/24（金）23:06 集計時点の順位です
1:54,434,758
100:11,141,257
1200:2,417,040
※10/24（金）23:07 集計時点の順位です
1:55,097,635
100:11,250,433
1200:2,418,719
※10/24（金）23:08 集計時点の順位です
1:55,767,023
100:11,406,481
1200:2,420,133
※10/24（金）23:09 集計時点の順位です
1:56,374,663
100:11,416,854
1200:2,431,982
※10/24（金）23:10 集計時点の順位です
1:56,462,845
100:11,424,615
1200:2,435,083
※10/24（金）23:11 集計時点の順位です
1:56,533,057
100:11,437,612
1200:2,438,504
※10/24（金）23:12 集計時点の順位です
1:56,565,475
100:11,442,737
1200:2,449,114
※10/24（金）23:13 集計時点の順位です
1:56,572,059
100:11,474,457
1200:2,456,340
※10/24（金）23:14 集計時点の順位です
1:56,645,344
100:11,482,153
1200:2,456,340
※10/24（金）23:15 集計時点の順位です
1:56,645,344
100:11,494,798
1200:2,456,340
※10/24（金）23:16 集計時点の順位です
1:56,645,344
100:11,581,213
1200:2,458,030
※10/24（金）23:17 集計時点の順位です
1:56,703,689
100:11,581,213
1200:2,467,256
※10/24（金）23:18 集計時点の順位です
1:56,781,884
100:11,581,213
1200:2,473,040
※10/24（金）23:19 集計時点の順位です
1:56,899,532
100:11,581,213
1200:2,482,202
※10/24（金）23:20 集計時点の順位です
1:57,088,847
100:11,581,213
1200:2,491,777
※10/24（金）23:21 集計時点の順位です
1:57,279,424
100:11,581,213
1200:2,497,488
※10/24（金）23:22 集計時点の順位です
1:57,476,345
100:11,581,213
1200:2,506,890
※10/24（金）23:23 集計時点の順位です
1:57,665,970
100:11,581,213
1200:2,513,014
※10/24（金）23:24 集計時点の順位です
1:57,863,947
100:11,624,764
1200:2,514,911
※10/24（金）23:25 集計時点の順位です
1:58,048,340
100:11,653,227
1200:2,518,738
※10/24（金）23:26 集計時点の順位です
1:58,245,807
100:11,653,227
1200:2,524,370
※10/24（金）23:27 集計時点の順位です
1:58,436,072
100:11,653,227
1200:2,524,370
※10/24（金）23:28 集計時点の順位です
1:58,625,363
100:11,653,227
1200:2,532,716
※10/24（金）23:29 集計時点の順位です
1:58,664,918
100:11,727,075
1200:2,532,716
※10/24（金）23:30 集計時点の順位です
1:58,743,088
100:11,737,406
1200:2,544,266
※10/24（金）23:31 集計時点の順位です
1:58,812,921
100:11,742,542
1200:2,546,062
※10/24（金）23:32 集計時点の順位です
1:58,880,325
100:11,767,643
1200:2,560,688
※10/24（金）23:33 集計時点の順位です
1:58,945,712
100:11,767,643
1200:2,563,020
※10/24（金）23:34 集計時点の順位です
1:59,018,100
100:11,854,273
1200:2,565,879
※10/24（金）23:35 集計時点の順位です
1:59,085,694
100:11,864,550
1200:2,566,714
※10/24（金）23:36 集計時点の順位です
1:59,155,918
100:11,864,550
1200:2,571,197
※10/24（金）23:37 集計時点の順位です
1:59,228,737
100:11,886,487
1200:2,572,349
※10/24（金）23:38 集計時点の順位です
1:59,296,422
100:11,899,714
1200:2,577,378
※10/24（金）23:39 集計時点の順位です
1:59,382,352
100:11,936,808
1200:2,590,997
※10/24（金）23:40 集計時点の順位です
1:60,028,954
100:11,965,254
1200:2,593,383
※10/24（金）23:41 集計時点の順位です
1:60,677,177
100:12,043,151
1200:2,594,518
※10/24（金）23:42 集計時点の順位です
1:61,367,019
100:12,082,123
1200:2,599,672
※10/24（金）23:43 集計時点の順位です
1:62,032,284
100:12,130,866
1200:2,608,974
※10/24（金）23:44 集計時点の順位です
1:62,697,538
100:12,174,911
1200:2,627,455
※10/24（金）23:45 集計時点の順位です
1:63,320,801
100:12,298,742
1200:2,634,719
※10/24（金）23:46 集計時点の順位です
1:64,000,605
100:12,308,979
1200:2,643,294
※10/24（金）23:47 集計時点の順位です
1:64,690,614
100:12,308,979
1200:2,649,335
※10/24（金）23:48 集計時点の順位です
1:65,359,799
100:12,410,371
1200:2,664,503
※10/24（金）23:49 集計時点の順位です
1:65,971,766
100:12,524,793
1200:2,667,172
※10/24（金）23:50 集計時点の順位です
1:66,015,754
100:12,555,818
1200:2,696,936
※10/24（金）23:51 集計時点の順位です
1:66,015,754
100:12,721,628
1200:2,712,041
※10/24（金）23:52 集計時点の順位です
1:66,055,676
100:12,742,401
1200:2,725,541
※10/24（金）23:53 集計時点の順位です
1:66,121,011
100:12,766,139
1200:2,732,828
※10/24（金）23:54 集計時点の順位です
1:66,191,204
100:12,790,279
1200:2,747,363
※10/24（金）23:55 集計時点の順位です
1:66,206,276
100:12,790,279
1200:2,757,243
※10/24（金）23:56 集計時点の順位です
1:66,266,249
100:12,790,279
1200:2,763,888
※10/24（金）23:57 集計時点の順位です
1:66,333,810
100:12,790,279
1200:2,768,779
※10/24（金）23:58 集計時点の順位です
1:66,403,868
100:12,790,279
1200:2,798,563
※10/24（金）23:59 集計時点の順位です
1:66,466,708
100:12,790,279
1200:2,818,563
※10/25（土）00:00 集計時点の順位です
1:66,466,708
100:12,790,279
1200:2,818,563
※10/25（土）00:01 集計時点の順位です
1:66,466,708
100:12,790,279
1200:2,818,563
※10/25（土）00:02 集計時点の順位です
1:66,466,708
100:12,790,279
1200:2,818,563
※10/25（土）00:03 集計時点の順位です
1:66,466,708
100:12,790,279
1200:2,818,563
※10/25（土）00:04 集計時点の順位です
1:66,466,708
100:12,790,279
1200:2,818,563
※10/25（土）11:59 集計時点の順位です
1:66,466,708
100:12,790,279
1200:2,818,563
※10/25（土）12:00 集計時点の順位です
1:66,473,449
100:12,790,279
1200:2,818,563
※10/25（土）12:01 集計時点の順位です
1:66,525,205
100:12,790,279
1200:2,818,563
※10/25（土）12:02 集計時点の順位です
1:66,592,641
100:12,790,279
1200:2,818,563
※10/25（土）12:03 集計時点の順位です
1:66,661,224
100:12,790,279
1200:2,818,563
※10/25（土）12:04 集計時点の順位です
1:66,734,107
100:12,790,279
1200:2,818,563
※10/25（土）12:05 集計時点の順位です
1:66,794,770
100:12,790,279
1200:2,818,563
※10/25（土）12:06 集計時点の順位です
1:66,863,737
100:12,790,279
1200:2,818,563
※10/25（土）12:07 集計時点の順位です
1:66,927,220
100:12,831,096
1200:2,818,563
※10/25（土）12:08 集計時点の順位です
1:66,997,800
100:12,891,305
1200:2,819,367
※10/25（土）12:09 集計時点の順位です
1:67,068,218
100:12,924,693
1200:2,822,674
※10/25（土）12:10 集計時点の順位です
1:67,139,075
100:13,029,676
1200:2,824,851
※10/25（土）12:11 集計時点の順位です
1:67,212,219
100:13,050,925
1200:2,824,851
※10/25（土）12:12 集計時点の順位です
1:67,280,337
100:13,050,925
1200:2,824,851
※10/25（土）12:13 集計時点の順位です
1:67,351,366
100:13,050,925
1200:2,830,031
※10/25（土）12:14 集計時点の順位です
1:67,419,532
100:13,050,925
1200:2,830,388
※10/25（土）12:15 集計時点の順位です
1:67,487,876
100:13,056,394
1200:2,830,422
※10/25（土）12:16 集計時点の順位です
1:67,555,875
100:13,092,147
1200:2,832,464
※10/25（土）12:17 集計時点の順位です
1:67,626,513
100:13,092,147
1200:2,832,464
※10/25（土）12:18 集計時点の順位です
1:67,697,377
100:13,092,147
1200:2,839,812
※10/25（土）12:19 集計時点の順位です
1:67,763,638
100:13,092,147
1200:2,839,812
※10/25（土）12:20 集計時点の順位です
1:67,829,443
100:13,106,799
1200:2,840,201
※10/25（土）12:21 集計時点の順位です
1:67,895,460
100:13,181,645
1200:2,847,246
※10/25（土）12:22 集計時点の順位です
1:67,966,641
100:13,181,645
1200:2,857,843
※10/25（土）12:23 集計時点の順位です
1:68,037,294
100:13,181,645
1200:2,864,754
※10/25（土）12:24 集計時点の順位です
1:68,103,485
100:13,193,557
1200:2,867,196
※10/25（土）12:25 集計時点の順位です
1:68,174,028
100:13,206,462
1200:2,871,857
※10/25（土）12:26 集計時点の順位です
1:68,245,296
100:13,213,561
1200:2,874,068
※10/25（土）12:27 集計時点の順位です
1:68,313,845
100:13,219,313
1200:2,874,068
※10/25（土）12:28 集計時点の順位です
1:68,385,159
100:13,233,626
1200:2,876,366
※10/25（土）12:29 集計時点の順位です
1:68,458,086
100:13,239,377
1200:2,876,366
※10/25（土）12:30 集計時点の順位です
1:68,526,299
100:13,298,029
1200:2,879,933
※10/25（土）12:31 集計時点の順位です
1:68,597,434
100:13,298,029
1200:2,886,552
※10/25（土）12:32 集計時点の順位です
1:68,665,543
100:13,303,860
1200:2,886,552
※10/25（土）12:33 集計時点の順位です
1:68,736,335
100:13,342,717
1200:2,886,552
※10/25（土）12:34 集計時点の順位です
1:68,806,989
100:13,357,478
1200:2,886,552
※10/25（土）12:35 集計時点の順位です
1:68,878,080
100:13,357,478
1200:2,896,863
※10/25（土）12:36 集計時点の順位です
1:68,944,161
100:13,357,478
1200:2,899,802
※10/25（土）12:37 集計時点の順位です
1:69,012,444
100:13,400,871
1200:2,904,291
※10/25（土）12:38 集計時点の順位です
1:69,082,780
100:13,400,871
1200:2,907,079
※10/25（土）12:39 集計時点の順位です
1:69,112,888
100:13,401,292
1200:2,912,292
※10/25（土）12:40 集計時点の順位です
1:69,112,888
100:13,401,292
1200:2,912,292
※10/25（土）12:41 集計時点の順位です
1:69,112,888
100:13,401,292
1200:2,912,292
※10/25（土）12:42 集計時点の順位です
1:69,112,888
100:13,401,292
1200:2,913,548
※10/25（土）12:43 集計時点の順位です
1:69,112,888
100:13,401,292
1200:2,913,548
※10/25（土）12:44 集計時点の順位です
1:69,112,888
100:13,401,292
1200:2,921,442
※10/25（土）12:45 集計時点の順位です
1:69,112,888
100:13,401,292
1200:2,924,291
※10/25（土）12:46 集計時点の順位です
1:69,112,888
100:13,475,869
1200:2,924,291
※10/25（土）12:47 集計時点の順位です
1:69,112,888
100:13,479,281
1200:2,924,291
※10/25（土）12:48 集計時点の順位です
1:69,112,888
100:13,479,281
1200:2,924,291
※10/25（土）12:49 集計時点の順位です
1:69,115,435
100:13,479,281
1200:2,928,936
※10/25（土）12:50 集計時点の順位です
1:69,122,985
100:13,479,281
1200:2,928,936
※10/25（土）12:51 集計時点の順位です
1:69,127,825
100:13,479,281
1200:2,935,519
※10/25（土）12:52 集計時点の順位です
1:69,199,058
100:13,479,281
1200:2,941,404
※10/25（土）12:53 集計時点の順位です
1:69,219,484
100:13,479,281
1200:2,941,404
※10/25（土）12:54 集計時点の順位です
1:69,219,484
100:13,479,281
1200:2,944,912
※10/25（土）12:55 集計時点の順位です
1:69,249,628
100:13,479,281
1200:2,956,364
※10/25（土）12:56 集計時点の順位です
1:69,310,848
100:13,479,281
1200:2,970,216
※10/25（土）12:57 集計時点の順位です
1:69,379,382
100:13,479,281
1200:2,972,915
※10/25（土）12:58 集計時点の順位です
1:69,442,750
100:13,479,281
1200:2,984,491
※10/25（土）12:59 集計時点の順位です
1:69,503,813
100:13,479,281
1200:2,984,491
※10/25（土）13:00 集計時点の順位です
1:69,503,813
100:13,479,281
1200:2,984,491
※10/25（土）13:01 集計時点の順位です
1:69,503,813
100:13,479,281
1200:2,984,491
※10/25（土）13:02 集計時点の順位です
1:69,503,813
100:13,479,281
1200:2,984,491
※10/25（土）13:03 集計時点の順位です
1:69,503,813
100:13,479,281
1200:2,984,491
※10/25（土）13:04 集計時点の順位です
1:69,503,813
100:13,479,281
1200:2,984,491
※10/25（土）16:59 集計時点の順位です
1:69,503,813
100:13,480,945
1200:2,984,491
※10/25（土）17:00 集計時点の順位です
1:69,522,538
100:13,488,010
1200:2,984,491
※10/25（土）17:01 集計時点の順位です
1:69,572,751
100:13,490,527
1200:2,984,491
※10/25（土）17:02 集計時点の順位です
1:69,622,984
100:13,490,527
1200:2,984,491
※10/25（土）17:03 集計時点の順位です
1:69,686,553
100:13,490,527
1200:2,984,491
※10/25（土）17:04 集計時点の順位です
1:69,755,195
100:13,493,050
1200:2,984,491
※10/25（土）17:05 集計時点の順位です
1:69,821,378
100:13,497,796
1200:2,988,184
※10/25（土）17:06 集計時点の順位です
1:69,885,027
100:13,497,796
1200:2,990,161
※10/25（土）17:07 集計時点の順位です
1:69,948,612
100:13,505,278
1200:2,996,975
※10/25（土）17:08 集計時点の順位です
1:70,014,624
100:13,512,614
1200:2,996,975
※10/25（土）17:09 集計時点の順位です
1:70,078,256
100:13,524,575
1200:3,000,780
※10/25（土）17:10 集計時点の順位です
1:70,139,055
100:13,529,334
1200:3,000,780
※10/25（土）17:11 集計時点の順位です
1:70,205,137
100:13,529,334
1200:3,003,276
※10/25（土）17:12 集計時点の順位です
1:70,268,357
100:13,566,747
1200:3,003,276
※10/25（土）17:13 集計時点の順位です
1:70,334,178
100:13,586,041
1200:3,010,669
※10/25（土）17:14 集計時点の順位です
1:70,399,734
100:13,593,211
1200:3,010,669
※10/25（土）17:15 集計時点の順位です
1:70,465,421
100:13,600,348
1200:3,010,669
※10/25（土）17:16 集計時点の順位です
1:70,526,232
100:13,607,676
1200:3,012,147
※10/25（土）17:17 集計時点の順位です
1:70,594,657
100:13,617,098
1200:3,024,576
※10/25（土）17:18 集計時点の順位です
1:70,658,454
100:13,626,746
1200:3,024,576
※10/25（土）17:19 集計時点の順位です
1:70,729,586
100:13,626,746
1200:3,032,765
※10/25（土）17:20 集計時点の順位です
1:70,793,246
100:13,633,605
1200:3,032,765
※10/25（土）17:21 集計時点の順位です
1:70,856,659
100:13,633,605
1200:3,032,765
※10/25（土）17:22 集計時点の順位です
1:70,917,906
100:13,633,605
1200:3,039,315
※10/25（土）17:23 集計時点の順位です
1:70,986,632
100:13,633,605
1200:3,045,344
※10/25（土）17:24 集計時点の順位です
1:71,047,806
100:13,633,605
1200:3,048,912
※10/25（土）17:25 集計時点の順位です
1:71,113,962
100:13,633,605
1200:3,052,076
※10/25（土）17:26 集計時点の順位です
1:71,177,390
100:13,633,605
1200:3,052,369
※10/25（土）17:27 集計時点の順位です
1:71,241,174
100:13,633,816
1200:3,065,118
※10/25（土）17:28 集計時点の順位です
1:71,309,774
100:13,633,816
1200:3,069,209
※10/25（土）17:29 集計時点の順位です
1:71,373,785
100:13,633,816
1200:3,069,209
※10/25（土）17:30 集計時点の順位です
1:71,437,387
100:13,633,816
1200:3,069,209
※10/25（土）17:31 集計時点の順位です
1:71,505,780
100:13,633,816
1200:3,071,384
※10/25（土）17:32 集計時点の順位です
1:71,567,039
100:13,633,816
1200:3,075,035
※10/25（土）17:33 集計時点の順位です
1:71,632,526
100:13,633,816
1200:3,077,729
※10/25（土）17:34 集計時点の順位です
1:71,698,774
100:13,633,816
1200:3,082,791
※10/25（土）17:35 集計時点の順位です
1:71,762,147
100:13,633,816
1200:3,090,340
※10/25（土）17:36 集計時点の順位です
1:71,825,870
100:13,673,440
1200:3,095,255
※10/25（土）17:37 集計時点の順位です
1:71,892,291
100:13,741,920
1200:3,097,777
※10/25（土）17:38 集計時点の順位です
1:71,947,916
100:13,762,182
1200:3,100,210
※10/25（土）17:39 集計時点の順位です
1:72,019,137
100:13,772,124
1200:3,100,361
※10/25（土）17:40 集計時点の順位です
1:72,087,699
100:13,776,879
1200:3,112,892
※10/25（土）17:41 集計時点の順位です
1:72,158,658
100:13,786,429
1200:3,120,167
※10/25（土）17:42 集計時点の順位です
1:72,224,795
100:13,793,739
1200:3,122,716
※10/25（土）17:43 集計時点の順位です
1:72,298,662
100:13,808,058
1200:3,124,280
※10/25（土）17:44 集計時点の順位です
1:72,362,468
100:13,810,551
1200:3,128,030
※10/25（土）17:45 集計時点の順位です
1:72,433,714
100:13,817,674
1200:3,128,030
※10/25（土）17:46 集計時点の順位です
1:72,494,759
100:13,817,674
1200:3,128,030
※10/25（土）17:47 集計時点の順位です
1:72,494,759
100:13,817,674
1200:3,130,524
※10/25（土）17:48 集計時点の順位です
1:72,494,759
100:13,817,674
1200:3,135,549
※10/25（土）17:49 集計時点の順位です
1:72,494,759
100:13,817,674
1200:3,136,300
※10/25（土）17:50 集計時点の順位です
1:72,494,759
100:13,817,674
1200:3,137,000
※10/25（土）17:51 集計時点の順位です
1:72,494,759
100:13,817,674
1200:3,138,366
※10/25（土）17:52 集計時点の順位です
1:72,520,324
100:13,817,674
1200:3,138,366
※10/25（土）17:53 集計時点の順位です
1:72,581,477
100:13,817,674
1200:3,138,366
※10/25（土）17:54 集計時点の順位です
1:72,645,014
100:13,817,674
1200:3,138,366
※10/25（土）17:55 集計時点の順位です
1:72,700,962
100:13,817,674
1200:3,138,366
※10/25（土）17:56 集計時点の順位です
1:72,762,181
100:13,817,674
1200:3,138,366
※10/25（土）17:57 集計時点の順位です
1:72,820,669
100:13,817,674
1200:3,145,536
※10/25（土）17:58 集計時点の順位です
1:72,876,786
100:13,817,674
1200:3,145,536
※10/25（土）17:59 集計時点の順位です
1:72,940,349
100:13,817,674
1200:3,145,971
※10/25（土）18:00 集計時点の順位です
1:72,998,743
100:13,817,674
1200:3,146,934
※10/25（土）18:01 集計時点の順位です
1:73,057,224
100:13,837,742
1200:3,146,934
※10/25（土）18:02 集計時点の順位です
1:73,118,188
100:13,837,742
1200:3,148,334
※10/25（土）18:03 集計時点の順位です
1:73,176,070
100:13,837,742
1200:3,148,334
※10/25（土）18:04 集計時点の順位です
1:73,239,627
100:13,837,742
1200:3,153,014
※10/25（土）18:05 集計時点の順位です
1:73,297,825
100:13,837,742
1200:3,155,974
※10/25（土）18:06 集計時点の順位です
1:73,361,546
100:13,837,742
1200:3,160,301
※10/25（土）18:07 集計時点の順位です
1:73,407,322
100:13,837,742
1200:3,160,301
※10/25（土）18:08 集計時点の順位です
1:73,478,261
100:13,837,742
1200:3,166,010
※10/25（土）18:09 集計時点の順位です
1:73,549,589
100:13,837,742
1200:3,166,010
※10/25（土）18:10 集計時点の順位です
1:73,618,364
100:13,837,742
1200:3,171,264
※10/25（土）18:11 集計時点の順位です
1:73,689,166
100:13,842,332
1200:3,171,264
※10/25（土）18:12 集計時点の順位です
1:73,760,226
100:13,850,080
1200:3,171,264
※10/25（土）18:13 集計時点の順位です
1:73,828,727
100:13,857,780
1200:3,171,264
※10/25（土）18:14 集計時点の順位です
1:73,901,949
100:13,859,156
1200:3,171,264
※10/25（土）18:15 集計時点の順位です
1:73,968,258
100:13,859,156
1200:3,172,703
※10/25（土）18:16 集計時点の順位です
1:74,034,336
100:13,862,553
1200:3,174,760
※10/25（土）18:17 集計時点の順位です
1:74,103,299
100:13,870,215
1200:3,179,009
※10/25（土）18:18 集計時点の順位です
1:74,136,394
100:13,872,773
1200:3,179,482
※10/25（土）18:19 集計時点の順位です
1:74,194,667
100:13,882,955
1200:3,183,370
※10/25（土）18:20 集計時点の順位です
1:74,253,069
100:13,888,401
1200:3,183,370
※10/25（土）18:21 集計時点の順位です
1:74,308,900
100:13,896,061
1200:3,183,741
※10/25（土）18:22 集計時点の順位です
1:74,369,943
100:13,898,318
1200:3,186,829
※10/25（土）18:23 集計時点の順位です
1:74,430,532
100:13,898,318
1200:3,189,824
※10/25（土）18:24 集計時点の順位です
1:74,491,652
100:13,898,318
1200:3,189,905
※10/25（土）18:25 集計時点の順位です
1:74,547,367
100:13,900,881
1200:3,189,905
※10/25（土）18:26 集計時点の順位です
1:74,605,772
100:13,900,881
1200:3,194,358
※10/25（土）18:27 集計時点の順位です
1:74,664,219
100:13,900,881
1200:3,200,936
※10/25（土）18:28 集計時点の順位です
1:74,725,143
100:13,900,881
1200:3,200,936
※10/25（土）18:29 集計時点の順位です
1:74,785,873
100:13,900,881
1200:3,200,936
※10/25（土）18:30 集計時点の順位です
1:74,839,240
100:13,900,881
1200:3,203,808
※10/25（土）18:31 集計時点の順位です
1:74,897,333
100:13,960,896
1200:3,208,326
※10/25（土）18:32 集計時点の順位です
1:74,953,200
100:13,960,896
1200:3,213,729
※10/25（土）18:33 集計時点の順位です
1:75,014,136
100:13,960,896
1200:3,213,729
※10/25（土）18:34 集計時点の順位です
1:75,072,635
100:14,005,852
1200:3,213,729
※10/25（土）18:35 集計時点の順位です
1:75,130,844
100:14,021,467
1200:3,223,365
※10/25（土）18:36 集計時点の順位です
1:75,186,720
100:14,021,467
1200:3,223,365
※10/25（土）18:37 集計時点の順位です
1:75,244,909
100:14,021,467
1200:3,233,339
※10/25（土）18:38 集計時点の順位です
1:75,301,060
100:14,057,897
1200:3,236,025
※10/25（土）18:39 集計時点の順位です
1:75,357,395
100:14,068,787
1200:3,236,025
※10/25（土）18:40 集計時点の順位です
1:75,415,693
100:14,068,787
1200:3,239,620
※10/25（土）18:41 集計時点の順位です
1:75,474,238
100:14,068,787
1200:3,243,491
※10/25（土）18:42 集計時点の順位です
1:75,532,435
100:14,068,787
1200:3,243,491
※10/25（土）18:43 集計時点の順位です
1:75,593,491
100:14,068,787
1200:3,250,274
※10/25（土）18:44 集計時点の順位です
1:75,654,371
100:14,068,787
1200:3,263,648
※10/25（土）18:45 集計時点の順位です
1:75,712,863
100:14,068,787
1200:3,271,493
※10/25（土）18:46 集計時点の順位です
1:75,771,512
100:14,068,787
1200:3,271,493
※10/25（土）18:47 集計時点の順位です
1:75,829,705
100:14,072,685
1200:3,271,493
※10/25（土）18:48 集計時点の順位です
1:75,888,156
100:14,077,431
1200:3,279,035
※10/25（土）18:49 集計時点の順位です
1:75,951,840
100:14,079,913
1200:3,279,035
※10/25（土）18:50 集計時点の順位です
1:76,010,261
100:14,079,913
1200:3,282,852
※10/25（土）18:51 集計時点の順位です
1:76,068,375
100:14,079,913
1200:3,291,776
※10/25（土）18:52 集計時点の順位です
1:76,124,656
100:14,079,913
1200:3,299,653
※10/25（土）18:53 集計時点の順位です
1:76,185,480
100:14,089,001
1200:3,299,653
※10/25（土）18:54 集計時点の順位です
1:76,246,331
100:14,096,503
1200:3,301,243
※10/25（土）18:55 集計時点の順位です
1:76,302,383
100:14,104,085
1200:3,301,243
※10/25（土）18:56 集計時点の順位です
1:76,353,731
100:14,109,118
1200:3,301,243
※10/25（土）18:57 集計時点の順位です
1:76,412,377
100:14,109,118
1200:3,311,447
※10/25（土）18:58 集計時点の順位です
1:76,470,758
100:14,115,177
1200:3,315,361
※10/25（土）18:59 集計時点の順位です
1:76,526,425
100:14,115,177
1200:3,315,361
※10/25（土）19:00 集計時点の順位です
1:76,526,425
100:14,115,177
1200:3,315,361
※10/25（土）19:01 集計時点の順位です
1:76,526,425
100:14,115,177
1200:3,315,361
※10/25（土）19:02 集計時点の順位です
1:76,526,425
100:14,115,177
1200:3,315,361
※10/25（土）19:03 集計時点の順位です
1:76,526,425
100:14,115,177
1200:3,315,361
※10/25（土）19:04 集計時点の順位です
1:76,526,425
100:14,115,177
1200:3,315,361
※10/25（土）21:59 集計時点の順位です
1:76,526,425
100:14,115,177
1200:3,315,361
※10/25（土）22:00 集計時点の順位です
1:76,536,519
100:14,115,177
1200:3,315,361
※10/25（土）22:01 集計時点の順位です
1:76,580,863
100:14,124,328
1200:3,317,718
※10/25（土）22:02 集計時点の順位です
1:76,641,762
100:14,138,496
1200:3,320,240
※10/25（土）22:03 集計時点の順位です
1:76,713,062
100:14,138,496
1200:3,320,240
※10/25（土）22:04 集計時点の順位です
1:76,782,214
100:14,138,496
1200:3,320,240
※10/25（土）22:05 集計時点の順位です
1:76,850,850
100:14,138,496
1200:3,320,240
※10/25（土）22:06 集計時点の順位です
1:76,917,026
100:14,138,496
1200:3,320,240
※10/25（土）22:07 集計時点の順位です
1:76,983,621
100:14,138,496
1200:3,320,240
※10/25（土）22:08 集計時点の順位です
1:77,050,077
100:14,141,224
1200:3,320,240
※10/25（土）22:09 集計時点の順位です
1:77,124,028
100:14,141,224
1200:3,323,139
※10/25（土）22:10 集計時点の順位です
1:77,192,841
100:14,141,224
1200:3,323,139
※10/25（土）22:11 集計時点の順位です
1:77,259,441
100:14,141,224
1200:3,324,645
※10/25（土）22:12 集計時点の順位です
1:77,330,822
100:14,153,628
1200:3,324,645
※10/25（土）22:13 集計時点の順位です
1:77,402,004
100:14,163,784
1200:3,327,009
※10/25（土）22:14 集計時点の順位です
1:77,473,533
100:14,171,406
1200:3,332,188
※10/25（土）22:15 集計時点の順位です
1:77,542,289
100:14,194,289
1200:3,332,496
※10/25（土）22:16 集計時点の順位です
1:77,606,113
100:14,194,289
1200:3,332,496
※10/25（土）22:17 集計時点の順位です
1:77,677,143
100:14,217,124
1200:3,344,282
※10/25（土）22:18 集計時点の順位です
1:77,743,602
100:14,229,852
1200:3,345,202
※10/25（土）22:19 集計時点の順位です
1:77,817,301
100:14,253,240
1200:3,349,836
※10/25（土）22:20 集計時点の順位です
1:77,886,108
100:14,258,429
1200:3,349,836
※10/25（土）22:21 集計時点の順位です
1:77,954,885
100:14,263,610
1200:3,361,543
※10/25（土）22:22 集計時点の順位です
1:78,023,155
100:14,268,806
1200:3,365,666
※10/25（土）22:23 集計時点の順位です
1:78,089,316
100:14,291,190
1200:3,373,223
※10/25（土）22:24 集計時点の順位です
1:78,158,255
100:14,407,624
1200:3,374,928
※10/25（土）22:25 集計時点の順位です
1:78,224,709
100:14,407,624
1200:3,374,928
※10/25（土）22:26 集計時点の順位です
1:78,295,948
100:14,452,814
1200:3,374,928
※10/25（土）22:27 集計時点の順位です
1:78,359,297
100:14,499,124
1200:3,385,415
※10/25（土）22:28 集計時点の順位です
1:78,425,940
100:14,510,012
1200:3,389,752
※10/25（土）22:29 集計時点の順位です
1:78,492,762
100:14,510,012
1200:3,395,483
※10/25（土）22:30 集計時点の順位です
1:79,040,781
100:14,510,012
1200:3,400,384
※10/25（土）22:31 集計時点の順位です
1:79,706,834
100:14,510,012
1200:3,405,357
※10/25（土）22:32 集計時点の順位です
1:80,374,897
100:14,518,093
1200:3,409,139
※10/25（土）22:33 集計時点の順位です
1:81,018,004
100:14,677,158
1200:3,409,139
※10/25（土）22:34 集計時点の順位です
1:81,719,866
100:14,677,397
1200:3,409,139
※10/25（土）22:35 集計時点の順位です
1:82,369,250
100:14,677,397
1200:3,411,817
※10/25（土）22:36 集計時点の順位です
1:82,974,633
100:14,740,541
1200:3,421,607
※10/25（土）22:37 集計時点の順位です
1:83,622,034
100:14,740,541
1200:3,427,847
※10/25（土）22:38 集計時点の順位です
1:84,288,333
100:14,776,579
1200:3,434,046
※10/25（土）22:39 集計時点の順位です
1:84,950,379
100:14,776,579
1200:3,435,562
※10/25（土）22:40 集計時点の順位です
1:85,073,665
100:14,776,579
1200:3,438,045
※10/25（土）22:41 集計時点の順位です
1:85,140,155
100:14,776,579
1200:3,439,981
※10/25（土）22:42 集計時点の順位です
1:85,208,907
100:14,776,579
1200:3,439,981
※10/25（土）22:43 集計時点の順位です
1:85,280,072
100:14,776,579
1200:3,439,981
※10/25（土）22:44 集計時点の順位です
1:85,346,450
100:14,776,579
1200:3,439,981
※10/25（土）22:45 集計時点の順位です
1:85,412,930
100:14,776,579
1200:3,444,112
※10/25（土）22:46 集計時点の順位です
1:85,481,865
100:14,804,441
1200:3,444,112
※10/25（土）22:47 集計時点の順位です
1:85,553,221
100:14,821,242
1200:3,447,792
※10/25（土）22:48 集計時点の順位です
1:85,624,518
100:14,821,242
1200:3,453,660
※10/25（土）22:49 集計時点の順位です
1:85,696,001
100:14,821,242
1200:3,455,785
※10/25（土）22:50 集計時点の順位です
1:85,767,191
100:14,821,242
1200:3,456,916
※10/25（土）22:51 集計時点の順位です
1:85,836,059
100:14,821,242
1200:3,456,916
※10/25（土）22:52 集計時点の順位です
1:85,904,722
100:14,821,242
1200:3,459,112
※10/25（土）22:53 集計時点の順位です
1:85,971,178
100:14,821,242
1200:3,467,685
※10/25（土）22:54 集計時点の順位です
1:86,042,591
100:14,821,242
1200:3,470,736
※10/25（土）22:55 集計時点の順位です
1:86,111,534
100:14,821,242
1200:3,471,592
※10/25（土）22:56 集計時点の順位です
1:86,177,768
100:14,841,788
1200:3,478,062
※10/25（土）22:57 集計時点の順位です
1:86,243,967
100:14,866,420
1200:3,481,963
※10/25（土）22:58 集計時点の順位です
1:86,292,762
100:14,881,235
1200:3,502,716
※10/25（土）22:59 集計時点の順位です
1:86,380,407
100:14,903,545
1200:3,502,716
※10/25（土）23:00 集計時点の順位です
1:87,048,855
100:14,907,674
1200:3,519,137
※10/25（土）23:01 集計時点の順位です
1:87,732,008
100:14,950,326
1200:3,519,137
※10/25（土）23:02 集計時点の順位です
1:88,423,311
100:15,046,789
1200:3,535,104
※10/25（土）23:03 集計時点の順位です
1:89,093,674
100:15,176,747
1200:3,536,033
※10/25（土）23:04 集計時点の順位です
1:89,826,740
100:15,243,324
1200:3,542,014
※10/25（土）23:05 集計時点の順位です
1:90,516,036
100:15,253,466
1200:3,549,131
※10/25（土）23:06 集計時点の順位です
1:91,184,361
100:15,278,927
1200:3,568,869
※10/25（土）23:07 集計時点の順位です
1:91,894,556
100:15,278,927
1200:3,577,367
※10/25（土）23:08 集計時点の順位です
1:92,606,911
100:15,334,308
1200:3,584,572
※10/25（土）23:09 集計時点の順位です
1:93,246,533
100:15,349,087
1200:3,591,938
※10/25（土）23:10 集計時点の順位です
1:93,315,284
100:15,349,087
1200:3,599,868
※10/25（土）23:11 集計時点の順位です
1:93,363,870
100:15,421,668
1200:3,616,810
※10/25（土）23:12 集計時点の順位です
1:93,446,577
100:15,421,668
1200:3,624,790
※10/25（土）23:13 集計時点の順位です
1:93,565,940
100:15,421,668
1200:3,639,032
※10/25（土）23:14 集計時点の順位です
1:93,685,031
100:15,421,668
1200:3,647,842
※10/25（土）23:15 集計時点の順位です
1:93,803,955
100:15,421,668
1200:3,656,160
※10/25（土）23:16 集計時点の順位です
1:93,927,485
100:15,421,668
1200:3,672,635
※10/25（土）23:17 集計時点の順位です
1:94,046,099
100:15,473,488
1200:3,672,635
※10/25（土）23:18 集計時点の順位です
1:94,170,129
100:15,508,200
1200:3,684,749
※10/25（土）23:19 集計時点の順位です
1:94,297,200
100:15,508,200
1200:3,701,569
※10/25（土）23:20 集計時点の順位です
1:94,412,092
100:15,508,200
1200:3,707,571
※10/25（土）23:21 集計時点の順位です
1:94,526,875
100:15,508,200
1200:3,710,633
※10/25（土）23:22 集計時点の順位です
1:94,650,971
100:15,508,200
1200:3,724,190
※10/25（土）23:23 集計時点の順位です
1:94,769,592
100:15,674,228
1200:3,727,687
※10/25（土）23:24 集計時点の順位です
1:94,889,081
100:15,747,541
1200:3,739,869
※10/25（土）23:25 集計時点の順位です
1:95,012,734
100:15,747,541
1200:3,751,697
※10/25（土）23:26 集計時点の順位です
1:95,127,102
100:15,754,347
1200:3,760,182
※10/25（土）23:27 集計時点の順位です
1:95,245,270
100:15,812,342
1200:3,762,406
※10/25（土）23:28 集計時点の順位です
1:95,364,731
100:15,817,491
1200:3,762,406
※10/25（土）23:29 集計時点の順位です
1:95,492,898
100:15,825,090
1200:3,762,406
※10/25（土）23:30 集計時点の順位です
1:95,612,262
100:15,881,006
1200:3,784,065
※10/25（土）23:31 集計時点の順位です
1:95,736,262
100:15,964,977
1200:3,794,326
※10/25（土）23:32 集計時点の順位です
1:95,854,830
100:16,171,021
1200:3,847,856
※10/25（土）23:33 集計時点の順位です
1:95,978,210
100:16,228,053
1200:3,865,503
※10/25（土）23:34 集計時点の順位です
1:96,102,324
100:16,271,546
1200:3,874,341
※10/25（土）23:35 集計時点の順位です
1:96,221,062
100:16,321,316
1200:3,888,432
※10/25（土）23:36 集計時点の順位です
1:96,344,600
100:16,368,338
1200:3,899,080
※10/25（土）23:37 集計時点の順位です
1:96,459,418
100:16,368,338
1200:3,908,414
※10/25（土）23:38 集計時点の順位です
1:96,583,062
100:16,368,338
1200:3,912,971
※10/25（土）23:39 集計時点の順位です
1:96,660,801
100:16,404,619
1200:3,925,068
※10/25（土）23:40 集計時点の順位です
1:97,289,177
100:16,404,619
1200:3,928,049
※10/25（土）23:41 集計時点の順位です
1:97,980,500
100:16,404,619
1200:3,929,645
※10/25（土）23:42 集計時点の順位です
1:98,669,697
100:16,404,619
1200:3,929,645
※10/25（土）23:43 集計時点の順位です
1:99,377,720
100:16,404,619
1200:3,945,334
※10/25（土）23:44 集計時点の順位です
1:100,060,621
100:16,404,619
1200:3,999,463
※10/25（土）23:45 集計時点の順位です
1:100,751,943
100:16,472,218
1200:4,007,322
※10/25（土）23:46 集計時点の順位です
1:101,459,930
100:16,476,920
1200:4,009,811
※10/25（土）23:47 集計時点の順位です
1:102,082,148
100:16,522,784
1200:4,018,237
※10/25（土）23:48 集計時点の順位です
1:102,773,455
100:16,542,637
1200:4,050,092
※10/25（土）23:49 集計時点の順位です
1:103,387,588
100:16,603,944
1200:4,050,092
※10/25（土）23:50 集計時点の順位です
1:103,504,474
100:16,648,041
1200:4,053,678
※10/25（土）23:51 集計時点の順位です
1:103,622,679
100:16,649,669
1200:4,077,226
※10/25（土）23:52 集計時点の順位です
1:103,745,887
100:16,672,311
1200:4,093,415
※10/25（土）23:53 集計時点の順位です
1:103,865,272
100:16,692,222
1200:4,112,566
※10/25（土）23:54 集計時点の順位です
1:103,988,919
100:16,712,119
1200:4,119,630
※10/25（土）23:55 集計時点の順位です
1:104,107,087
100:16,719,423
1200:4,128,976
※10/25（土）23:56 集計時点の順位です
1:104,226,050
100:16,719,423
1200:4,138,282
※10/25（土）23:57 集計時点の順位です
1:104,349,680
100:16,723,847
1200:4,141,517
※10/25（土）23:58 集計時点の順位です
1:104,468,616
100:16,723,847
1200:4,147,272
※10/25（土）23:59 集計時点の順位です
1:104,582,677
100:16,723,847
1200:4,155,564
※10/26（日）00:00 集計時点の順位です
1:104,582,677
100:16,723,847
1200:4,155,564
※10/26（日）00:01 集計時点の順位です
1:104,582,677
100:16,723,847
1200:4,155,564
※10/26（日）00:02 集計時点の順位です
1:104,582,677
100:16,723,847
1200:4,155,564
※10/26（日）00:03 集計時点の順位です
1:104,582,677
100:16,723,847
1200:4,155,564
※10/26（日）00:04 集計時点の順位です
1:104,582,677
100:16,723,847
1200:4,155,564
※10/26（日）20:59 集計時点の順位です
1:104,582,677
100:16,723,847
1200:4,155,564
※10/26（日）21:00 集計時点の順位です
1:104,671,187
100:16,723,847
1200:4,156,720
※10/26（日）21:01 集計時点の順位です
1:104,808,848
100:16,723,847
1200:4,159,774
※10/26（日）21:02 集計時点の順位です
1:104,945,791
100:16,788,906
1200:4,162,412
※10/26（日）21:03 集計時点の順位です
1:105,083,485
100:16,806,054
1200:4,165,863
※10/26（日）21:04 集計時点の順位です
1:105,219,741
100:16,832,372
1200:4,167,009
※10/26（日）21:05 集計時点の順位です
1:105,348,180
100:16,833,065
1200:4,167,009
※10/26（日）21:06 集計時点の順位です
1:105,481,360
100:16,840,371
1200:4,168,910
※10/26（日）21:07 集計時点の順位です
1:105,617,805
100:16,850,172
1200:4,174,453
※10/26（日）21:08 集計時点の順位です
1:105,748,769
100:16,859,941
1200:4,179,471
※10/26（日）21:09 集計時点の順位です
1:105,890,939
100:16,877,058
1200:4,179,471
※10/26（日）21:10 集計時点の順位です
1:106,014,918
100:16,884,443
1200:4,179,471
※10/26（日）21:11 集計時点の順位です
1:106,148,036
100:16,894,369
1200:4,182,203
※10/26（日）21:12 集計時点の順位です
1:106,284,450
100:16,901,738
1200:4,185,176
※10/26（日）21:13 集計時点の順位です
1:106,417,592
100:16,916,388
1200:4,191,282
※10/26（日）21:14 集計時点の順位です
1:106,550,533
100:16,933,554
1200:4,202,699
※10/26（日）21:15 集計時点の順位です
1:106,683,656
100:16,940,889
1200:4,210,622
※10/26（日）21:16 集計時点の順位です
1:106,819,894
100:16,955,537
1200:4,221,248
※10/26（日）21:17 集計時点の順位です
1:106,952,664
100:16,962,823
1200:4,245,832
※10/26（日）21:18 集計時点の順位です
1:107,081,347
100:16,972,589
1200:4,265,319
※10/26（日）21:19 集計時点の順位です
1:107,223,302
100:16,979,928
1200:4,274,428
※10/26（日）21:20 集計時点の順位です
1:107,355,086
100:16,994,544
1200:4,282,479
※10/26（日）21:21 集計時点の順位です
1:107,486,920
100:17,012,080
1200:4,284,515
※10/26（日）21:22 集計時点の順位です
1:107,619,383
100:17,014,149
1200:4,290,888
※10/26（日）21:23 集計時点の順位です
1:107,747,867
100:17,131,443
1200:4,297,128
※10/26（日）21:24 集計時点の順位です
1:107,880,496
100:17,172,552
1200:4,310,811
※10/26（日）21:25 集計時点の順位です
1:108,012,925
100:17,172,552
1200:4,318,922
※10/26（日）21:26 集計時点の順位です
1:108,150,265
100:17,172,552
1200:4,322,962
※10/26（日）21:27 集計時点の順位です
1:108,286,337
100:17,172,552
1200:4,332,554
※10/26（日）21:28 集計時点の順位です
1:108,368,255
100:17,216,488
1200:4,344,997
※10/26（日）21:29 集計時点の順位です
1:108,452,510
100:17,216,488
1200:4,350,318
※10/26（日）21:30 集計時点の順位です
1:109,059,823
100:17,216,488
1200:4,388,703
※10/26（日）21:31 集計時点の順位です
1:109,685,974
100:17,283,052
1200:4,407,277
※10/26（日）21:32 集計時点の順位です
1:110,335,196
100:17,348,782
1200:4,429,868
※10/26（日）21:33 集計時点の順位です
1:110,980,039
100:17,352,836
1200:4,441,841
※10/26（日）21:34 集計時点の順位です
1:111,688,159
100:17,438,309
1200:4,446,662
※10/26（日）21:35 集計時点の順位です
1:112,316,468
100:17,455,995
1200:4,449,245
※10/26（日）21:36 集計時点の順位です
1:112,858,840
100:17,490,010
1200:4,481,424
※10/26（日）21:37 集計時点の順位です
1:113,524,910
100:17,490,010
1200:4,493,588
※10/26（日）21:38 集計時点の順位です
1:114,153,279
100:17,497,750
1200:4,509,899
※10/26（日）21:39 集計時点の順位です
1:114,799,538
100:17,505,223
1200:4,533,073
※10/26（日）21:40 集計時点の順位です
1:114,891,859
100:17,521,681
1200:4,560,996
※10/26（日）21:41 集計時点の順位です
1:114,965,811
100:17,659,244
1200:4,597,790
※10/26（日）21:42 集計時点の順位です
1:115,044,930
100:17,664,332
1200:4,607,954
※10/26（日）21:43 集計時点の順位です
1:115,118,863
100:17,751,010
1200:4,608,622
※10/26（日）21:44 集計時点の順位です
1:115,198,149
100:17,751,010
1200:4,626,172
※10/26（日）21:45 集計時点の順位です
1:115,272,098
100:17,845,935
1200:4,633,553
※10/26（日）21:46 集計時点の順位です
1:115,351,006
100:18,116,668
1200:4,647,253
※10/26（日）21:47 集計時点の順位です
1:115,427,267
100:18,203,624
1200:4,650,167
※10/26（日）21:48 集計時点の順位です
1:115,506,186
100:18,333,644
1200:4,654,672
※10/26（日）21:49 集計時点の順位です
1:115,582,824
100:18,484,881
1200:4,660,273
※10/26（日）21:50 集計時点の順位です
1:115,659,160
100:18,489,988
1200:4,667,062
※10/26（日）21:51 集計時点の順位です
1:115,735,629
100:18,492,534
1200:4,676,159
※10/26（日）21:52 集計時点の順位です
1:115,814,641
100:18,495,092
1200:4,682,785
※10/26（日）21:53 集計時点の順位です
1:115,893,349
100:18,497,413
1200:4,684,171
※10/26（日）21:54 集計時点の順位です
1:115,969,974
100:18,502,525
1200:4,696,988
※10/26（日）21:55 集計時点の順位です
1:116,046,235
100:18,510,102
1200:4,696,988
※10/26（日）21:56 集計時点の順位です
1:116,125,020
100:18,510,102
1200:4,726,745
※10/26（日）21:57 集計時点の順位です
1:116,201,363
100:18,515,203
1200:4,726,745
※10/26（日）21:58 集計時点の順位です
1:116,275,450
100:18,515,203
1200:4,731,024
※10/26（日）21:59 集計時点の順位です
1:116,344,228
100:18,515,203
1200:4,734,912
※10/26（日）22:00 集計時点の順位です
1:116,972,685
100:18,520,300
1200:4,757,388
※10/26（日）22:01 集計時点の順位です
1:117,601,301
100:18,522,854
1200:4,831,451
※10/26（日）22:02 集計時点の順位です
1:118,248,559
100:18,590,535
1200:4,851,080
※10/26（日）22:03 集計時点の順位です
1:118,935,773
100:18,657,134
1200:4,885,682
※10/26（日）22:04 集計時点の順位です
1:119,606,139
100:18,678,126
1200:4,920,752
※10/26（日）22:05 集計時点の順位です
1:120,205,326
100:18,706,594
1200:4,935,866
※10/26（日）22:06 集計時点の順位です
1:120,854,810
100:18,783,278
1200:4,936,400
※10/26（日）22:07 集計時点の順位です
1:121,498,069
100:18,783,278
1200:4,948,640
※10/26（日）22:08 集計時点の順位です
1:122,185,048
100:18,883,707
1200:5,007,685
※10/26（日）22:09 集計時点の順位です
1:122,777,294
100:18,886,281
1200:5,027,633
※10/26（日）22:10 集計時点の順位です
1:122,873,130
100:18,896,335
1200:5,033,520
※10/26（日）22:11 集計時点の順位です
1:123,064,600
100:18,906,708
1200:5,052,687
※10/26（日）22:12 集計時点の順位です
1:123,263,191
100:18,919,545
1200:5,067,411
※10/26（日）22:13 集計時点の順位です
1:123,448,516
100:18,929,783
1200:5,105,092
※10/26（日）22:14 集計時点の順位です
1:123,647,184
100:18,937,479
1200:5,129,823
※10/26（日）22:15 集計時点の順位です
1:123,832,623
100:18,958,527
1200:5,132,907
※10/26（日）22:16 集計時点の順位です
1:123,859,215
100:19,003,606
1200:5,132,907
※10/26（日）22:17 集計時点の順位です
1:123,859,215
100:19,027,622
1200:5,143,856
※10/26（日）22:18 集計時点の順位です
1:123,859,215
100:19,042,290
1200:5,144,463
※10/26（日）22:19 集計時点の順位です
1:123,859,215
100:19,071,378
1200:5,146,730
※10/26（日）22:20 集計時点の順位です
1:124,025,109
100:19,078,584
1200:5,146,730
※10/26（日）22:21 集計時点の順位です
1:124,223,002
100:19,104,636
1200:5,162,805
※10/26（日）22:22 集計時点の順位です
1:124,415,603
100:19,129,821
1200:5,214,230
※10/26（日）22:23 集計時点の順位です
1:124,608,142
100:19,129,821
1200:5,222,499
※10/26（日）22:24 集計時点の順位です
1:124,806,792
100:19,129,821
1200:5,229,412
※10/26（日）22:25 集計時点の順位です
1:124,992,116
100:19,129,821
1200:5,229,412
※10/26（日）22:26 集計時点の順位です
1:125,183,477
100:19,129,821
1200:5,229,412
※10/26（日）22:27 集計時点の順位です
1:125,380,711
100:19,129,821
1200:5,229,536
※10/26（日）22:28 集計時点の順位です
1:125,518,881
100:19,129,821
1200:5,241,090
※10/26（日）22:29 集計時点の順位です
1:125,770,106
100:19,129,821
1200:5,247,575
※10/26（日）22:30 集計時点の順位です
1:126,419,486
100:19,145,140
1200:5,264,653
※10/26（日）22:31 集計時点の順位です
1:127,058,415
100:19,145,140
1200:5,315,032
※10/26（日）22:32 集計時点の順位です
1:127,747,744
100:19,145,140
1200:5,322,423
※10/26（日）22:33 集計時点の順位です
1:128,418,025
100:19,160,106
1200:5,338,393
※10/26（日）22:34 集計時点の順位です
1:129,106,974
100:19,160,106
1200:5,368,558
※10/26（日）22:35 集計時点の順位です
1:129,752,255
100:19,274,230
1200:5,372,787
※10/26（日）22:36 集計時点の順位です
1:130,273,848
100:19,274,230
1200:5,391,579
※10/26（日）22:37 集計時点の順位です
1:130,705,341
100:19,295,236
1200:5,403,110
※10/26（日）22:38 集計時点の順位です
1:131,350,454
100:19,316,252
1200:5,434,172
※10/26（日）22:39 集計時点の順位です
1:131,997,752
100:19,340,500
1200:5,436,646
※10/26（日）22:40 集計時点の順位です
1:132,090,625
100:19,356,828
1200:5,455,364
※10/26（日）22:41 集計時点の順位です
1:132,282,383
100:19,441,053
1200:5,461,069
※10/26（日）22:42 集計時点の順位です
1:132,481,545
100:19,602,479
1200:5,476,240
※10/26（日）22:43 集計時点の順位です
1:132,679,495
100:19,698,471
1200:5,488,919
※10/26（日）22:44 集計時点の順位です
1:132,779,023
100:19,831,074
1200:5,496,459
※10/26（日）22:45 集計時点の順位です
1:132,779,023
100:19,960,814
1200:5,501,137
※10/26（日）22:46 集計時点の順位です
1:132,779,023
100:20,022,534
1200:5,503,906
※10/26（日）22:47 集計時点の順位です
1:132,779,023
100:20,125,618
1200:5,516,689
※10/26（日）22:48 集計時点の順位です
1:132,852,049
100:20,190,132
1200:5,521,772
※10/26（日）22:49 集計時点の順位です
1:133,063,873
100:20,253,990
1200:5,529,359
※10/26（日）22:50 集計時点の順位です
1:133,255,938
100:20,275,877
1200:5,531,931
※10/26（日）22:51 集計時点の順位です
1:133,308,923
100:20,280,441
1200:5,542,392
※10/26（日）22:52 集計時点の順位です
1:133,308,923
100:20,367,801
1200:5,547,612
※10/26（日）22:53 集計時点の順位です
1:133,308,923
100:20,430,065
1200:5,553,372
※10/26（日）22:54 集計時点の順位です
1:133,975,080
100:20,454,458
1200:5,562,711
※10/26（日）22:55 集計時点の順位です
1:134,664,227
100:20,467,260
1200:5,577,981
※10/26（日）22:56 集計時点の順位です
1:135,351,331
100:20,472,369
1200:5,602,346
※10/26（日）22:57 集計時点の順位です
1:136,021,547
100:20,473,949
1200:5,602,762
※10/26（日）22:58 集計時点の順位です
1:136,729,485
100:20,473,949
1200:5,607,807
※10/26（日）22:59 集計時点の順位です
1:137,439,529
100:20,503,124
1200:5,607,807
※10/26（日）23:00 集計時点の順位です
1:138,082,532
100:20,571,503
1200:5,640,395
※10/26（日）23:01 集計時点の順位です
1:138,731,802
100:20,809,611
1200:5,710,163
※10/26（日）23:02 集計時点の順位です
1:139,157,934
100:20,819,809
1200:5,753,680
※10/26（日）23:03 集計時点の順位です
1:139,343,771
100:20,916,377
1200:5,765,345
※10/26（日）23:04 集計時点の順位です
1:139,522,997
100:20,954,282
1200:5,771,149
※10/26（日）23:05 集計時点の順位です
1:139,715,505
100:20,985,630
1200:5,811,796
※10/26（日）23:06 集計時点の順位です
1:139,914,690
100:20,993,413
1200:5,830,845
※10/26（日）23:07 集計時点の順位です
1:140,112,325
100:21,006,187
1200:5,870,367
※10/26（日）23:08 集計時点の順位です
1:140,310,987
100:21,008,556
1200:5,890,693
※10/26（日）23:09 集計時点の順位です
1:140,415,657
100:21,089,791
1200:5,918,725
※10/26（日）23:10 集計時点の順位です
1:140,547,618
100:21,097,418
1200:5,936,912
※10/26（日）23:11 集計時点の順位です
1:140,684,942
100:21,293,874
1200:5,969,214
※10/26（日）23:12 集計時点の順位です
1:140,826,387
100:21,311,034
1200:5,971,710
※10/26（日）23:13 集計時点の順位です
1:140,959,105
100:21,311,034
1200:5,988,333
※10/26（日）23:14 集計時点の順位です
1:141,005,105
100:21,311,034
1200:5,997,522
※10/26（日）23:15 集計時点の順位です
1:141,005,105
100:21,311,034
1200:6,020,688
※10/26（日）23:16 集計時点の順位です
1:141,005,105
100:21,311,034
1200:6,033,157
※10/26（日）23:17 集計時点の順位です
1:141,005,105
100:21,311,034
1200:6,041,305
※10/26（日）23:18 集計時点の順位です
1:141,005,105
100:21,311,034
1200:6,041,305
※10/26（日）23:19 集計時点の順位です
1:141,005,105
100:21,355,451
1200:6,041,305
※10/26（日）23:20 集計時点の順位です
1:141,005,105
100:21,355,451
1200:6,041,305
※10/26（日）23:21 集計時点の順位です
1:141,005,105
100:21,355,451
1200:6,104,696
※10/26（日）23:22 集計時点の順位です
1:141,005,105
100:21,355,451
1200:6,117,115
※10/26（日）23:23 集計時点の順位です
1:141,005,105
100:21,402,041
1200:6,128,932
※10/26（日）23:24 集計時点の順位です
1:141,200,216
100:21,515,707
1200:6,145,726
※10/26（日）23:25 集計時点の順位です
1:141,326,270
100:21,643,616
1200:6,166,201
※10/26（日）23:26 集計時点の順位です
1:141,452,340
100:21,790,720
1200:6,190,133
※10/26（日）23:27 集計時点の順位です
1:141,604,304
100:21,799,494
1200:6,192,408
※10/26（日）23:28 集計時点の順位です
1:141,743,799
100:21,804,535
1200:6,192,408
※10/26（日）23:29 集計時点の順位です
1:141,909,149
100:21,828,732
1200:6,212,684
※10/26（日）23:30 集計時点の順位です
1:142,060,513
100:21,925,279
1200:6,250,364
※10/26（日）23:31 集計時点の順位です
1:142,205,904
100:21,982,175
1200:6,291,831
※10/26（日）23:32 集計時点の順位です
1:142,356,753
100:22,103,452
1200:6,333,791
※10/26（日）23:33 集計時点の順位です
1:142,507,969
100:22,126,687
1200:6,369,933
※10/26（日）23:34 集計時点の順位です
1:142,667,354
100:22,195,644
1200:6,383,389
※10/26（日）23:35 集計時点の順位です
1:143,124,139
100:22,235,843
1200:6,402,523
※10/26（日）23:36 集計時点の順位です
1:143,641,562
100:22,291,115
1200:6,413,917
※10/26（日）23:37 集計時点の順位です
1:144,037,458
100:22,426,253
1200:6,452,815
※10/26（日）23:38 集計時点の順位です
1:144,519,268
100:22,446,955
1200:6,477,625
※10/26（日）23:39 集計時点の順位です
1:145,020,060
100:22,504,680
1200:6,510,611
※10/26（日）23:40 集計時点の順位です
1:145,476,719
100:22,504,680
1200:6,527,317
※10/26（日）23:41 集計時点の順位です
1:145,935,481
100:22,533,304
1200:6,549,304
※10/26（日）23:42 集計時点の順位です
1:146,165,920
100:22,643,228
1200:6,583,263
※10/26（日）23:43 集計時点の順位です
1:146,584,976
100:22,685,851
1200:6,615,704
※10/26（日）23:44 集計時点の順位です
1:147,022,729
100:22,833,175
1200:6,649,882
※10/26（日）23:45 集計時点の順位です
1:147,075,834
100:22,959,496
1200:6,682,172
※10/26（日）23:46 集計時点の順位です
1:147,181,983
100:23,106,773
1200:6,705,267
※10/26（日）23:47 集計時点の順位です
1:147,302,561
100:23,203,088
1200:6,734,104
※10/26（日）23:48 集計時点の順位です
1:147,656,451
100:23,274,573
1200:6,776,412
※10/26（日）23:49 集計時点の順位です
1:147,949,659
100:23,274,573
1200:6,812,216
※10/26（日）23:50 集計時点の順位です
1:148,200,983
100:23,374,837
1200:6,840,215
※10/26（日）23:51 集計時点の順位です
1:148,452,322
100:23,426,765
1200:6,883,692
※10/26（日）23:52 集計時点の順位です
1:148,682,696
100:23,594,814
1200:6,905,574
※10/26（日）23:53 集計時点の順位です
1:148,976,032
100:23,602,592
1200:6,933,578
※10/26（日）23:54 集計時点の順位です
1:149,307,122
100:23,615,492
1200:6,955,298
※10/26（日）23:55 集計時点の順位です
1:149,600,430
100:23,625,849
1200:6,986,752
※10/26（日）23:56 集計時点の順位です
1:149,788,970
100:23,631,003
1200:7,008,690
※10/26（日）23:57 集計時点の順位です
1:149,927,901
100:23,633,607
1200:7,037,076
※10/26（日）23:58 集計時点の順位です
