1:38,938
100:5,483
1200:0
※12/10（水）17:02 集計時点の順位です
1:92,876
100:10,220
1200:1,276
※12/10（水）17:03 集計時点の順位です
1:147,532
100:14,137
1200:2,547
※12/10（水）17:04 集計時点の順位です
1:147,532
100:14,137
1200:2,547
※12/10（水）17:04 集計時点の順位です
1:259,682
100:26,168
1200:4,509
※12/10（水）17:06 集計時点の順位です
1:319,390
100:32,608
1200:5,322
※12/10（水）17:07 集計時点の順位です
1:374,289
100:39,639
1200:6,154
※12/10（水）17:08 集計時点の順位です
1:434,247
100:46,494
1200:6,945
※12/10（水）17:09 集計時点の順位です
1:434,247
100:46,494
1200:6,945
※12/10（水）17:09 集計時点の順位です
1:494,215
100:53,525
1200:7,851
※12/10（水）17:10 集計時点の順位です
1:577,728
100:65,091
1200:9,533
※12/10（水）17:12 集計時点の順位です
1:621,813
100:73,364
1200:10,283
※12/10（水）17:13 集計時点の順位です
1:621,813
100:73,364
1200:10,283
※12/10（水）17:13 集計時点の順位です
1:833,391
100:79,244
1200:11,057
※12/10（水）17:14 集計時点の順位です
1:1,309,560
100:91,701
1200:12,606
※12/10（水）17:16 集計時点の順位です
1:1,580,792
100:97,114
1200:13,411
※12/10（水）17:17 集計時点の順位です
1:1,852,526
100:105,696
1200:14,424
※12/10（水）17:18 集計時点の順位です
1:2,164,642
100:110,143
1200:15,279
※12/10（水）17:19 集計時点の順位です
1:2,164,642
100:110,143
1200:15,279
※12/10（水）17:19 集計時点の順位です
1:2,764,248
100:127,730
1200:17,103
※12/10（水）17:21 集計時点の順位です
1:2,833,663
100:138,056
1200:18,209
※12/10（水）17:22 集計時点の順位です
1:2,890,951
100:147,327
1200:19,395
※12/10（水）17:23 集計時点の順位です
1:2,890,951
100:147,327
1200:19,395
※12/10（水）17:23 集計時点の順位です
1:2,942,059
100:158,817
1200:20,084
※12/10（水）17:24 集計時点の順位です
1:3,280,116
100:174,485
1200:21,965
※12/10（水）17:26 集計時点の順位です
1:3,570,841
100:186,463
1200:22,958
※12/10（水）17:27 集計時点の順位です
1:3,570,841
100:186,463
1200:22,958
※12/10（水）17:27 集計時点の順位です
1:4,192,647
100:205,748
1200:24,740
※12/10（水）17:29 集計時点の順位です
1:4,192,647
100:205,748
1200:24,740
※12/10（水）17:29 集計時点の順位です
1:4,798,570
100:219,472
1200:26,791
※12/10（水）17:31 集計時点の順位です
1:5,090,876
100:235,715
1200:27,610
※12/10（水）17:32 集計時点の順位です
1:5,340,051
100:239,841
1200:28,511
※12/10（水）17:33 集計時点の順位です
1:5,632,886
100:247,386
1200:29,622
※12/10（水）17:34 集計時点の順位です
1:5,632,886
100:247,386
1200:29,622
※12/10（水）17:34 集計時点の順位です
1:5,931,947
100:261,182
1200:31,510
※12/10（水）17:36 集計時点の順位です
1:5,931,947
100:276,224
1200:32,416
※12/10（水）17:37 集計時点の順位です
1:5,931,947
100:276,224
1200:32,416
※12/10（水）17:37 集計時点の順位です
1:5,931,947
100:292,430
1200:35,282
※12/10（水）17:39 集計時点の順位です
1:5,931,947
100:292,430
1200:35,282
※12/10（水）17:39 集計時点の順位です
1:5,931,947
100:306,605
1200:36,961
※12/10（水）17:41 集計時点の順位です
1:5,931,947
100:306,605
1200:36,961
※12/10（水）17:41 集計時点の順位です
1:5,931,947
100:325,566
1200:39,414
※12/10（水）17:43 集計時点の順位です
1:5,931,947
100:332,704
1200:40,232
※12/10（水）17:44 集計時点の順位です
1:5,931,947
100:332,704
1200:40,232
※12/10（水）17:44 集計時点の順位です
1:5,931,947
100:358,663
1200:41,820
※12/10（水）17:46 集計時点の順位です
1:5,931,947
100:371,095
1200:42,776
※12/10（水）17:47 集計時点の順位です
1:5,931,947
100:385,198
1200:44,225
※12/10（水）17:48 集計時点の順位です
1:5,931,947
100:385,198
1200:44,225
※12/10（水）17:48 集計時点の順位です
1:5,944,056
100:386,669
1200:45,669
※12/10（水）17:49 集計時点の順位です
1:6,135,523
100:389,957
1200:46,602
※12/10（水）17:50 集計時点の順位です
1:6,681,342
100:407,447
1200:48,393
※12/10（水）17:52 集計時点の順位です
1:6,681,342
100:407,447
1200:48,393
※12/10（水）17:52 集計時点の順位です
1:7,183,306
100:430,059
1200:50,300
※12/10（水）17:54 集計時点の順位です
1:7,183,306
100:430,059
1200:50,300
※12/10（水）17:54 集計時点の順位です
1:7,808,476
100:442,954
1200:52,562
※12/10（水）17:56 集計時点の順位です
1:7,808,476
100:442,954
1200:52,562
※12/10（水）17:56 集計時点の順位です
1:8,097,089
100:451,999
1200:53,146
※12/10（水）17:57 集計時点の順位です
1:8,500,375
100:469,174
1200:54,952
※12/10（水）17:59 集計時点の順位です
1:8,500,375
100:469,174
1200:54,952
※12/10（水）17:59 集計時点の順位です
1:8,709,444
100:486,003
1200:56,395
※12/10（水）18:00 集計時点の順位です
1:9,043,349
100:497,413
1200:57,852
※12/10（水）18:01 集計時点の順位です
1:9,687,325
100:544,500
1200:59,160
※12/10（水）18:03 集計時点の順位です
1:9,935,938
100:579,820
1200:60,570
※12/10（水）18:04 集計時点の順位です
1:9,935,938
100:579,820
1200:60,570
※12/10（水）18:04 集計時点の順位です
1:10,500,148
100:623,654
1200:62,584
※12/10（水）18:06 集計時点の順位です
1:10,500,148
100:623,654
1200:62,584
※12/10（水）18:06 集計時点の順位です
1:10,771,624
100:626,232
1200:63,611
※12/10（水）18:07 集計時点の順位です
1:11,080,812
100:649,619
1200:64,451
※12/10（水）18:08 集計時点の順位です
1:11,359,276
100:691,548
1200:65,228
※12/10（水）18:09 集計時点の順位です
1:11,568,392
100:711,764
1200:66,033
※12/10（水）18:10 集計時点の順位です
1:11,839,947
100:720,544
1200:66,739
※12/10（水）18:11 集計時点の順位です
1:12,109,628
100:740,358
1200:68,080
※12/10（水）18:12 集計時点の順位です
1:12,423,402
100:752,494
1200:70,180
※12/10（水）18:13 集計時点の順位です
1:12,734,347
100:758,313
1200:71,480
※12/10（水）18:14 集計時点の順位です
1:12,985,592
100:766,514
1200:72,349
※12/10（水）18:15 集計時点の順位です
1:13,252,527
100:772,967
1200:73,193
※12/10（水）18:16 集計時点の順位です
1:13,566,353
100:772,967
1200:73,993
※12/10（水）18:17 集計時点の順位です
1:13,877,921
100:780,832
1200:75,297
※12/10（水）18:18 集計時点の順位です
1:14,212,228
100:796,176
1200:76,336
※12/10（水）18:19 集計時点の順位です
1:14,357,740
100:815,543
1200:77,862
※12/10（水）18:21 集計時点の順位です
1:14,415,598
100:822,195
1200:79,638
※12/10（水）18:22 集計時点の順位です
1:14,415,598
100:822,195
1200:79,638
※12/10（水）18:22 集計時点の順位です
1:14,566,959
100:831,452
1200:80,459
※12/10（水）18:23 集計時点の順位です
1:14,774,755
100:834,011
1200:82,218
※12/10（水）18:24 集計時点の順位です
1:15,025,327
100:834,011
1200:83,303
※12/10（水）18:25 集計時点の順位です
1:15,211,178
100:836,567
1200:84,651
※12/10（水）18:26 集計時点の順位です
1:15,294,601
100:839,124
1200:85,769
※12/10（水）18:27 集計時点の順位です
1:15,482,857
100:855,021
1200:86,346
※12/10（水）18:28 集計時点の順位です
1:15,587,315
100:868,492
1200:88,209
※12/10（水）18:29 集計時点の順位です
1:15,898,388
100:899,166
1200:89,793
※12/10（水）18:30 集計時点の順位です
1:16,272,031
100:928,357
1200:91,632
※12/10（水）18:31 集計時点の順位です
1:16,666,711
100:939,371
1200:93,542
※12/10（水）18:32 集計時点の順位です
1:16,893,888
100:957,333
1200:94,952
※12/10（水）18:33 集計時点の順位です
1:16,951,166
100:1,000,688
1200:96,740
※12/10（水）18:34 集計時点の順位です
1:16,996,844
100:1,009,315
1200:98,763
※12/10（水）18:35 集計時点の順位です
1:17,048,313
100:1,042,562
1200:100,160
※12/10（水）18:36 集計時点の順位です
1:17,112,531
100:1,058,938
1200:101,249
※12/10（水）18:37 集計時点の順位です
1:17,509,394
100:1,077,041
1200:102,602
※12/10（水）18:38 集計時点の順位です
1:17,925,625
100:1,087,161
1200:103,527
※12/10（水）18:39 集計時点の順位です
1:18,343,605
100:1,097,833
1200:105,145
※12/10（水）18:40 集計時点の順位です
1:18,694,536
100:1,103,053
1200:106,452
※12/10（水）18:41 集計時点の順位です
1:19,091,853
100:1,109,854
1200:107,883
※12/10（水）18:42 集計時点の順位です
1:19,508,007
100:1,189,534
1200:109,727
※12/10（水）18:43 集計時点の順位です
1:19,901,379
100:1,209,218
1200:112,031
※12/10（水）18:44 集計時点の順位です
1:20,298,701
100:1,213,106
1200:114,380
※12/10（水）18:45 集計時点の順位です
1:20,570,757
100:1,235,286
1200:118,866
※12/10（水）18:46 集計時点の順位です
1:20,738,186
100:1,318,919
1200:121,458
※12/10（水）18:47 集計時点の順位です
1:20,751,634
100:1,362,902
1200:122,769
※12/10（水）18:48 集計時点の順位です
1:20,777,117
100:1,409,421
1200:125,515
※12/10（水）18:49 集計時点の順位です
1:20,795,191
100:1,430,779
1200:128,487
※12/10（水）18:50 集計時点の順位です
1:20,811,472
100:1,450,804
1200:132,595
※12/10（水）18:51 集計時点の順位です
1:20,836,443
100:1,512,940
1200:137,135
※12/10（水）18:52 集計時点の順位です
1:20,849,974
100:1,546,537
1200:140,675
※12/10（水）18:53 集計時点の順位です
1:20,877,289
100:1,581,599
1200:145,721
※12/10（水）18:54 集計時点の順位です
1:20,902,987
100:1,609,400
1200:152,300
※12/10（水）18:55 集計時点の順位です
1:20,926,247
100:1,621,725
1200:156,739
※12/10（水）18:56 集計時点の順位です
1:20,940,362
100:1,650,081
1200:163,359
※12/10（水）18:57 集計時点の順位です
1:20,956,736
100:1,694,469
1200:167,135
※12/10（水）18:58 集計時点の順位です
1:20,968,280
100:1,724,340
1200:171,626
※12/10（水）18:59 集計時点の順位です
1:20,968,280
100:1,750,728
1200:174,583
※12/10（水）19:00 集計時点の順位です
1:20,968,280
100:1,750,728
1200:174,583
※12/10（水）19:01 集計時点の順位です
1:20,968,280
100:1,750,728
1200:174,583
※12/10（水）19:02 集計時点の順位です
1:20,968,280
100:1,750,728
1200:174,583
※12/10（水）19:03 集計時点の順位です
1:20,968,280
100:1,750,728
1200:174,583
※12/10（水）19:04 集計時点の順位です
1:20,968,280
100:1,750,728
1200:174,583
※12/10（水）21:59 集計時点の順位です
1:20,968,280
100:1,750,728
1200:174,583
※12/10（水）22:00 集計時点の順位です
1:20,968,280
100:1,754,896
1200:174,908
※12/10（水）22:01 集計時点の順位です
1:20,968,280
100:1,754,896
1200:175,801
※12/10（水）22:02 集計時点の順位です
1:20,968,280
100:1,754,896
1200:178,451
※12/10（水）22:03 集計時点の順位です
1:20,968,280
100:1,754,896
1200:179,475
※12/10（水）22:04 集計時点の順位です
1:20,968,280
100:1,758,082
1200:181,971
※12/10（水）22:05 集計時点の順位です
1:20,968,280
100:1,760,101
1200:183,142
※12/10（水）22:06 集計時点の順位です
1:20,968,280
100:1,760,101
1200:185,498
※12/10（水）22:07 集計時点の順位です
1:20,968,280
100:1,780,091
1200:187,959
※12/10（水）22:08 集計時点の順位です
1:20,968,280
100:1,780,091
1200:190,513
※12/10（水）22:09 集計時点の順位です
1:20,968,280
100:1,803,407
1200:194,388
※12/10（水）22:10 集計時点の順位です
1:20,968,280
100:1,820,437
1200:197,392
※12/10（水）22:11 集計時点の順位です
1:20,968,280
100:1,845,414
1200:200,282
※12/10（水）22:12 集計時点の順位です
1:20,968,280
100:1,854,965
1200:202,200
※12/10（水）22:13 集計時点の順位です
1:20,968,280
100:1,868,219
1200:205,479
※12/10（水）22:14 集計時点の順位です
1:20,968,280
100:1,876,702
1200:207,399
※12/10（水）22:15 集計時点の順位です
1:20,968,280
100:1,876,702
1200:209,693
※12/10（水）22:16 集計時点の順位です
1:20,968,280
100:1,889,231
1200:211,508
※12/10（水）22:17 集計時点の順位です
1:20,968,280
100:1,891,001
1200:214,827
※12/10（水）22:18 集計時点の順位です
1:20,968,280
100:1,895,863
1200:216,142
※12/10（水）22:19 集計時点の順位です
1:20,968,280
100:1,903,935
1200:218,096
※12/10（水）22:20 集計時点の順位です
1:20,968,280
100:1,918,522
1200:221,338
※12/10（水）22:21 集計時点の順位です
1:20,968,280
100:1,918,522
1200:222,528
※12/10（水）22:22 集計時点の順位です
1:20,968,280
100:1,918,522
1200:226,604
※12/10（水）22:23 集計時点の順位です
1:20,968,280
100:1,922,712
1200:228,158
※12/10（水）22:24 集計時点の順位です
1:20,968,280
100:1,967,191
1200:231,586
※12/10（水）22:25 集計時点の順位です
1:20,968,280
100:1,996,889
1200:233,490
※12/10（水）22:26 集計時点の順位です
1:20,968,280
100:2,036,015
1200:234,814
※12/10（水）22:27 集計時点の順位です
1:20,968,280
100:2,036,015
1200:237,167
※12/10（水）22:28 集計時点の順位です
1:20,968,280
100:2,040,262
1200:239,323
※12/10（水）22:29 集計時点の順位です
1:20,968,280
100:2,046,528
1200:241,093
※12/10（水）22:30 集計時点の順位です
1:20,968,280
100:2,048,576
1200:244,731
※12/10（水）22:31 集計時点の順位です
1:20,968,280
100:2,086,756
1200:248,474
※12/10（水）22:32 集計時点の順位です
1:20,968,280
100:2,129,088
1200:252,273
※12/10（水）22:33 集計時点の順位です
1:20,968,280
100:2,154,587
1200:256,595
※12/10（水）22:34 集計時点の順位です
1:20,968,280
100:2,197,287
1200:258,421
※12/10（水）22:35 集計時点の順位です
1:20,968,280
100:2,224,750
1200:261,101
※12/10（水）22:36 集計時点の順位です
1:20,968,280
100:2,285,690
1200:262,725
※12/10（水）22:37 集計時点の順位です
1:20,968,280
100:2,304,905
1200:266,247
※12/10（水）22:38 集計時点の順位です
1:20,968,280
100:2,319,918
1200:267,602
※12/10（水）22:39 集計時点の順位です
1:20,968,280
100:2,329,288
1200:272,230
※12/10（水）22:40 集計時点の順位です
1:20,968,280
100:2,329,288
1200:274,962
※12/10（水）22:41 集計時点の順位です
1:20,968,280
100:2,329,288
1200:277,448
※12/10（水）22:42 集計時点の順位です
1:20,968,280
100:2,329,288
1200:279,713
※12/10（水）22:43 集計時点の順位です
1:20,968,280
100:2,379,330
1200:282,290
※12/10（水）22:44 集計時点の順位です
1:20,968,280
100:2,379,330
1200:284,633
※12/10（水）22:45 集計時点の順位です
1:20,968,280
100:2,379,330
1200:286,087
※12/10（水）22:46 集計時点の順位です
1:20,968,280
100:2,379,330
1200:287,934
※12/10（水）22:47 集計時点の順位です
1:20,968,280
100:2,379,330
1200:289,449
※12/10（水）22:48 集計時点の順位です
1:20,968,280
100:2,379,330
1200:292,019
※12/10（水）22:49 集計時点の順位です
1:20,968,280
100:2,381,838
1200:294,274
※12/10（水）22:50 集計時点の順位です
1:20,968,280
100:2,412,789
1200:295,257
※12/10（水）22:51 集計時点の順位です
1:20,968,280
100:2,412,789
1200:300,497
※12/10（水）22:52 集計時点の順位です
1:20,968,280
100:2,445,451
1200:301,686
※12/10（水）22:53 集計時点の順位です
1:20,968,280
100:2,470,801
1200:303,731
※12/10（水）22:54 集計時点の順位です
1:20,968,280
100:2,480,656
1200:304,170
※12/10（水）22:55 集計時点の順位です
1:20,968,280
100:2,488,350
1200:305,901
※12/10（水）22:56 集計時点の順位です
1:20,968,280
100:2,537,228
1200:306,223
※12/10（水）22:57 集計時点の順位です
1:20,968,280
100:2,545,643
1200:308,782
※12/10（水）22:58 集計時点の順位です
1:20,968,280
100:2,577,418
1200:309,971
※12/10（水）22:59 集計時点の順位です
1:20,968,280
100:2,602,214
1200:313,518
※12/10（水）23:00 集計時点の順位です
1:20,968,280
100:2,634,173
1200:317,188
※12/10（水）23:01 集計時点の順位です
1:20,968,280
100:2,672,792
1200:323,684
※12/10（水）23:02 集計時点の順位です
1:20,968,280
100:2,787,369
1200:330,018
※12/10（水）23:03 集計時点の順位です
1:21,479,211
100:2,946,299
1200:336,886
※12/10（水）23:04 集計時点の順位です
1:22,072,114
100:3,009,497
1200:341,657
※12/10（水）23:05 集計時点の順位です
1:22,562,537
100:3,077,035
1200:347,378
※12/10（水）23:06 集計時点の順位です
1:23,136,714
100:3,117,507
1200:351,541
※12/10（水）23:07 集計時点の順位です
1:23,648,765
100:3,233,350
1200:355,971
※12/10（水）23:08 集計時点の順位です
1:24,222,622
100:3,362,065
1200:360,390
※12/10（水）23:09 集計時点の順位です
1:24,764,900
100:3,532,628
1200:362,730
※12/10（水）23:10 集計時点の順位です
1:24,803,441
100:3,551,877
1200:367,537
※12/10（水）23:11 集計時点の順位です
1:24,847,302
100:3,560,002
1200:369,040
※12/10（水）23:12 集計時点の順位です
1:24,896,306
100:3,582,870
1200:370,684
※12/10（水）23:13 集計時点の順位です
1:24,947,893
100:3,601,107
1200:373,880
※12/10（水）23:14 集計時点の順位です
1:25,001,786
100:3,647,312
1200:376,046
※12/10（水）23:15 集計時点の順位です
1:25,042,772
100:3,684,309
1200:378,597
※12/10（水）23:16 集計時点の順位です
1:25,103,601
100:3,725,850
1200:380,628
※12/10（水）23:17 集計時点の順位です
1:25,152,250
100:3,735,906
1200:382,913
※12/10（水）23:18 集計時点の順位です
1:25,205,533
100:3,771,405
1200:385,020
※12/10（水）23:19 集計時点の順位です
1:25,259,313
100:3,776,579
1200:388,599
※12/10（水）23:20 集計時点の順位です
1:25,310,458
100:3,778,037
1200:390,321
※12/10（水）23:21 集計時点の順位です
1:25,364,206
100:3,781,592
1200:393,125
※12/10（水）23:22 集計時点の順位です
1:25,417,681
100:3,801,645
1200:394,023
※12/10（水）23:23 集計時点の順位です
1:25,466,700
100:3,801,891
1200:396,567
※12/10（水）23:24 集計時点の順位です
1:25,517,921
100:3,808,868
1200:397,571
※12/10（水）23:25 集計時点の順位です
1:25,566,896
100:3,816,306
1200:401,013
※12/10（水）23:26 集計時点の順位です
1:25,612,724
100:3,837,676
1200:402,851
※12/10（水）23:27 集計時点の順位です
1:25,664,461
100:3,915,641
1200:403,421
※12/10（水）23:28 集計時点の順位です
1:25,713,653
100:3,954,106
1200:405,000
※12/10（水）23:29 集計時点の順位です
1:25,764,982
100:3,954,106
1200:405,461
※12/10（水）23:30 集計時点の順位です
1:25,976,585
100:4,021,876
1200:408,611
※12/10（水）23:31 集計時点の順位です
1:26,360,107
100:4,118,183
1200:414,388
※12/10（水）23:32 集計時点の順位です
1:26,872,706
100:4,231,694
1200:419,236
※12/10（水）23:33 集計時点の順位です
1:27,408,065
100:4,377,031
1200:424,578
※12/10（水）23:34 集計時点の順位です
1:27,964,674
100:4,513,372
1200:426,909
※12/10（水）23:35 集計時点の順位です
1:28,474,465
100:4,584,011
1200:430,206
※12/10（水）23:36 集計時点の順位です
1:29,024,549
100:4,636,314
1200:436,199
※12/10（水）23:37 集計時点の順位です
1:29,579,319
100:4,692,812
1200:438,947
※12/10（水）23:38 集計時点の順位です
1:30,110,298
100:4,789,267
1200:442,675
※12/10（水）23:39 集計時点の順位です
1:30,645,750
100:4,882,821
1200:447,239
※12/10（水）23:40 集計時点の順位です
1:30,754,298
100:4,987,181
1200:451,676
※12/10（水）23:41 集計時点の順位です
1:30,810,674
100:5,048,536
1200:457,121
※12/10（水）23:42 集計時点の順位です
1:30,866,838
100:5,052,133
1200:462,052
※12/10（水）23:43 集計時点の順位です
1:30,920,899
100:5,113,482
1200:467,467
※12/10（水）23:44 集計時点の順位です
1:30,974,908
100:5,119,828
1200:476,283
※12/10（水）23:45 集計時点の順位です
1:31,028,580
100:5,127,651
1200:479,712
※12/10（水）23:46 集計時点の順位です
1:31,072,193
100:5,215,728
1200:486,564
※12/10（水）23:47 集計時点の順位です
1:31,126,369
100:5,317,373
1200:491,740
※12/10（水）23:48 集計時点の順位です
1:31,175,473
100:5,334,184
1200:500,472
※12/10（水）23:49 集計時点の順位です
1:31,231,222
100:5,383,485
1200:507,464
※12/10（水）23:50 集計時点の順位です
1:31,285,102
100:5,383,485
1200:518,166
※12/10（水）23:51 集計時点の順位です
1:31,341,984
100:5,410,205
1200:527,305
※12/10（水）23:52 集計時点の順位です
1:31,393,772
100:5,438,162
1200:535,197
※12/10（水）23:53 集計時点の順位です
1:31,432,220
100:5,465,973
1200:549,281
※12/10（水）23:54 集計時点の順位です
1:31,455,558
100:5,465,973
1200:563,111
※12/10（水）23:55 集計時点の順位です
1:31,506,372
100:5,520,569
1200:576,472
※12/10（水）23:56 集計時点の順位です
1:31,552,166
100:5,542,224
1200:587,411
※12/10（水）23:57 集計時点の順位です
1:31,600,505
100:5,584,765
1200:597,929
※12/10（水）23:58 集計時点の順位です
1:31,654,659
100:5,605,152
1200:606,914
※12/10（水）23:59 集計時点の順位です
1:31,700,823
100:5,668,572
1200:618,806
※12/11（木）00:00 集計時点の順位です
1:31,700,823
100:5,668,572
1200:618,806
※12/11（木）00:01 集計時点の順位です
1:31,700,823
100:5,668,572
1200:618,806
※12/11（木）00:02 集計時点の順位です
1:31,700,823
100:5,668,572
1200:618,806
※12/11（木）00:03 集計時点の順位です
1:31,700,823
100:5,668,572
1200:618,806
※12/11（木）00:04 集計時点の順位です
1:31,700,823
100:5,668,572
1200:618,806
※12/11（木）11:59 集計時点の順位です
1:31,702,126
100:5,668,572
1200:618,806
※12/11（木）12:00 集計時点の順位です
1:31,728,645
100:5,668,572
1200:618,806
※12/11（木）12:01 集計時点の順位です
1:31,789,368
100:5,668,572
1200:618,806
※12/11（木）12:02 集計時点の順位です
1:31,850,416
100:5,668,572
1200:622,113
※12/11（木）12:03 集計時点の順位です
1:31,912,238
100:5,668,572
1200:622,113
※12/11（木）12:04 集計時点の順位です
1:31,968,009
100:5,668,572
1200:624,079
※12/11（木）12:05 集計時点の順位です
1:32,027,150
100:5,668,572
1200:624,079
※12/11（木）12:06 集計時点の順位です
1:32,083,139
100:5,668,572
1200:624,375
※12/11（木）12:07 集計時点の順位です
1:32,147,475
100:5,668,572
1200:626,379
※12/11（木）12:08 集計時点の順位です
1:32,203,777
100:5,668,572
1200:626,766
※12/11（木）12:09 集計時点の順位です
1:32,249,696
100:5,668,572
1200:628,104
※12/11（木）12:10 集計時点の順位です
1:32,305,761
100:5,668,572
1200:631,643
※12/11（木）12:11 集計時点の順位です
1:32,364,783
100:5,668,572
1200:631,747
※12/11（木）12:12 集計時点の順位です
1:32,428,807
100:5,668,572
1200:633,913
※12/11（木）12:13 集計時点の順位です
1:32,487,884
100:5,668,572
1200:636,339
※12/11（木）12:14 集計時点の順位です
1:32,554,556
100:5,668,572
1200:636,626
※12/11（木）12:15 集計時点の順位です
1:32,608,332
100:5,668,572
1200:636,626
※12/11（木）12:16 集計時点の順位です
1:32,667,304
100:5,668,572
1200:636,626
※12/11（木）12:17 集計時点の順位です
1:32,728,731
100:5,668,572
1200:637,185
※12/11（木）12:18 集計時点の順位です
1:32,790,160
100:5,678,041
1200:641,319
※12/11（木）12:19 集計時点の順位です
1:32,849,235
100:5,698,558
1200:641,851
※12/11（木）12:20 集計時点の順位です
1:32,905,399
100:5,719,054
1200:642,857
※12/11（木）12:21 集計時点の順位です
1:32,966,295
100:5,731,825
1200:643,124
※12/11（木）12:22 集計時点の順位です
1:33,022,228
100:5,734,394
1200:646,635
※12/11（木）12:23 集計時点の順位です
1:33,083,407
100:5,739,520
1200:647,731
※12/11（木）12:24 集計時点の順位です
1:33,147,717
100:5,744,648
1200:648,754
※12/11（木）12:25 集計時点の順位です
1:33,201,199
100:5,752,310
1200:649,494
※12/11（木）12:26 集計時点の順位です
1:33,250,148
100:5,752,310
1200:651,681
※12/11（木）12:27 集計時点の順位です
1:33,309,263
100:5,752,310
1200:651,681
※12/11（木）12:28 集計時点の順位です
1:33,345,118
100:5,752,310
1200:653,100
※12/11（木）12:29 集計時点の順位です
1:33,381,172
100:5,752,310
1200:656,748
※12/11（木）12:30 集計時点の順位です
1:33,411,541
100:5,752,310
1200:658,768
※12/11（木）12:31 集計時点の順位です
1:33,429,020
100:5,752,310
1200:662,368
※12/11（木）12:32 集計時点の順位です
1:33,480,402
100:5,787,991
1200:664,564
※12/11（木）12:33 集計時点の順位です
1:33,541,584
100:5,787,991
1200:665,992
※12/11（木）12:34 集計時点の順位です
1:33,599,918
100:5,787,991
1200:669,596
※12/11（木）12:35 集計時点の順位です
1:33,656,175
100:5,787,991
1200:671,012
※12/11（木）12:36 集計時点の順位です
1:33,720,190
100:5,787,991
1200:671,484
※12/11（木）12:37 集計時点の順位です
1:33,779,047
100:5,787,991
1200:673,723
※12/11（木）12:38 集計時点の順位です
1:33,835,077
100:5,885,403
1200:675,904
※12/11（木）12:39 集計時点の順位です
1:33,898,900
100:5,885,403
1200:678,126
※12/11（木）12:40 集計時点の順位です
1:33,955,081
100:5,885,403
1200:681,388
※12/11（木）12:41 集計時点の順位です
1:34,011,208
100:5,885,403
1200:685,480
※12/11（木）12:42 集計時点の順位です
1:34,075,100
100:5,885,403
1200:691,057
※12/11（木）12:43 集計時点の順位です
1:34,128,501
100:5,885,403
1200:692,400
※12/11（木）12:44 集計時点の順位です
1:34,190,133
100:5,890,474
1200:697,635
※12/11（木）12:45 集計時点の順位です
1:34,243,931
100:5,903,089
1200:698,797
※12/11（木）12:46 集計時点の順位です
1:34,300,219
100:5,910,679
1200:705,742
※12/11（木）12:47 集計時点の順位です
1:34,353,952
100:5,923,329
1200:707,035
※12/11（木）12:48 集計時点の順位です
1:34,410,706
100:5,959,809
1200:709,228
※12/11（木）12:49 集計時点の順位です
1:34,472,062
100:5,986,093
1200:714,707
※12/11（木）12:50 集計時点の順位です
1:34,525,510
100:6,025,846
1200:718,567
※12/11（木）12:51 集計時点の順位です
1:34,584,840
100:6,052,985
1200:724,214
※12/11（木）12:52 集計時点の順位です
1:34,646,592
100:6,186,131
1200:729,549
※12/11（木）12:53 集計時点の順位です
1:34,705,129
100:6,186,131
1200:735,613
※12/11（木）12:54 集計時点の順位です
1:34,769,697
100:6,191,390
1200:739,630
※12/11（木）12:55 集計時点の順位です
1:34,823,563
100:6,191,390
1200:742,596
※12/11（木）12:56 集計時点の順位です
1:34,874,985
100:6,191,390
1200:747,792
※12/11（木）12:57 集計時点の順位です
1:34,934,407
100:6,191,390
1200:751,744
※12/11（木）12:58 集計時点の順位です
1:34,988,206
100:6,191,390
1200:757,384
※12/11（木）12:59 集計時点の順位です
1:35,036,900
100:6,191,390
1200:761,750
※12/11（木）13:00 集計時点の順位です
1:35,036,900
100:6,191,390
1200:761,750
※12/11（木）13:01 集計時点の順位です
1:35,036,900
100:6,191,390
1200:761,750
※12/11（木）13:02 集計時点の順位です
1:35,036,900
100:6,191,390
1200:761,750
※12/11（木）13:03 集計時点の順位です
1:35,036,900
100:6,191,390
1200:761,750
※12/11（木）13:04 集計時点の順位です
1:35,036,900
100:6,191,390
1200:761,750
※12/11（木）16:59 集計時点の順位です
1:35,038,206
100:6,191,390
1200:761,750
※12/11（木）17:00 集計時点の順位です
1:35,071,227
100:6,191,390
1200:761,849
※12/11（木）17:01 集計時点の順位です
1:35,106,518
100:6,191,390
1200:761,849
※12/11（木）17:02 集計時点の順位です
1:35,140,436
100:6,191,390
1200:762,522
※12/11（木）17:03 集計時点の順位です
1:35,176,842
100:6,191,390
1200:764,698
※12/11（木）17:04 集計時点の順位です
1:35,194,984
100:6,191,390
1200:765,398
※12/11（木）17:05 集計時点の順位です
1:35,231,329
100:6,191,390
1200:765,398
※12/11（木）17:06 集計時点の順位です
1:35,259,910
100:6,191,390
1200:765,755
※12/11（木）17:07 集計時点の順位です
1:35,306,748
100:6,191,390
1200:766,027
※12/11（木）17:08 集計時点の順位です
1:35,356,095
100:6,191,390
1200:766,027
※12/11（木）17:09 集計時点の順位です
1:35,413,146
100:6,191,390
1200:766,873
※12/11（木）17:10 集計時点の順位です
1:35,464,969
100:6,191,390
1200:767,782
※12/11（木）17:11 集計時点の順位です
1:35,522,334
100:6,191,390
1200:768,658
※12/11（木）17:12 集計時点の順位です
1:35,550,964
100:6,191,390
1200:769,377
※12/11（木）17:13 集計時点の順位です
1:35,597,865
100:6,191,390
1200:770,355
※12/11（木）17:14 集計時点の順位です
1:35,652,748
100:6,199,505
1200:770,382
※12/11（木）17:15 集計時点の順位です
1:35,707,411
100:6,216,701
1200:770,382
※12/11（木）17:16 集計時点の順位です
1:35,751,308
100:6,235,716
1200:770,829
※12/11（木）17:17 集計時点の順位です
1:35,808,642
100:6,255,923
1200:772,040
※12/11（木）17:18 集計時点の順位です
1:35,857,790
100:6,276,033
1200:773,245
※12/11（木）17:19 集計時点の順位です
1:35,914,777
100:6,295,665
1200:773,333
※12/11（木）17:20 集計時点の順位です
1:35,963,356
100:6,295,665
1200:774,172
※12/11（木）17:21 集計時点の順位です
1:36,023,075
100:6,295,665
1200:776,167
※12/11（木）17:22 集計時点の順位です
1:36,072,657
100:6,295,665
1200:777,198
※12/11（木）17:23 集計時点の順位です
1:36,091,021
100:6,303,263
1200:778,275
※12/11（木）17:24 集計時点の順位です
1:36,137,511
100:6,322,702
1200:779,736
※12/11（木）17:25 集計時点の順位です
1:36,186,969
100:6,332,480
1200:779,754
※12/11（木）17:26 集計時点の順位です
1:36,241,332
100:6,345,024
1200:784,237
※12/11（木）17:27 集計時点の順位です
1:36,298,390
100:6,354,838
1200:784,684
※12/11（木）17:28 集計時点の順位です
1:36,358,208
100:6,359,825
1200:785,705
※12/11（木）17:29 集計時点の順位です
1:36,417,986
100:6,365,795
1200:785,705
※12/11（木）17:30 集計時点の順位です
1:36,472,438
100:6,365,795
1200:788,063
※12/11（木）17:31 集計時点の順位です
1:36,526,965
100:6,365,795
1200:789,528
※12/11（木）17:32 集計時点の順位です
1:36,581,443
100:6,365,795
1200:790,579
※12/11（木）17:33 集計時点の順位です
1:36,638,534
100:6,365,795
1200:792,246
※12/11（木）17:34 集計時点の順位です
1:36,695,889
100:6,365,795
1200:794,536
※12/11（木）17:35 集計時点の順位です
1:36,747,952
100:6,365,795
1200:797,168
※12/11（木）17:36 集計時点の順位です
1:36,799,902
100:6,418,989
1200:800,260
※12/11（木）17:37 集計時点の順位です
1:36,828,437
100:6,418,989
1200:801,261
※12/11（木）17:38 集計時点の順位です
1:36,872,481
100:6,418,989
1200:802,807
※12/11（木）17:39 集計時点の順位です
1:36,929,822
100:6,418,989
1200:803,606
※12/11（木）17:40 集計時点の順位です
1:36,982,076
100:6,418,989
1200:803,606
※12/11（木）17:41 集計時点の順位です
1:37,036,752
100:6,418,989
1200:807,010
※12/11（木）17:42 集計時点の順位です
1:37,093,408
100:6,464,848
1200:809,198
※12/11（木）17:43 集計時点の順位です
1:37,129,682
100:6,464,848
1200:809,627
※12/11（木）17:44 集計時点の順位です
1:37,186,804
100:6,464,848
1200:811,318
※12/11（木）17:45 集計時点の順位です
1:37,238,545
100:6,464,848
1200:813,760
※12/11（木）17:46 集計時点の順位です
1:37,293,210
100:6,464,848
1200:814,833
※12/11（木）17:47 集計時点の順位です
1:37,337,346
100:6,464,848
1200:820,001
※12/11（木）17:48 集計時点の順位です
1:37,358,145
100:6,464,848
1200:820,651
※12/11（木）17:49 集計時点の順位です
1:37,407,095
100:6,464,848
1200:821,227
※12/11（木）17:50 集計時点の順位です
1:37,443,538
100:6,464,848
1200:821,506
※12/11（木）17:51 集計時点の順位です
1:37,492,720
100:6,464,848
1200:822,509
※12/11（木）17:52 集計時点の順位です
1:37,547,500
100:6,464,848
1200:822,509
※12/11（木）17:53 集計時点の順位です
1:37,604,418
100:6,464,848
1200:824,728
※12/11（木）17:54 集計時点の順位です
1:37,658,540
100:6,464,848
1200:825,001
※12/11（木）17:55 集計時点の順位です
1:37,710,387
100:6,464,848
1200:825,281
※12/11（木）17:56 集計時点の順位です
1:37,764,875
100:6,464,848
1200:825,913
※12/11（木）17:57 集計時点の順位です
1:37,796,226
100:6,464,848
1200:826,402
※12/11（木）17:58 集計時点の順位です
1:37,837,829
100:6,464,848
1200:827,490
※12/11（木）17:59 集計時点の順位です
1:37,895,137
100:6,464,848
1200:828,399
※12/11（木）18:00 集計時点の順位です
1:37,952,206
100:6,464,848
1200:828,451
※12/11（木）18:01 集計時点の順位です
1:38,009,412
100:6,464,848
1200:829,120
※12/11（木）18:02 集計時点の順位です
1:38,066,799
100:6,464,848
1200:831,089
※12/11（木）18:03 集計時点の順位です
1:38,121,427
100:6,464,848
1200:831,089
※12/11（木）18:04 集計時点の順位です
1:38,181,325
100:6,464,848
1200:832,887
※12/11（木）18:05 集計時点の順位です
1:38,232,982
100:6,464,848
1200:835,614
※12/11（木）18:06 集計時点の順位です
1:38,279,564
100:6,464,848
1200:837,339
※12/11（木）18:07 集計時点の順位です
1:38,325,972
100:6,464,848
1200:841,492
※12/11（木）18:08 集計時点の順位です
1:38,375,069
100:6,464,848
1200:846,201
※12/11（木）18:09 集計時点の順位です
1:38,414,010
100:6,464,848
1200:848,321
※12/11（木）18:10 集計時点の順位です
1:38,460,513
100:6,464,848
1200:850,380
※12/11（木）18:11 集計時点の順位です
1:38,512,504
100:6,467,662
1200:852,701
※12/11（木）18:12 集計時点の順位です
1:38,561,842
100:6,480,796
1200:852,701
※12/11（木）18:13 集計時点の順位です
1:38,605,371
100:6,480,796
1200:852,989
※12/11（木）18:14 集計時点の順位です
1:38,662,393
100:6,480,796
1200:855,632
※12/11（木）18:15 集計時点の順位です
1:38,714,485
100:6,480,796
1200:855,757
※12/11（木）18:16 集計時点の順位です
1:38,768,976
100:6,576,767
1200:856,996
※12/11（木）18:17 集計時点の順位です
1:38,826,203
100:6,576,767
1200:857,472
※12/11（木）18:18 集計時点の順位です
1:38,885,920
100:6,576,767
1200:859,718
※12/11（木）18:19 集計時点の順位です
1:38,943,060
100:6,576,767
1200:862,180
※12/11（木）18:20 集計時点の順位です
1:38,995,190
100:6,576,767
1200:862,473
※12/11（木）18:21 集計時点の順位です
1:39,049,797
100:6,576,767
1200:862,473
※12/11（木）18:22 集計時点の順位です
1:39,109,575
100:6,576,767
1200:862,473
※12/11（木）18:23 集計時点の順位です
1:39,161,509
100:6,576,767
1200:863,806
※12/11（木）18:24 集計時点の順位です
1:39,223,631
100:6,576,767
1200:865,151
※12/11（木）18:25 集計時点の順位です
1:39,275,574
100:6,576,767
1200:865,463
※12/11（木）18:26 集計時点の順位です
1:39,322,363
100:6,576,767
1200:865,463
※12/11（木）18:27 集計時点の順位です
1:39,376,960
100:6,600,338
1200:868,193
※12/11（木）18:28 集計時点の順位です
1:39,431,376
100:6,603,139
1200:868,248
※12/11（木）18:29 集計時点の順位です
1:39,485,813
100:6,603,139
1200:870,107
※12/11（木）18:30 集計時点の順位です
1:39,539,976
100:6,603,139
1200:870,217
※12/11（木）18:31 集計時点の順位です
1:39,584,452
100:6,603,139
1200:871,573
※12/11（木）18:32 集計時点の順位です
1:39,636,373
100:6,603,139
1200:875,573
※12/11（木）18:33 集計時点の順位です
1:39,684,854
100:6,603,139
1200:876,614
※12/11（木）18:34 集計時点の順位です
1:39,737,042
100:6,603,139
1200:879,096
※12/11（木）18:35 集計時点の順位です
1:39,778,562
100:6,653,280
1200:882,515
※12/11（木）18:36 集計時点の順位です
1:39,809,790
100:6,653,280
1200:884,109
※12/11（木）18:37 集計時点の順位です
1:39,856,725
100:6,653,280
1200:885,484
※12/11（木）18:38 集計時点の順位です
1:39,911,560
100:6,653,280
1200:887,907
※12/11（木）18:39 集計時点の順位です
1:39,963,650
100:6,653,280
1200:893,921
※12/11（木）18:40 集計時点の順位です
1:40,015,558
100:6,653,280
1200:895,590
※12/11（木）18:41 集計時点の順位です
1:40,072,813
100:6,653,280
1200:897,450
※12/11（木）18:42 集計時点の順位です
1:40,126,082
100:6,653,280
1200:899,372
※12/11（木）18:43 集計時点の順位です
1:40,177,511
100:6,653,280
1200:901,283
※12/11（木）18:44 集計時点の順位です
1:40,226,688
100:6,653,280
1200:902,854
※12/11（木）18:45 集計時点の順位です
1:40,278,636
100:6,695,562
1200:903,102
※12/11（木）18:46 集計時点の順位です
1:40,333,133
100:6,793,527
1200:909,695
※12/11（木）18:47 集計時点の順位です
1:40,385,172
100:6,793,527
1200:911,921
※12/11（木）18:48 集計時点の順位です
1:40,439,728
100:6,793,527
1200:915,469
※12/11（木）18:49 集計時点の順位です
1:40,494,126
100:6,793,527
1200:920,884
※12/11（木）18:50 集計時点の順位です
1:40,551,167
100:6,793,527
1200:927,693
※12/11（木）18:51 集計時点の順位です
1:40,600,196
100:6,793,527
1200:935,660
※12/11（木）18:52 集計時点の順位です
1:40,651,798
100:6,999,301
1200:941,367
※12/11（木）18:53 集計時点の順位です
1:40,701,415
100:7,031,132
1200:953,565
※12/11（木）18:54 集計時点の順位です
1:40,750,933
100:7,031,132
1200:960,879
※12/11（木）18:55 集計時点の順位です
1:40,805,579
100:7,058,997
1200:967,183
※12/11（木）18:56 集計時点の順位です
1:40,862,833
100:7,058,997
1200:978,082
※12/11（木）18:57 集計時点の順位です
1:40,917,460
100:7,060,101
1200:986,035
※12/11（木）18:58 集計時点の順位です
1:40,977,157
100:7,060,101
1200:998,579
※12/11（木）18:59 集計時点の順位です
1:41,031,281
100:7,060,101
1200:1,004,873
※12/11（木）19:00 集計時点の順位です
1:41,031,281
100:7,060,101
1200:1,004,873
※12/11（木）19:01 集計時点の順位です
1:41,031,281
100:7,060,101
1200:1,004,873
※12/11（木）19:02 集計時点の順位です
1:41,031,281
100:7,060,101
1200:1,004,873
※12/11（木）19:03 集計時点の順位です
1:41,031,281
100:7,060,101
1200:1,004,873
※12/11（木）19:04 集計時点の順位です
1:41,031,281
100:7,060,101
1200:1,004,873
※12/11（木）21:59 集計時点の順位です
1:41,031,413
100:7,060,101
1200:1,004,873
※12/11（木）22:00 集計時点の順位です
1:41,081,245
100:7,067,614
1200:1,004,945
※12/11（木）22:01 集計時点の順位です
1:41,143,228
100:7,070,177
1200:1,005,070
※12/11（木）22:02 集計時点の順位です
1:41,195,300
100:7,074,874
1200:1,005,499
※12/11（木）22:03 集計時点の順位です
1:41,234,345
100:7,079,947
1200:1,007,183
※12/11（木）22:04 集計時点の順位です
1:41,291,542
100:7,085,657
1200:1,007,316
※12/11（木）22:05 集計時点の順位です
1:41,343,635
100:7,085,657
1200:1,009,320
※12/11（木）22:06 集計時点の順位です
1:41,400,951
100:7,091,607
1200:1,009,604
※12/11（木）22:07 集計時点の順位です
1:41,458,228
100:7,098,994
1200:1,010,561
※12/11（木）22:08 集計時点の順位です
1:41,515,314
100:7,098,994
1200:1,010,561
※12/11（木）22:09 集計時点の順位です
1:41,567,867
100:7,102,788
1200:1,010,561
※12/11（木）22:10 集計時点の順位です
1:42,123,405
100:7,102,788
1200:1,010,659
※12/11（木）22:11 集計時点の順位です
1:42,633,868
100:7,102,788
1200:1,014,414
※12/11（木）22:12 集計時点の順位です
1:43,232,250
100:7,102,788
1200:1,014,450
※12/11（木）22:13 集計時点の順位です
1:43,719,198
100:7,113,508
1200:1,019,346
※12/11（木）22:14 集計時点の順位です
1:44,255,538
100:7,143,193
1200:1,019,346
※12/11（木）22:15 集計時点の順位です
1:44,768,081
100:7,167,854
1200:1,021,429
※12/11（木）22:16 集計時点の順位です
1:45,304,362
100:7,167,854
1200:1,024,125
※12/11（木）22:17 集計時点の順位です
1:45,838,444
100:7,167,854
1200:1,026,390
※12/11（木）22:18 集計時点の順位です
1:46,374,720
100:7,167,854
1200:1,027,885
※12/11（木）22:19 集計時点の順位です
1:46,913,414
100:7,167,854
1200:1,035,897
※12/11（木）22:20 集計時点の順位です
1:47,002,196
100:7,175,032
1200:1,036,796
※12/11（木）22:21 集計時点の順位です
1:47,049,014
100:7,175,032
1200:1,039,947
※12/11（木）22:22 集計時点の順位です
1:47,103,821
100:7,175,032
1200:1,039,947
※12/11（木）22:23 集計時点の順位です
1:47,160,925
100:7,182,266
1200:1,046,206
※12/11（木）22:24 集計時点の順位です
1:47,220,914
100:7,184,862
1200:1,047,313
※12/11（木）22:25 集計時点の順位です
1:47,267,653
100:7,196,704
1200:1,049,942
※12/11（木）22:26 集計時点の順位です
1:47,322,419
100:7,196,704
1200:1,050,845
※12/11（木）22:27 集計時点の順位です
1:47,374,625
100:7,246,615
1200:1,054,431
※12/11（木）22:28 集計時点の順位です
1:47,426,636
100:7,249,478
1200:1,055,145
※12/11（木）22:29 集計時点の順位です
1:47,478,849
100:7,249,478
1200:1,057,169
※12/11（木）22:30 集計時点の順位です
1:47,992,566
100:7,249,478
1200:1,062,402
※12/11（木）22:31 集計時点の順位です
1:48,526,693
100:7,271,403
1200:1,065,214
※12/11（木）22:32 集計時点の順位です
1:49,084,315
100:7,511,307
1200:1,065,647
※12/11（木）22:33 集計時点の順位です
1:49,620,634
100:7,511,307
1200:1,066,441
※12/11（木）22:34 集計時点の順位です
1:50,221,271
100:7,600,700
1200:1,069,446
※12/11（木）22:35 集計時点の順位です
1:50,671,650
100:7,633,834
1200:1,071,943
※12/11（木）22:36 集計時点の順位です
1:51,119,809
100:7,638,472
1200:1,072,152
※12/11（木）22:37 集計時点の順位です
1:51,591,817
100:7,657,446
1200:1,073,465
※12/11（木）22:38 集計時点の順位です
1:52,080,958
100:7,657,446
1200:1,074,742
※12/11（木）22:39 集計時点の順位です
1:52,534,352
100:7,662,499
1200:1,081,957
※12/11（木）22:40 集計時点の順位です
1:52,570,751
100:7,677,443
1200:1,084,484
※12/11（木）22:41 集計時点の順位です
1:52,612,426
100:7,677,443
1200:1,087,922
※12/11（木）22:42 集計時点の順位です
1:52,656,891
100:7,721,689
1200:1,092,048
※12/11（木）22:43 集計時点の順位です
1:52,703,371
100:7,722,741
1200:1,092,891
※12/11（木）22:44 集計時点の順位です
1:52,757,758
100:7,762,632
1200:1,098,447
※12/11（木）22:45 集計時点の順位です
1:52,799,419
100:7,769,668
1200:1,101,512
※12/11（木）22:46 集計時点の順位です
1:52,846,236
100:7,769,668
1200:1,103,933
※12/11（木）22:47 集計時点の順位です
1:52,890,465
100:7,769,668
1200:1,104,142
※12/11（木）22:48 集計時点の順位です
1:52,939,998
100:7,792,246
1200:1,104,261
※12/11（木）22:49 集計時点の順位です
1:52,997,448
100:7,792,246
1200:1,105,197
※12/11（木）22:50 集計時点の順位です
1:53,490,932
100:7,792,246
1200:1,106,423
※12/11（木）22:51 集計時点の順位です
1:54,003,669
100:7,825,913
1200:1,106,436
※12/11（木）22:52 集計時点の順位です
1:54,518,402
100:7,915,803
1200:1,107,956
※12/11（木）22:53 集計時点の順位です
1:55,073,857
100:7,998,173
1200:1,113,570
※12/11（木）22:54 集計時点の順位です
1:55,466,661
100:8,022,432
1200:1,113,570
※12/11（木）22:55 集計時点の順位です
1:55,801,428
100:8,024,639
1200:1,113,841
※12/11（木）22:56 集計時点の順位です
1:56,123,058
100:8,107,986
1200:1,116,617
※12/11（木）22:57 集計時点の順位です
1:56,481,430
100:8,107,986
1200:1,118,131
※12/11（木）22:58 集計時点の順位です
1:56,794,869
100:8,129,363
1200:1,120,831
※12/11（木）22:59 集計時点の順位です
1:57,157,440
100:8,129,363
1200:1,124,213
※12/11（木）23:00 集計時点の順位です
1:57,201,599
100:8,137,013
1200:1,134,727
※12/11（木）23:01 集計時点の順位です
1:57,242,894
100:8,137,013
1200:1,136,074
※12/11（木）23:02 集計時点の順位です
1:57,282,099
100:8,139,864
1200:1,137,904
※12/11（木）23:03 集計時点の順位です
1:57,326,391
100:8,139,864
1200:1,147,647
※12/11（木）23:04 集計時点の順位です
1:57,381,006
100:8,150,043
1200:1,154,959
※12/11（木）23:05 集計時点の順位です
1:57,419,956
100:8,150,043
1200:1,161,593
※12/11（木）23:06 集計時点の順位です
1:57,472,001
100:8,164,151
1200:1,167,928
※12/11（木）23:07 集計時点の順位です
1:57,523,570
100:8,217,235
1200:1,173,721
※12/11（木）23:08 集計時点の順位です
1:57,569,864
100:8,310,825
1200:1,184,162
※12/11（木）23:09 集計時点の順位です
1:57,616,581
100:8,366,947
1200:1,188,857
※12/11（木）23:10 集計時点の順位です
1:57,895,384
100:8,432,109
1200:1,188,857
※12/11（木）23:11 集計時点の順位です
1:58,217,023
100:8,439,465
1200:1,192,566
※12/11（木）23:12 集計時点の順位です
1:58,536,696
100:8,439,465
1200:1,196,806
※12/11（木）23:13 集計時点の順位です
1:58,879,764
100:8,449,531
1200:1,205,105
※12/11（木）23:14 集計時点の順位です
1:59,220,846
100:8,449,531
1200:1,208,045
※12/11（木）23:15 集計時点の順位です
1:59,521,201
100:8,449,531
1200:1,209,779
※12/11（木）23:16 集計時点の順位です
1:59,842,838
100:8,449,531
1200:1,211,189
※12/11（木）23:17 集計時点の順位です
1:60,162,523
100:8,449,531
1200:1,214,299
※12/11（木）23:18 集計時点の順位です
1:60,484,292
100:8,484,837
1200:1,215,264
※12/11（木）23:19 集計時点の順位です
1:60,815,220
100:8,504,198
1200:1,216,211
※12/11（木）23:20 集計時点の順位です
1:60,866,925
100:8,578,543
1200:1,224,635
※12/11（木）23:21 集計時点の順位です
1:60,921,488
100:8,697,902
1200:1,224,917
※12/11（木）23:22 集計時点の順位です
1:60,973,329
100:8,697,902
1200:1,230,776
※12/11（木）23:23 集計時点の順位です
1:61,022,994
100:8,792,654
1200:1,235,132
※12/11（木）23:24 集計時点の順位です
1:61,080,121
100:8,832,163
1200:1,238,711
※12/11（木）23:25 集計時点の順位です
1:61,129,373
100:8,832,163
1200:1,239,841
※12/11（木）23:26 集計時点の順位です
1:61,178,672
100:8,852,965
1200:1,243,738
※12/11（木）23:27 集計時点の順位です
1:61,228,056
100:8,861,977
1200:1,246,745
※12/11（木）23:28 集計時点の順位です
1:61,280,116
100:8,861,977
1200:1,252,439
※12/11（木）23:29 集計時点の順位です
1:61,391,171
100:8,956,593
1200:1,254,765
※12/11（木）23:30 集計時点の順位です
1:61,925,330
100:8,982,717
1200:1,257,532
※12/11（木）23:31 集計時点の順位です
1:62,418,682
100:9,023,167
1200:1,262,486
※12/11（木）23:32 集計時点の順位です
1:62,911,947
100:9,023,167
1200:1,270,918
※12/11（木）23:33 集計時点の順位です
1:63,448,280
100:9,054,454
1200:1,282,362
※12/11（木）23:34 集計時点の順位です
1:63,954,392
100:9,054,454
1200:1,288,064
※12/11（木）23:35 集計時点の順位です
1:64,209,619
100:9,099,997
1200:1,290,861
※12/11（木）23:36 集計時点の順位です
1:64,529,139
100:9,169,254
1200:1,295,455
※12/11（木）23:37 集計時点の順位です
1:64,827,367
100:9,190,446
1200:1,300,871
※12/11（木）23:38 集計時点の順位です
1:65,127,706
100:9,232,776
1200:1,304,425
※12/11（木）23:39 集計時点の順位です
1:65,380,883
100:9,304,421
1200:1,311,898
※12/11（木）23:40 集計時点の順位です
1:65,428,023
100:9,304,421
1200:1,314,492
※12/11（木）23:41 集計時点の順位です
1:65,474,984
100:9,304,421
1200:1,324,620
※12/11（木）23:42 集計時点の順位です
1:65,516,751
100:9,304,421
1200:1,325,685
※12/11（木）23:43 集計時点の順位です
1:65,566,326
100:9,353,501
1200:1,327,590
※12/11（木）23:44 集計時点の順位です
1:65,699,079
100:9,361,238
1200:1,330,894
※12/11（木）23:45 集計時点の順位です
1:66,256,684
100:9,427,193
1200:1,337,734
※12/11（木）23:46 集計時点の順位です
1:66,767,307
100:9,457,169
1200:1,350,722
※12/11（木）23:47 集計時点の順位です
1:67,282,001
100:9,516,424
1200:1,362,201
※12/11（木）23:48 集計時点の順位です
1:67,837,485
100:9,551,670
1200:1,372,336
※12/11（木）23:49 集計時点の順位です
1:68,414,477
100:9,551,670
1200:1,375,809
※12/11（木）23:50 集計時点の順位です
1:68,841,331
100:9,557,739
1200:1,378,547
※12/11（木）23:51 集計時点の順位です
1:69,375,423
100:9,684,521
1200:1,387,397
※12/11（木）23:52 集計時点の順位です
1:69,889,926
100:9,794,135
1200:1,403,140
※12/11（木）23:53 集計時点の順位です
1:70,359,714
100:9,806,932
1200:1,416,638
※12/11（木）23:54 集計時点の順位です
1:70,663,713
100:9,820,081
1200:1,427,996
※12/11（木）23:55 集計時点の順位です
1:70,953,500
100:9,997,496
1200:1,445,026
※12/11（木）23:56 集計時点の順位です
1:71,506,899
100:10,049,253
1200:1,456,473
※12/11（木）23:57 集計時点の順位です
1:71,974,609
100:10,063,608
1200:1,465,604
※12/11（木）23:58 集計時点の順位です
1:72,446,638
100:10,111,603
1200:1,477,975
※12/11（木）23:59 集計時点の順位です
1:72,746,899
100:10,111,603
1200:1,488,544
※12/12（金）00:00 集計時点の順位です
1:72,746,899
100:10,111,603
1200:1,488,544
※12/12（金）00:01 集計時点の順位です
1:72,746,899
100:10,111,603
1200:1,488,544
※12/12（金）00:02 集計時点の順位です
1:72,746,899
100:10,111,603
1200:1,488,544
※12/12（金）00:03 集計時点の順位です
1:72,746,899
100:10,111,603
1200:1,488,544
※12/12（金）00:04 集計時点の順位です
1:72,746,899
100:10,111,603
1200:1,488,544
※12/12（金）12:00 集計時点の順位です
1:75,971,899
100:10,216,840
1200:1,636,517
※12/12（金）13:05 集計時点の順位です
1:75,971,899
100:10,216,840
1200:1,636,517
※12/12（金）16:59 集計時点の順位です
1:75,971,965
100:10,216,840
1200:1,636,517
※12/12（金）17:00 集計時点の順位です
1:75,986,958
100:10,216,840
1200:1,636,517
※12/12（金）17:01 集計時点の順位です
1:76,022,187
100:10,216,840
1200:1,636,517
※12/12（金）17:02 集計時点の順位です
1:76,070,537
100:10,216,840
1200:1,636,517
※12/12（金）17:03 集計時点の順位です
1:76,116,885
100:10,216,840
1200:1,636,517
※12/12（金）17:04 集計時点の順位です
1:76,171,002
100:10,216,840
1200:1,636,517
※12/12（金）17:05 集計時点の順位です
1:76,217,607
100:10,216,840
1200:1,636,517
※12/12（金）17:06 集計時点の順位です
1:76,269,280
100:10,216,840
1200:1,637,834
※12/12（金）17:07 集計時点の順位です
1:76,323,958
100:10,216,840
1200:1,637,834
※12/12（金）17:08 集計時点の順位です
1:76,381,099
100:10,227,975
1200:1,637,834
※12/12（金）17:09 集計時点の順位です
1:76,443,376
100:10,227,975
1200:1,642,790
※12/12（金）17:10 集計時点の順位です
1:76,495,175
100:10,227,975
1200:1,642,790
※12/12（金）17:11 集計時点の順位です
1:76,546,868
100:10,227,975
1200:1,642,790
※12/12（金）17:12 集計時点の順位です
1:76,606,169
100:10,227,975
1200:1,642,790
※12/12（金）17:13 集計時点の順位です
1:76,663,053
100:10,227,975
1200:1,642,790
※12/12（金）17:14 集計時点の順位です
1:76,717,420
100:10,227,975
1200:1,642,790
※12/12（金）17:15 集計時点の順位です
1:76,768,830
100:10,227,975
1200:1,642,790
※12/12（金）17:16 集計時点の順位です
1:76,819,828
100:10,227,975
1200:1,642,790
※12/12（金）17:17 集計時点の順位です
1:76,861,200
100:10,227,975
1200:1,642,790
※12/12（金）17:18 集計時点の順位です
1:76,907,880
100:10,227,975
1200:1,643,838
※12/12（金）17:19 集計時点の順位です
1:76,967,586
100:10,227,975
1200:1,643,838
※12/12（金）17:20 集計時点の順位です
1:77,014,050
100:10,227,975
1200:1,643,838
※12/12（金）17:21 集計時点の順位です
1:77,070,776
100:10,227,975
1200:1,643,838
※12/12（金）17:22 集計時点の順位です
1:77,125,313
100:10,227,975
1200:1,646,316
※12/12（金）17:23 集計時点の順位です
1:77,172,058
100:10,227,975
1200:1,646,316
※12/12（金）17:24 集計時点の順位です
1:77,224,091
100:10,227,975
1200:1,646,316
※12/12（金）17:25 集計時点の順位です
1:77,273,097
100:10,227,975
1200:1,646,316
※12/12（金）17:26 集計時点の順位です
1:77,324,951
100:10,227,975
1200:1,648,618
※12/12（金）17:27 集計時点の順位です
1:77,377,248
100:10,227,975
1200:1,648,792
※12/12（金）17:28 集計時点の順位です
1:77,428,983
100:10,227,975
1200:1,648,792
※12/12（金）17:29 集計時点の順位です
1:77,483,361
100:10,227,975
1200:1,650,390
※12/12（金）17:30 集計時点の順位です
1:77,532,511
100:10,227,975
1200:1,656,356
※12/12（金）17:31 集計時点の順位です
1:77,586,795
100:10,227,975
1200:1,662,188
※12/12（金）17:32 集計時点の順位です
1:77,637,385
100:10,227,975
1200:1,662,188
※12/12（金）17:33 集計時点の順位です
1:77,686,091
100:10,227,975
1200:1,663,142
※12/12（金）17:34 集計時点の順位です
1:77,730,468
100:10,227,975
1200:1,663,142
※12/12（金）17:35 集計時点の順位です
1:77,784,842
100:10,227,975
1200:1,665,807
※12/12（金）17:36 集計時点の順位です
1:77,831,215
100:10,227,975
1200:1,665,807
※12/12（金）17:37 集計時点の順位です
1:77,854,786
100:10,243,749
1200:1,665,872
※12/12（金）17:38 集計時点の順位です
1:77,896,433
100:10,243,749
1200:1,665,872
※12/12（金）17:39 集計時点の順位です
1:77,930,358
100:10,243,749
1200:1,665,872
※12/12（金）17:40 集計時点の順位です
1:77,977,084
100:10,243,749
1200:1,665,972
※12/12（金）17:41 集計時点の順位です
1:78,031,258
100:10,248,910
1200:1,667,510
※12/12（金）17:42 集計時点の順位です
1:78,088,301
100:10,248,910
1200:1,668,079
※12/12（金）17:43 集計時点の順位です
1:78,139,973
100:10,248,910
1200:1,668,079
※12/12（金）17:44 集計時点の順位です
1:78,187,004
100:10,248,910
1200:1,668,079
※12/12（金）17:45 集計時点の順位です
1:78,235,453
100:10,248,910
1200:1,668,079
※12/12（金）17:46 集計時点の順位です
1:78,250,542
100:10,248,910
1200:1,668,658
※12/12（金）17:47 集計時点の順位です
1:78,287,138
100:10,251,485
1200:1,668,658
※12/12（金）17:48 集計時点の順位です
1:78,336,220
100:10,251,485
1200:1,668,658
※12/12（金）17:49 集計時点の順位です
1:78,388,021
100:10,251,485
1200:1,668,658
※12/12（金）17:50 集計時点の順位です
1:78,421,996
100:10,251,485
1200:1,669,598
※12/12（金）17:51 集計時点の順位です
1:78,460,558
100:10,251,485
1200:1,670,865
※12/12（金）17:52 集計時点の順位です
1:78,501,952
100:10,251,485
1200:1,672,714
※12/12（金）17:53 集計時点の順位です
1:78,543,532
100:10,251,485
1200:1,674,511
※12/12（金）17:54 集計時点の順位です
1:78,585,178
100:10,251,485
1200:1,674,511
※12/12（金）17:55 集計時点の順位です
1:78,626,983
100:10,251,485
1200:1,679,836
※12/12（金）17:56 集計時点の順位です
1:78,660,541
100:10,251,485
1200:1,679,836
※12/12（金）17:57 集計時点の順位です
1:78,701,768
100:10,251,485
1200:1,679,836
※12/12（金）17:58 集計時点の順位です
1:78,746,104
100:10,251,485
1200:1,679,836
※12/12（金）17:59 集計時点の順位です
1:78,784,987
100:10,251,485
1200:1,682,974
※12/12（金）18:00 集計時点の順位です
1:78,824,630
100:10,251,485
1200:1,683,024
※12/12（金）18:01 集計時点の順位です
1:78,874,031
100:10,251,485
1200:1,686,283
※12/12（金）18:02 集計時点の順位です
1:78,910,053
100:10,251,485
1200:1,686,283
※12/12（金）18:03 集計時点の順位です
1:78,951,222
100:10,251,485
1200:1,686,507
※12/12（金）18:04 集計時点の順位です
1:79,005,492
100:10,251,485
1200:1,687,271
※12/12（金）18:05 集計時点の順位です
1:79,054,735
100:10,251,485
1200:1,687,271
※12/12（金）18:06 集計時点の順位です
1:79,096,419
100:10,251,485
1200:1,692,982
※12/12（金）18:07 集計時点の順位です
1:79,138,406
100:10,251,485
1200:1,693,688
※12/12（金）18:08 集計時点の順位です
1:79,185,117
100:10,251,485
1200:1,693,688
※12/12（金）18:09 集計時点の順位です
1:79,221,044
100:10,272,075
1200:1,693,688
※12/12（金）18:10 集計時点の順位です
1:79,252,140
100:10,272,075
1200:1,694,137
※12/12（金）18:11 集計時点の順位です
1:79,277,966
100:10,272,075
1200:1,694,604
※12/12（金）18:12 集計時点の順位です
1:79,306,325
100:10,272,075
1200:1,694,604
※12/12（金）18:13 集計時点の順位です
1:79,332,324
100:10,272,075
1200:1,695,824
※12/12（金）18:14 集計時点の順位です
1:79,368,781
100:10,272,075
1200:1,695,824
※12/12（金）18:15 集計時点の順位です
1:79,415,835
100:10,305,153
1200:1,695,824
※12/12（金）18:16 集計時点の順位です
1:79,470,262
100:10,305,153
1200:1,699,929
※12/12（金）18:17 集計時点の順位です
1:79,517,342
100:10,305,153
1200:1,699,929
※12/12（金）18:18 集計時点の順位です
1:79,517,342
100:10,305,153
1200:1,700,539
※12/12（金）18:19 集計時点の順位です
1:79,522,501
100:10,305,153
1200:1,700,838
※12/12（金）18:20 集計時点の順位です
1:79,561,404
100:10,305,153
1200:1,700,838
※12/12（金）18:21 集計時点の順位です
1:79,602,747
100:10,305,153
1200:1,700,838
※12/12（金）18:22 集計時点の順位です
1:79,636,304
100:10,305,153
1200:1,700,838
※12/12（金）18:23 集計時点の順位です
1:79,667,116
100:10,305,153
1200:1,702,946
※12/12（金）18:24 集計時点の順位です
1:79,692,950
100:10,305,153
1200:1,705,264
※12/12（金）18:25 集計時点の順位です
1:79,718,941
100:10,305,153
1200:1,705,264
※12/12（金）18:26 集計時点の順位です
1:79,757,793
100:10,305,153
1200:1,705,264
※12/12（金）18:27 集計時点の順位です
1:79,783,608
100:10,305,153
1200:1,705,264
※12/12（金）18:28 集計時点の順位です
1:79,822,395
100:10,305,153
1200:1,705,394
※12/12（金）18:29 集計時点の順位です
1:79,889,423
100:10,305,153
1200:1,707,474
※12/12（金）18:30 集計時点の順位です
1:80,227,822
100:10,305,153
1200:1,707,474
※12/12（金）18:31 集計時点の順位です
1:80,549,298
100:10,305,153
1200:1,711,914
※12/12（金）18:32 集計時点の順位です
1:80,907,648
100:10,305,153
1200:1,712,452
※12/12（金）18:33 集計時点の順位です
1:81,272,302
100:10,305,153
1200:1,714,799
※12/12（金）18:34 集計時点の順位です
1:81,615,301
100:10,305,153
1200:1,718,713
※12/12（金）18:35 集計時点の順位です
1:81,958,386
100:10,305,153
1200:1,718,778
※12/12（金）18:36 集計時点の順位です
1:82,278,032
100:10,305,153
1200:1,724,099
※12/12（金）18:37 集計時点の順位です
1:82,595,274
100:10,305,153
1200:1,724,099
※12/12（金）18:38 集計時点の順位です
1:82,938,369
100:10,305,153
1200:1,724,548
※12/12（金）18:39 集計時点の順位です
1:83,227,695
100:10,305,153
1200:1,724,591
※12/12（金）18:40 集計時点の順位です
1:83,245,895
100:10,305,153
1200:1,726,799
※12/12（金）18:41 集計時点の順位です
1:83,279,733
100:10,305,153
1200:1,731,047
※12/12（金）18:42 集計時点の順位です
1:83,335,377
100:10,305,153
1200:1,731,047
※12/12（金）18:43 集計時点の順位です
1:83,387,431
100:10,305,153
1200:1,732,355
※12/12（金）18:44 集計時点の順位です
1:83,405,326
100:10,305,153
1200:1,733,580
※12/12（金）18:45 集計時点の順位です
1:83,423,503
100:10,305,153
1200:1,734,172
※12/12（金）18:46 集計時点の順位です
1:83,590,752
100:10,305,153
1200:1,736,900
※12/12（金）18:47 集計時点の順位です
1:83,740,889
100:10,323,919
1200:1,736,900
※12/12（金）18:48 集計時点の順位です
1:84,084,051
100:10,323,919
1200:1,740,109
※12/12（金）18:49 集計時点の順位です
1:84,443,929
100:10,323,919
1200:1,740,520
※12/12（金）18:50 集計時点の順位です
1:84,765,721
100:10,359,342
1200:1,750,776
※12/12（金）18:51 集計時点の順位です
1:85,108,494
100:10,403,464
1200:1,761,492
※12/12（金）18:52 集計時点の順位です
1:85,301,237
100:10,435,819
1200:1,780,594
※12/12（金）18:53 集計時点の順位です
1:85,601,327
100:10,469,533
1200:1,783,949
※12/12（金）18:54 集計時点の順位です
1:85,942,352
100:10,479,999
1200:1,785,362
※12/12（金）18:55 集計時点の順位です
1:86,279,170
100:10,497,084
1200:1,789,531
※12/12（金）18:56 集計時点の順位です
1:86,392,934
100:10,514,929
1200:1,792,899
※12/12（金）18:57 集計時点の順位です
1:86,451,126
100:10,544,267
1200:1,803,573
※12/12（金）18:58 集計時点の順位です
1:86,508,206
100:10,559,688
1200:1,812,543
※12/12（金）18:59 集計時点の順位です
1:86,560,229
100:10,559,688
1200:1,822,910
※12/12（金）19:00 集計時点の順位です
1:86,560,229
100:10,559,688
1200:1,822,910
※12/12（金）19:01 集計時点の順位です
1:86,560,229
100:10,559,688
1200:1,822,910
※12/12（金）19:02 集計時点の順位です
1:86,560,229
100:10,559,688
1200:1,822,910
※12/12（金）19:03 集計時点の順位です
1:86,560,229
100:10,559,688
1200:1,822,910
※12/12（金）19:04 集計時点の順位です
1:86,560,229
100:10,559,688
1200:1,822,910
※12/12（金）21:59 集計時点の順位です
1:86,561,562
100:10,559,688
1200:1,822,910
※12/12（金）22:00 集計時点の順位です
1:86,568,313
100:10,559,688
1200:1,822,910
※12/12（金）22:01 集計時点の順位です
1:86,572,761
100:10,559,688
1200:1,822,910
※12/12（金）22:02 集計時点の順位です
1:86,602,669
100:10,559,688
1200:1,822,910
※12/12（金）22:03 集計時点の順位です
1:86,629,669
100:10,559,688
1200:1,823,133
※12/12（金）22:04 集計時点の順位です
1:86,653,838
100:10,559,688
1200:1,823,133
※12/12（金）22:05 集計時点の順位です
1:86,691,365
100:10,559,688
1200:1,823,133
※12/12（金）22:06 集計時点の順位です
1:86,723,581
100:10,559,688
1200:1,823,133
※12/12（金）22:07 集計時点の順位です
1:86,758,574
100:10,566,985
1200:1,829,823
※12/12（金）22:08 集計時点の順位です
1:86,790,103
100:10,566,985
1200:1,829,823
※12/12（金）22:09 集計時点の順位です
1:86,829,797
100:10,566,985
1200:1,833,569
※12/12（金）22:10 集計時点の順位です
1:86,842,831
100:10,566,985
1200:1,838,987
※12/12（金）22:11 集計時点の順位です
1:86,885,866
100:10,566,985
1200:1,847,610
※12/12（金）22:12 集計時点の順位です
1:86,942,715
100:10,566,985
1200:1,849,069
※12/12（金）22:13 集計時点の順位です
1:86,998,736
100:10,576,208
1200:1,849,069
※12/12（金）22:14 集計時点の順位です
1:87,044,506
100:10,576,208
1200:1,851,016
※12/12（金）22:15 集計時点の順位です
1:87,061,044
100:10,582,029
1200:1,855,609
※12/12（金）22:16 集計時点の順位です
1:87,104,276
100:10,582,029
1200:1,858,614
※12/12（金）22:17 集計時点の順位です
1:87,142,637
100:10,582,029
1200:1,864,734
※12/12（金）22:18 集計時点の順位です
1:87,156,584
100:10,582,029
1200:1,866,040
※12/12（金）22:19 集計時点の順位です
1:87,197,453
100:10,582,029
1200:1,867,768
※12/12（金）22:20 集計時点の順位です
1:87,235,772
100:10,582,029
1200:1,874,970
※12/12（金）22:21 集計時点の順位です
1:87,281,444
100:10,582,029
1200:1,876,035
※12/12（金）22:22 集計時点の順位です
1:87,311,154
100:10,582,029
1200:1,876,035
※12/12（金）22:23 集計時点の順位です
1:87,348,032
100:10,582,029
1200:1,880,698
※12/12（金）22:24 集計時点の順位です
1:87,398,967
100:10,582,029
1200:1,881,903
※12/12（金）22:25 集計時点の順位です
1:87,449,045
100:10,582,029
1200:1,883,021
※12/12（金）22:26 集計時点の順位です
1:87,478,682
100:10,582,029
1200:1,883,956
※12/12（金）22:27 集計時点の順位です
1:87,508,047
100:10,582,029
1200:1,887,409
※12/12（金）22:28 集計時点の順位です
1:87,556,282
100:10,582,029
1200:1,891,326
※12/12（金）22:29 集計時点の順位です
1:87,600,248
100:10,582,029
1200:1,897,284
※12/12（金）22:30 集計時点の順位です
1:87,621,707
100:10,582,029
1200:1,900,266
※12/12（金）22:31 集計時点の順位です
1:87,654,521
100:10,582,029
1200:1,900,266
※12/12（金）22:32 集計時点の順位です
1:87,689,696
100:10,582,029
1200:1,903,507
※12/12（金）22:33 集計時点の順位です
1:87,736,363
100:10,582,029
1200:1,911,495
※12/12（金）22:34 集計時点の順位です
1:87,793,146
100:10,582,029
1200:1,920,723
※12/12（金）22:35 集計時点の順位です
1:87,833,930
100:10,582,029
1200:1,922,823
※12/12（金）22:36 集計時点の順位です
1:87,879,258
100:10,582,029
1200:1,924,083
※12/12（金）22:37 集計時点の順位です
1:87,917,619
100:10,582,029
1200:1,927,987
※12/12（金）22:38 集計時点の順位です
1:87,967,717
100:10,582,029
1200:1,930,568
※12/12（金）22:39 集計時点の順位です
1:88,015,007
100:10,582,029
1200:1,932,069
※12/12（金）22:40 集計時点の順位です
1:88,063,903
100:10,582,029
1200:1,933,329
※12/12（金）22:41 集計時点の順位です
1:88,117,973
100:10,582,029
1200:1,946,494
※12/12（金）22:42 集計時点の順位です
1:88,174,432
100:10,582,029
1200:1,965,889
※12/12（金）22:43 集計時点の順位です
1:88,227,737
100:10,582,029
1200:1,967,329
※12/12（金）22:44 集計時点の順位です
1:88,281,175
100:10,582,029
1200:1,973,095
※12/12（金）22:45 集計時点の順位です
1:88,329,997
100:10,585,422
1200:1,973,606
※12/12（金）22:46 集計時点の順位です
1:88,375,860
100:10,638,966
1200:1,975,165
※12/12（金）22:47 集計時点の順位です
1:88,388,979
100:10,664,153
1200:1,975,165
※12/12（金）22:48 集計時点の順位です
1:88,418,034
100:10,727,590
1200:1,982,895
※12/12（金）22:49 集計時点の順位です
1:88,458,324
100:10,727,590
1200:1,984,839
※12/12（金）22:50 集計時点の順位です
1:88,496,445
100:10,740,299
1200:1,987,339
※12/12（金）22:51 集計時点の順位です
1:88,523,607
100:10,816,110
1200:1,991,970
※12/12（金）22:52 集計時点の順位です
1:88,575,046
100:10,816,110
1200:1,993,079
※12/12（金）22:53 集計時点の順位です
1:88,583,409
100:10,816,110
1200:1,993,127
※12/12（金）22:54 集計時点の順位です
1:88,626,659
100:10,818,943
1200:1,993,127
※12/12（金）22:55 集計時点の順位です
1:88,672,003
100:10,818,943
1200:1,996,996
※12/12（金）22:56 集計時点の順位です
1:88,704,068
100:10,818,943
1200:1,996,996
※12/12（金）22:57 集計時点の順位です
1:88,760,513
100:10,818,943
1200:2,000,288
※12/12（金）22:58 集計時点の順位です
1:88,809,386
100:10,828,625
1200:2,002,445
※12/12（金）22:59 集計時点の順位です
1:88,852,960
100:10,828,625
1200:2,002,445
※12/12（金）23:00 集計時点の順位です
1:88,925,759
100:10,828,625
1200:2,004,572
※12/12（金）23:01 集計時点の順位です
1:89,038,316
100:10,829,815
1200:2,007,972
※12/12（金）23:02 集計時点の順位です
1:89,284,162
100:10,881,773
1200:2,016,157
※12/12（金）23:03 集計時点の順位です
1:89,457,538
100:10,902,973
1200:2,021,644
※12/12（金）23:04 集計時点の順位です
1:89,834,504
100:10,945,911
1200:2,026,703
※12/12（金）23:05 集計時点の順位です
1:89,944,078
100:10,981,646
1200:2,028,614
※12/12（金）23:06 集計時点の順位です
1:90,278,780
100:10,994,687
1200:2,038,938
※12/12（金）23:07 集計時点の順位です
1:90,602,891
100:10,996,854
1200:2,054,712
※12/12（金）23:08 集計時点の順位です
1:90,992,750
100:11,013,120
1200:2,064,395
※12/12（金）23:09 集計時点の順位です
1:91,335,847
100:11,013,120
1200:2,067,200
※12/12（金）23:10 集計時点の順位です
1:91,362,879
100:11,013,120
1200:2,067,433
※12/12（金）23:11 集計時点の順位です
1:91,397,765
100:11,013,120
1200:2,068,914
※12/12（金）23:12 集計時点の順位です
1:91,433,114
100:11,016,585
1200:2,072,011
※12/12（金）23:13 集計時点の順位です
1:91,481,632
100:11,016,585
1200:2,074,231
※12/12（金）23:14 集計時点の順位です
1:91,530,274
100:11,016,585
1200:2,075,801
※12/12（金）23:15 集計時点の順位です
1:91,559,765
100:11,016,585
1200:2,086,085
※12/12（金）23:16 集計時点の順位です
1:91,605,417
100:11,016,585
1200:2,088,153
※12/12（金）23:17 集計時点の順位です
1:91,641,081
100:11,016,585
1200:2,089,072
※12/12（金）23:18 集計時点の順位です
1:91,685,467
100:11,016,585
1200:2,092,711
※12/12（金）23:19 集計時点の順位です
1:91,734,920
100:11,016,585
1200:2,097,680
※12/12（金）23:20 集計時点の順位です
1:91,778,382
100:11,016,644
1200:2,097,680
※12/12（金）23:21 集計時点の順位です
1:91,808,180
100:11,020,631
1200:2,111,803
※12/12（金）23:22 集計時点の順位です
1:91,824,731
100:11,023,177
1200:2,111,948
※12/12（金）23:23 集計時点の順位です
1:91,853,860
100:11,041,859
1200:2,117,784
※12/12（金）23:24 集計時点の順位です
1:91,883,744
100:11,125,515
1200:2,118,116
※12/12（金）23:25 集計時点の順位です
1:91,936,883
100:11,204,627
1200:2,120,895
※12/12（金）23:26 集計時点の順位です
1:91,987,978
100:11,208,296
1200:2,128,498
※12/12（金）23:27 集計時点の順位です
1:92,042,183
100:11,208,296
1200:2,135,176
※12/12（金）23:28 集計時点の順位です
1:92,090,731
100:11,208,296
1200:2,135,855
※12/12（金）23:29 集計時点の順位です
1:92,169,276
100:11,276,142
1200:2,136,899
※12/12（金）23:30 集計時点の順位です
1:92,615,075
100:11,351,239
1200:2,141,434
※12/12（金）23:31 集計時点の順位です
1:93,063,707
100:11,372,256
1200:2,141,434
※12/12（金）23:32 集計時点の順位です
1:93,376,300
100:11,414,285
1200:2,156,488
※12/12（金）23:33 集計時点の順位です
1:93,678,939
100:11,414,285
1200:2,166,396
※12/12（金）23:34 集計時点の順位です
1:94,035,524
100:11,528,349
1200:2,171,316
※12/12（金）23:35 集計時点の順位です
1:94,389,117
100:11,528,349
1200:2,177,542
※12/12（金）23:36 集計時点の順位です
1:94,719,462
100:11,600,395
1200:2,183,804
※12/12（金）23:37 集計時点の順位です
1:95,107,146
100:11,600,395
1200:2,188,205
※12/12（金）23:38 集計時点の順位です
1:95,453,520
100:11,622,138
1200:2,190,891
※12/12（金）23:39 集計時点の順位です
1:95,771,084
100:11,643,922
1200:2,191,625
※12/12（金）23:40 集計時点の順位です
1:95,821,805
100:11,653,461
1200:2,191,625
※12/12（金）23:41 集計時点の順位です
1:95,856,832
100:11,658,758
1200:2,193,030
※12/12（金）23:42 集計時点の順位です
1:95,891,870
100:11,658,758
1200:2,195,455
※12/12（金）23:43 集計時点の順位です
1:95,940,481
100:11,671,950
1200:2,197,885
※12/12（金）23:44 集計時点の順位です
1:95,991,148
100:11,673,932
1200:2,208,409
※12/12（金）23:45 集計時点の順位です
1:96,042,496
100:11,673,932
1200:2,209,253
※12/12（金）23:46 集計時点の順位です
1:96,077,823
100:11,693,114
1200:2,215,878
※12/12（金）23:47 集計時点の順位です
1:96,132,006
100:11,702,300
1200:2,221,612
※12/12（金）23:48 集計時点の順位です
1:96,180,498
100:11,702,300
1200:2,233,189
※12/12（金）23:49 集計時点の順位です
1:96,234,286
100:11,702,300
1200:2,242,977
※12/12（金）23:50 集計時点の順位です
1:96,282,960
100:11,724,684
1200:2,252,508
※12/12（金）23:51 集計時点の順位です
1:96,326,601
100:11,732,760
1200:2,264,917
※12/12（金）23:52 集計時点の順位です
1:96,377,460
100:11,737,264
1200:2,267,516
※12/12（金）23:53 集計時点の順位です
1:96,431,757
100:11,737,264
1200:2,300,050
※12/12（金）23:54 集計時点の順位です
1:96,485,678
100:11,761,781
1200:2,312,254
※12/12（金）23:55 集計時点の順位です
1:96,536,960
100:11,826,435
1200:2,321,970
※12/12（金）23:56 集計時点の順位です
1:96,579,558
100:11,826,435
1200:2,337,610
※12/12（金）23:57 集計時点の順位です
1:96,625,282
100:11,826,435
1200:2,357,536
※12/12（金）23:58 集計時点の順位です
1:96,677,244
100:11,882,863
1200:2,363,150
※12/12（金）23:59 集計時点の順位です
1:96,717,805
100:11,882,863
1200:2,381,819
※12/13（土）00:00 集計時点の順位です
1:96,717,805
100:11,882,863
1200:2,381,819
※12/13（土）00:01 集計時点の順位です
1:96,717,805
100:11,882,863
1200:2,381,819
※12/13（土）00:02 集計時点の順位です
1:96,717,805
100:11,882,863
1200:2,381,819
※12/13（土）00:03 集計時点の順位です
1:96,717,805
100:11,882,863
1200:2,381,819
※12/13（土）00:04 集計時点の順位です
1:96,717,805
100:11,882,863
1200:2,381,819
※12/13（土）11:59 集計時点の順位です
1:96,717,805
100:11,882,863
1200:2,381,819
※12/13（土）12:00 集計時点の順位です
1:96,717,805
100:11,882,863
1200:2,381,819
※12/13（土）12:01 集計時点の順位です
1:96,717,805
100:11,882,863
1200:2,381,819
※12/13（土）12:02 集計時点の順位です
1:96,717,805
100:11,893,728
1200:2,383,483
※12/13（土）12:03 集計時点の順位です
1:96,717,805
100:11,901,458
1200:2,383,483
※12/13（土）12:04 集計時点の順位です
1:96,717,805
100:11,901,458
1200:2,385,080
※12/13（土）12:05 集計時点の順位です
1:96,717,805
100:11,901,458
1200:2,386,351
※12/13（土）12:06 集計時点の順位です
1:96,731,217
100:11,901,458
1200:2,387,235
※12/13（土）12:07 集計時点の順位です
1:96,751,699
100:11,901,458
1200:2,389,338
※12/13（土）12:08 集計時点の順位です
1:96,775,617
100:11,909,256
1200:2,391,497
※12/13（土）12:09 集計時点の順位です
1:96,797,274
100:11,909,256
1200:2,393,528
※12/13（土）12:10 集計時点の順位です
1:96,829,352
100:11,909,256
1200:2,400,479
※12/13（土）12:11 集計時点の順位です
1:96,865,472
100:11,914,412
1200:2,401,678
※12/13（土）12:12 集計時点の順位です
1:96,913,003
100:11,916,991
1200:2,405,991
※12/13（土）12:13 集計時点の順位です
1:96,955,221
100:11,916,991
1200:2,405,991
※12/13（土）12:14 集計時点の順位です
1:96,989,446
100:11,916,991
1200:2,406,846
※12/13（土）12:15 集計時点の順位です
1:97,029,193
100:11,975,883
1200:2,408,646
※12/13（土）12:16 集計時点の順位です
1:97,078,672
100:11,993,775
1200:2,411,889
※12/13（土）12:17 集計時点の順位です
1:97,115,593
100:11,993,775
1200:2,413,273
※12/13（土）12:18 集計時点の順位です
1:97,154,959
100:12,001,435
1200:2,416,043
※12/13（土）12:19 集計時点の順位です
1:97,178,938
100:12,006,495
1200:2,420,886
※12/13（土）12:20 集計時点の順位です
1:97,225,469
100:12,009,126
1200:2,425,268
※12/13（土）12:21 集計時点の順位です
1:97,269,873
100:12,016,700
1200:2,432,171
※12/13（土）12:22 集計時点の順位です
1:97,317,327
100:12,029,320
1200:2,432,171
※12/13（土）12:23 集計時点の順位です
1:97,359,247
100:12,029,320
1200:2,441,711
※12/13（土）12:24 集計時点の順位です
1:97,409,701
100:12,039,725
1200:2,446,228
※12/13（土）12:25 集計時点の順位です
1:97,428,053
100:12,039,725
1200:2,454,639
※12/13（土）12:26 集計時点の順位です
1:97,464,920
100:12,047,458
1200:2,458,697
※12/13（土）12:27 集計時点の順位です
1:97,504,902
100:12,047,458
1200:2,463,197
※12/13（土）12:28 集計時点の順位です
1:97,557,174
100:12,057,500
1200:2,465,594
※12/13（土）12:29 集計時点の順位です
1:97,613,189
100:12,070,293
1200:2,467,614
※12/13（土）12:30 集計時点の順位です
1:97,648,006
100:12,096,194
1200:2,486,036
※12/13（土）12:31 集計時点の順位です
1:97,682,077
100:12,102,104
1200:2,487,598
※12/13（土）12:32 集計時点の順位です
1:97,735,642
100:12,118,085
1200:2,488,667
※12/13（土）12:33 集計時点の順位です
1:97,740,531
100:12,118,085
1200:2,489,703
※12/13（土）12:34 集計時点の順位です
1:97,740,531
100:12,118,085
1200:2,495,999
※12/13（土）12:35 集計時点の順位です
1:97,740,531
100:12,123,275
1200:2,500,171
※12/13（土）12:36 集計時点の順位です
1:97,740,531
100:12,131,325
1200:2,504,984
※12/13（土）12:37 集計時点の順位です
1:97,740,531
100:12,131,325
1200:2,506,383
※12/13（土）12:38 集計時点の順位です
1:97,740,531
100:12,157,333
1200:2,506,617
※12/13（土）12:39 集計時点の順位です
1:97,740,531
100:12,201,713
1200:2,506,636
※12/13（土）12:40 集計時点の順位です
1:97,740,531
100:12,225,614
1200:2,506,696
※12/13（土）12:41 集計時点の順位です
1:97,740,531
100:12,225,614
1200:2,512,732
※12/13（土）12:42 集計時点の順位です
1:97,743,328
100:12,225,614
1200:2,514,384
※12/13（土）12:43 集計時点の順位です
1:97,772,434
100:12,262,740
1200:2,514,384
※12/13（土）12:44 集計時点の順位です
1:97,772,434
100:12,262,740
1200:2,514,384
※12/13（土）12:45 集計時点の順位です
1:97,772,434
100:12,262,740
1200:2,528,080
※12/13（土）12:46 集計時点の順位です
1:97,772,434
100:12,339,098
1200:2,533,767
※12/13（土）12:47 集計時点の順位です
1:97,772,434
100:12,499,633
1200:2,539,763
※12/13（土）12:48 集計時点の順位です
1:97,772,434
100:12,499,633
1200:2,550,143
※12/13（土）12:49 集計時点の順位です
1:97,772,434
100:12,499,633
1200:2,550,945
※12/13（土）12:50 集計時点の順位です
1:97,772,434
100:12,499,633
1200:2,552,454
※12/13（土）12:51 集計時点の順位です
1:97,772,434
100:12,499,633
1200:2,564,951
※12/13（土）12:52 集計時点の順位です
1:97,772,434
100:12,499,633
1200:2,575,299
※12/13（土）12:53 集計時点の順位です
1:97,772,434
100:12,499,633
1200:2,581,109
※12/13（土）12:54 集計時点の順位です
1:97,772,434
100:12,533,418
1200:2,586,241
※12/13（土）12:55 集計時点の順位です
1:97,772,434
100:12,554,344
1200:2,594,609
※12/13（土）12:56 集計時点の順位です
1:97,772,434
100:12,645,010
1200:2,604,300
※12/13（土）12:57 集計時点の順位です
1:97,772,434
100:12,647,594
1200:2,604,322
※12/13（土）12:58 集計時点の順位です
1:97,772,434
100:12,653,019
1200:2,609,677
※12/13（土）12:59 集計時点の順位です
1:97,772,434
100:12,719,587
1200:2,610,358
※12/13（土）13:00 集計時点の順位です
1:97,772,434
100:12,719,587
1200:2,610,358
※12/13（土）13:01 集計時点の順位です
1:97,772,434
100:12,719,587
1200:2,610,358
※12/13（土）13:02 集計時点の順位です
1:97,772,434
100:12,719,587
1200:2,610,358
※12/13（土）13:03 集計時点の順位です
1:97,772,434
100:12,719,587
1200:2,610,358
※12/13（土）13:04 集計時点の順位です
1:97,772,434
100:12,719,587
1200:2,610,358
※12/13（土）16:59 集計時点の順位です
1:97,772,434
100:12,719,587
1200:2,610,358
※12/13（土）17:00 集計時点の順位です
1:97,772,434
100:12,719,587
1200:2,610,358
※12/13（土）17:01 集計時点の順位です
1:97,772,434
100:12,719,587
1200:2,610,358
※12/13（土）17:02 集計時点の順位です
1:97,772,434
100:12,719,587
1200:2,610,358
※12/13（土）17:03 集計時点の順位です
1:97,772,434
100:12,719,587
1200:2,610,358
※12/13（土）17:04 集計時点の順位です
1:97,772,434
100:12,719,587
1200:2,614,490
※12/13（土）17:05 集計時点の順位です
1:97,772,434
100:12,719,587
1200:2,614,754
※12/13（土）17:06 集計時点の順位です
1:97,772,434
100:12,719,587
1200:2,614,779
※12/13（土）17:07 集計時点の順位です
1:97,772,434
100:12,719,587
1200:2,614,779
※12/13（土）17:08 集計時点の順位です
1:97,772,434
100:12,719,587
1200:2,615,647
※12/13（土）17:09 集計時点の順位です
1:97,772,434
100:12,719,587
1200:2,615,647
※12/13（土）17:10 集計時点の順位です
1:97,772,434
100:12,719,587
1200:2,616,398
※12/13（土）17:11 集計時点の順位です
1:97,772,434
100:12,719,587
1200:2,616,398
※12/13（土）17:12 集計時点の順位です
1:97,772,434
100:12,719,587
1200:2,616,398
※12/13（土）17:13 集計時点の順位です
1:97,772,434
100:12,719,587
1200:2,619,477
※12/13（土）17:14 集計時点の順位です
1:97,772,434
100:12,719,587
1200:2,619,477
※12/13（土）17:15 集計時点の順位です
1:97,772,434
100:12,719,587
1200:2,619,477
※12/13（土）17:16 集計時点の順位です
1:97,772,434
100:12,719,587
1200:2,621,155
※12/13（土）17:17 集計時点の順位です
1:97,780,530
100:12,725,768
1200:2,621,155
※12/13（土）17:18 集計時点の順位です
1:97,780,530
100:12,733,576
1200:2,625,715
※12/13（土）17:19 集計時点の順位です
1:97,780,530
100:12,745,099
1200:2,625,715
※12/13（土）17:20 集計時点の順位です
1:97,780,530
100:12,746,656
1200:2,625,715
※12/13（土）17:21 集計時点の順位です
1:97,780,530
100:12,753,999
1200:2,625,715
※12/13（土）17:22 集計時点の順位です
1:97,780,530
100:12,753,999
1200:2,625,715
※12/13（土）17:23 集計時点の順位です
1:97,780,530
100:12,753,999
1200:2,626,598
※12/13（土）17:24 集計時点の順位です
1:97,780,530
100:12,753,999
1200:2,626,598
※12/13（土）17:25 集計時点の順位です
1:97,780,530
100:12,753,999
1200:2,626,598
※12/13（土）17:26 集計時点の順位です
1:97,780,530
100:12,753,999
1200:2,626,598
※12/13（土）17:27 集計時点の順位です
1:97,780,530
100:12,753,999
1200:2,626,598
※12/13（土）17:28 集計時点の順位です
1:97,780,530
100:12,753,999
1200:2,626,598
※12/13（土）17:29 集計時点の順位です
1:97,780,530
100:12,753,999
1200:2,627,499
※12/13（土）17:30 集計時点の順位です
1:97,780,530
100:12,753,999
1200:2,627,499
※12/13（土）17:31 集計時点の順位です
1:97,780,530
100:12,753,999
1200:2,630,828
※12/13（土）17:32 集計時点の順位です
1:97,780,530
100:12,753,999
1200:2,632,535
※12/13（土）17:33 集計時点の順位です
1:97,780,530
100:12,753,999
1200:2,632,535
※12/13（土）17:34 集計時点の順位です
1:97,780,530
100:12,753,999
1200:2,632,535
※12/13（土）17:35 集計時点の順位です
1:97,780,530
100:12,753,999
1200:2,632,850
※12/13（土）17:36 集計時点の順位です
1:97,783,356
100:12,753,999
1200:2,632,850
※12/13（土）17:37 集計時点の順位です
1:97,783,356
100:12,753,999
1200:2,632,850
※12/13（土）17:38 集計時点の順位です
1:97,783,356
100:12,753,999
1200:2,632,850
※12/13（土）17:39 集計時点の順位です
1:97,783,356
100:12,753,999
1200:2,633,774
※12/13（土）17:40 集計時点の順位です
1:97,783,356
100:12,753,999
1200:2,634,788
※12/13（土）17:41 集計時点の順位です
1:97,783,356
100:12,753,999
1200:2,634,788
※12/13（土）17:42 集計時点の順位です
1:97,783,356
100:12,753,999
1200:2,640,831
※12/13（土）17:43 集計時点の順位です
1:97,783,356
100:12,753,999
1200:2,640,831
※12/13（土）17:44 集計時点の順位です
1:97,783,356
100:12,753,999
1200:2,643,548
※12/13（土）17:45 集計時点の順位です
1:97,783,356
100:12,753,999
1200:2,647,094
※12/13（土）17:46 集計時点の順位です
1:97,783,356
100:12,753,999
1200:2,649,000
※12/13（土）17:47 集計時点の順位です
1:97,783,356
100:12,753,999
1200:2,649,000
※12/13（土）17:48 集計時点の順位です
1:97,783,356
100:12,753,999
1200:2,649,000
※12/13（土）17:49 集計時点の順位です
1:97,783,356
100:12,753,999
1200:2,649,000
※12/13（土）17:50 集計時点の順位です
1:97,783,356
100:12,753,999
1200:2,649,000
※12/13（土）17:51 集計時点の順位です
1:97,783,356
100:12,753,999
1200:2,649,545
※12/13（土）17:52 集計時点の順位です
1:97,783,356
100:12,753,999
1200:2,649,802
※12/13（土）17:53 集計時点の順位です
1:97,783,356
100:12,753,999
1200:2,649,802
※12/13（土）17:54 集計時点の順位です
1:97,783,356
100:12,753,999
1200:2,649,802
※12/13（土）17:55 集計時点の順位です
1:97,783,356
100:12,753,999
1200:2,649,802
※12/13（土）17:56 集計時点の順位です
1:97,783,356
100:12,753,999
1200:2,655,460
※12/13（土）17:57 集計時点の順位です
1:97,783,356
100:12,753,999
1200:2,657,665
※12/13（土）17:58 集計時点の順位です
1:97,783,356
100:12,753,999
1200:2,661,418
※12/13（土）17:59 集計時点の順位です
1:97,783,356
100:12,753,999
1200:2,663,742
※12/13（土）18:00 集計時点の順位です
1:97,783,356
100:12,753,999
1200:2,675,478
※12/13（土）18:01 集計時点の順位です
1:97,783,356
100:12,753,999
1200:2,681,951
※12/13（土）18:02 集計時点の順位です
1:97,783,356
100:12,753,999
1200:2,696,333
※12/13（土）18:03 集計時点の順位です
1:97,783,356
100:12,753,999
1200:2,712,093
※12/13（土）18:04 集計時点の順位です
1:97,783,356
100:12,753,999
1200:2,712,093
※12/13（土）18:05 集計時点の順位です
1:97,783,356
100:12,753,999
1200:2,721,825
※12/13（土）18:06 集計時点の順位です
1:98,027,941
100:12,753,999
1200:2,727,486
※12/13（土）18:07 集計時点の順位です
1:98,242,852
100:12,764,547
1200:2,745,833
※12/13（土）18:08 集計時点の順位です
1:98,458,417
100:12,764,547
1200:2,748,234
※12/13（土）18:09 集計時点の順位です
1:98,662,825
100:12,764,547
1200:2,752,676
※12/13（土）18:10 集計時点の順位です
1:98,662,825
100:12,764,547
1200:2,757,026
※12/13（土）18:11 集計時点の順位です
1:98,662,825
100:12,764,547
1200:2,758,514
※12/13（土）18:12 集計時点の順位です
1:98,662,825
100:12,764,547
1200:2,770,954
※12/13（土）18:13 集計時点の順位です
1:98,662,825
100:12,764,547
1200:2,774,275
※12/13（土）18:14 集計時点の順位です
1:98,662,825
100:12,764,547
1200:2,776,252
※12/13（土）18:15 集計時点の順位です
1:98,662,825
100:12,764,547
1200:2,777,394
※12/13（土）18:16 集計時点の順位です
1:98,662,825
100:12,764,547
1200:2,779,530
※12/13（土）18:17 集計時点の順位です
1:98,662,825
100:12,764,547
1200:2,779,530
※12/13（土）18:18 集計時点の順位です
1:98,662,825
100:12,764,547
1200:2,779,530
※12/13（土）18:19 集計時点の順位です
1:98,662,825
100:12,764,547
1200:2,779,530
※12/13（土）18:20 集計時点の順位です
1:98,662,825
100:12,764,547
1200:2,779,530
※12/13（土）18:21 集計時点の順位です
1:98,662,825
100:12,764,547
1200:2,780,658
※12/13（土）18:22 集計時点の順位です
1:98,662,825
100:12,764,547
1200:2,780,658
※12/13（土）18:23 集計時点の順位です
1:98,662,825
100:12,764,547
1200:2,782,944
※12/13（土）18:24 集計時点の順位です
1:98,662,825
100:12,764,547
1200:2,782,944
※12/13（土）18:25 集計時点の順位です
1:98,662,825
100:12,764,547
1200:2,782,944
※12/13（土）18:26 集計時点の順位です
1:98,662,825
100:12,764,547
1200:2,784,635
※12/13（土）18:27 集計時点の順位です
1:98,662,825
100:12,764,547
1200:2,784,635
※12/13（土）18:28 集計時点の順位です
1:98,662,825
100:12,764,547
1200:2,786,921
※12/13（土）18:29 集計時点の順位です
1:98,662,825
100:12,764,547
1200:2,799,438
※12/13（土）18:30 集計時点の順位です
1:98,662,825
100:12,764,547
1200:2,799,640
※12/13（土）18:31 集計時点の順位です
1:98,662,825
100:12,764,547
1200:2,802,067
※12/13（土）18:32 集計時点の順位です
1:98,662,825
100:12,764,547
1200:2,802,067
※12/13（土）18:33 集計時点の順位です
1:98,662,825
100:12,764,547
1200:2,802,067
※12/13（土）18:34 集計時点の順位です
1:98,662,825
100:12,764,547
1200:2,812,392
※12/13（土）18:35 集計時点の順位です
1:98,662,825
100:12,764,547
1200:2,812,392
※12/13（土）18:36 集計時点の順位です
1:98,662,825
100:12,764,547
1200:2,812,392
※12/13（土）18:37 集計時点の順位です
1:98,662,825
100:12,764,547
1200:2,814,352
※12/13（土）18:38 集計時点の順位です
1:98,662,825
100:12,764,547
1200:2,817,100
※12/13（土）18:39 集計時点の順位です
1:98,662,825
100:12,764,547
1200:2,817,100
※12/13（土）18:40 集計時点の順位です
1:98,662,825
100:12,764,547
1200:2,817,100
※12/13（土）18:41 集計時点の順位です
1:98,662,825
100:12,764,547
1200:2,820,262
※12/13（土）18:42 集計時点の順位です
1:98,662,825
100:12,764,547
1200:2,820,262
※12/13（土）18:43 集計時点の順位です
1:98,662,825
100:12,764,547
1200:2,821,500
※12/13（土）18:44 集計時点の順位です
1:98,662,825
100:12,764,547
1200:2,821,500
※12/13（土）18:45 集計時点の順位です
1:98,662,825
100:12,764,547
1200:2,821,500
※12/13（土）18:46 集計時点の順位です
1:98,662,825
100:12,764,547
1200:2,821,500
※12/13（土）18:47 集計時点の順位です
1:98,662,825
100:12,764,547
1200:2,823,256
※12/13（土）18:48 集計時点の順位です
1:98,662,825
100:12,764,547
1200:2,827,147
※12/13（土）18:49 集計時点の順位です
1:98,662,825
100:12,781,544
1200:2,830,791
※12/13（土）18:50 集計時点の順位です
1:98,662,825
100:12,781,673
1200:2,838,067
※12/13（土）18:51 集計時点の順位です
1:98,662,825
100:12,846,735
1200:2,853,648
※12/13（土）18:52 集計時点の順位です
1:98,662,825
100:12,872,047
1200:2,856,187
※12/13（土）18:53 集計時点の順位です
1:98,662,825
100:12,893,487
1200:2,862,284
※12/13（土）18:54 集計時点の順位です
1:98,662,825
100:12,893,487
1200:2,899,787
※12/13（土）18:55 集計時点の順位です
1:98,662,825
100:12,893,487
1200:2,911,293
※12/13（土）18:56 集計時点の順位です
1:98,662,825
100:12,893,487
1200:2,924,717
※12/13（土）18:57 集計時点の順位です
1:98,662,825
100:13,010,992
1200:2,929,241
※12/13（土）18:58 集計時点の順位です
1:98,662,825
100:13,010,992
1200:2,949,640
※12/13（土）18:59 集計時点の順位です
1:98,662,825
100:13,010,992
1200:2,954,287
※12/13（土）19:00 集計時点の順位です
1:98,662,825
100:13,010,992
1200:2,954,287
※12/13（土）19:01 集計時点の順位です
1:98,662,825
100:13,010,992
1200:2,954,287
※12/13（土）19:02 集計時点の順位です
1:98,662,825
100:13,010,992
1200:2,954,287
※12/13（土）19:03 集計時点の順位です
1:98,662,825
100:13,010,992
1200:2,954,287
※12/13（土）19:04 集計時点の順位です
1:98,662,825
100:13,010,992
1200:2,954,287
※12/13（土）21:59 集計時点の順位です
1:98,662,825
100:13,010,992
1200:2,954,287
※12/13（土）22:00 集計時点の順位です
1:98,662,825
100:13,010,992
1200:2,954,287
※12/13（土）22:01 集計時点の順位です
1:98,662,825
100:13,010,992
1200:2,954,287
※12/13（土）22:02 集計時点の順位です
1:98,662,825
100:13,010,992
1200:2,954,618
※12/13（土）22:03 集計時点の順位です
1:98,662,825
100:13,010,992
1200:2,955,330
※12/13（土）22:04 集計時点の順位です
1:98,662,825
100:13,010,992
1200:2,956,125
※12/13（土）22:05 集計時点の順位です
1:98,662,825
100:13,010,992
1200:2,957,870
※12/13（土）22:06 集計時点の順位です
1:98,662,825
100:13,010,992
1200:2,958,831
※12/13（土）22:07 集計時点の順位です
1:98,662,825
100:13,010,992
1200:2,964,558
※12/13（土）22:08 集計時点の順位です
1:98,662,825
100:13,010,992
1200:2,964,558
※12/13（土）22:09 集計時点の順位です
1:98,662,825
100:13,010,992
1200:2,985,421
※12/13（土）22:10 集計時点の順位です
1:98,662,825
100:13,010,992
1200:2,985,421
※12/13（土）22:11 集計時点の順位です
1:98,662,825
100:13,011,975
1200:2,985,421
※12/13（土）22:12 集計時点の順位です
1:98,662,825
100:13,014,589
1200:2,985,421
※12/13（土）22:13 集計時点の順位です
1:98,662,825
100:13,027,658
1200:2,999,954
※12/13（土）22:14 集計時点の順位です
1:98,662,825
100:13,032,632
1200:3,003,109
※12/13（土）22:15 集計時点の順位です
1:98,662,825
100:13,045,448
1200:3,003,109
※12/13（土）22:16 集計時点の順位です
1:98,662,825
100:13,050,650
1200:3,010,611
※12/13（土）22:17 集計時点の順位です
1:98,662,825
100:13,050,650
1200:3,010,611
※12/13（土）22:18 集計時点の順位です
1:98,662,825
100:13,050,650
1200:3,010,611
※12/13（土）22:19 集計時点の順位です
1:98,662,825
100:13,050,650
1200:3,010,611
※12/13（土）22:20 集計時点の順位です
1:98,662,825
100:13,050,650
1200:3,010,611
※12/13（土）22:21 集計時点の順位です
1:98,662,825
100:13,050,650
1200:3,013,096
※12/13（土）22:22 集計時点の順位です
1:98,662,825
100:13,050,650
1200:3,015,009
※12/13（土）22:23 集計時点の順位です
1:98,662,825
100:13,050,650
1200:3,015,521
※12/13（土）22:24 集計時点の順位です
1:98,662,825
100:13,050,650
1200:3,019,785
※12/13（土）22:25 集計時点の順位です
1:98,662,825
100:13,050,650
1200:3,027,046
※12/13（土）22:26 集計時点の順位です
1:98,662,825
100:13,050,650
1200:3,029,854
※12/13（土）22:27 集計時点の順位です
1:98,662,825
100:13,050,650
1200:3,033,068
※12/13（土）22:28 集計時点の順位です
1:98,662,825
100:13,050,650
1200:3,045,746
※12/13（土）22:29 集計時点の順位です
1:98,662,825
100:13,050,650
1200:3,048,641
※12/13（土）22:30 集計時点の順位です
1:98,662,825
100:13,050,650
1200:3,052,466
※12/13（土）22:31 集計時点の順位です
1:98,662,825
100:13,050,650
1200:3,052,717
※12/13（土）22:32 集計時点の順位です
1:98,662,825
100:13,050,650
1200:3,058,436
※12/13（土）22:33 集計時点の順位です
1:98,662,825
100:13,113,216
1200:3,063,676
※12/13（土）22:34 集計時点の順位です
1:98,662,825
100:13,115,773
1200:3,072,454
※12/13（土）22:35 集計時点の順位です
1:98,662,825
100:13,125,652
1200:3,073,030
※12/13（土）22:36 集計時点の順位です
1:98,662,825
100:13,125,652
1200:3,073,149
※12/13（土）22:37 集計時点の順位です
1:98,662,825
100:13,125,652
1200:3,075,010
※12/13（土）22:38 集計時点の順位です
1:98,662,825
100:13,125,652
1200:3,076,649
※12/13（土）22:39 集計時点の順位です
1:98,662,825
100:13,125,652
1200:3,078,760
※12/13（土）22:40 集計時点の順位です
1:98,662,825
100:13,125,652
1200:3,093,409
※12/13（土）22:41 集計時点の順位です
1:98,662,825
100:13,125,652
1200:3,093,409
※12/13（土）22:42 集計時点の順位です
1:98,662,825
100:13,130,086
1200:3,103,885
※12/13（土）22:43 集計時点の順位です
1:98,662,825
100:13,140,358
1200:3,103,885
※12/13（土）22:44 集計時点の順位です
1:98,662,825
100:13,152,448
1200:3,107,444
※12/13（土）22:45 集計時点の順位です
1:98,662,825
100:13,162,213
1200:3,117,851
※12/13（土）22:46 集計時点の順位です
1:98,662,825
100:13,172,055
1200:3,121,448
※12/13（土）22:47 集計時点の順位です
1:98,662,825
100:13,181,567
1200:3,123,607
※12/13（土）22:48 集計時点の順位です
1:98,662,825
100:13,181,567
1200:3,123,607
※12/13（土）22:49 集計時点の順位です
1:98,662,825
100:13,181,567
1200:3,125,298
※12/13（土）22:50 集計時点の順位です
1:98,662,825
100:13,181,567
1200:3,125,389
※12/13（土）22:51 集計時点の順位です
1:98,662,825
100:13,181,567
1200:3,125,389
※12/13（土）22:52 集計時点の順位です
1:98,662,825
100:13,181,567
1200:3,125,389
※12/13（土）22:53 集計時点の順位です
1:98,662,825
100:13,188,665
1200:3,129,206
※12/13（土）22:54 集計時点の順位です
1:98,662,825
100:13,200,961
1200:3,133,137
※12/13（土）22:55 集計時点の順位です
1:98,662,825
100:13,211,143
1200:3,134,448
※12/13（土）22:56 集計時点の順位です
1:98,662,825
100:13,213,535
1200:3,135,551
※12/13（土）22:57 集計時点の順位です
1:98,662,825
100:13,223,652
1200:3,135,551
※12/13（土）22:58 集計時点の順位です
1:98,662,825
100:13,223,652
1200:3,136,258
※12/13（土）22:59 集計時点の順位です
1:98,662,825
100:13,231,011
1200:3,136,258
※12/13（土）23:00 集計時点の順位です
1:98,662,825
100:13,238,716
1200:3,137,654
※12/13（土）23:01 集計時点の順位です
1:98,662,825
100:13,238,716
1200:3,154,290
※12/13（土）23:02 集計時点の順位です
1:99,025,616
100:13,251,099
1200:3,154,290
※12/13（土）23:03 集計時点の順位です
1:99,375,119
100:13,253,510
1200:3,154,290
※12/13（土）23:04 集計時点の順位です
1:99,779,075
100:13,259,978
1200:3,160,201
※12/13（土）23:05 集計時点の順位です
1:100,045,604
100:13,259,978
1200:3,161,193
※12/13（土）23:06 集計時点の順位です
1:100,451,447
100:13,259,978
1200:3,163,214
※12/13（土）23:07 集計時点の順位です
1:100,826,467
100:13,259,978
1200:3,167,457
※12/13（土）23:08 集計時点の順位です
1:101,187,602
100:13,292,283
1200:3,189,403
※12/13（土）23:09 集計時点の順位です
1:101,542,660
100:13,292,283
1200:3,210,043
※12/13（土）23:10 集計時点の順位です
1:101,542,660
100:13,299,938
1200:3,210,510
※12/13（土）23:11 集計時点の順位です
1:101,542,660
100:13,317,484
1200:3,215,012
※12/13（土）23:12 集計時点の順位です
1:101,542,660
100:13,320,097
1200:3,218,888
※12/13（土）23:13 集計時点の順位です
1:101,542,660
100:13,325,134
1200:3,218,888
※12/13（土）23:14 集計時点の順位です
1:101,542,660
100:13,332,626
1200:3,218,888
※12/13（土）23:15 集計時点の順位です
1:101,542,660
100:13,340,193
1200:3,218,888
※12/13（土）23:16 集計時点の順位です
1:101,542,660
100:13,345,459
1200:3,218,888
※12/13（土）23:17 集計時点の順位です
1:101,542,660
100:13,353,070
1200:3,218,888
※12/13（土）23:18 集計時点の順位です
1:101,542,660
100:13,360,917
1200:3,218,888
※12/13（土）23:19 集計時点の順位です
1:101,542,660
100:13,368,724
1200:3,230,366
※12/13（土）23:20 集計時点の順位です
1:101,542,660
100:13,376,505
1200:3,238,101
※12/13（土）23:21 集計時点の順位です
1:101,542,660
100:13,383,963
1200:3,238,101
※12/13（土）23:22 集計時点の順位です
1:101,542,660
100:13,391,672
1200:3,242,874
※12/13（土）23:23 集計時点の順位です
1:101,542,660
100:13,422,064
1200:3,248,605
※12/13（土）23:24 集計時点の順位です
1:101,542,660
100:13,422,064
1200:3,254,323
※12/13（土）23:25 集計時点の順位です
1:101,542,660
100:13,431,185
1200:3,254,323
※12/13（土）23:26 集計時点の順位です
1:101,542,660
100:13,440,263
1200:3,257,897
※12/13（土）23:27 集計時点の順位です
1:101,542,660
100:13,442,826
1200:3,257,897
※12/13（土）23:28 集計時点の順位です
1:101,542,660
100:13,447,954
1200:3,259,004
※12/13（土）23:29 集計時点の順位です
1:101,542,660
100:13,447,954
1200:3,259,004
※12/13（土）23:30 集計時点の順位です
1:101,950,864
100:13,454,702
1200:3,265,213
※12/13（土）23:31 集計時点の順位です
1:102,566,453
100:13,455,338
1200:3,282,267
※12/13（土）23:32 集計時点の順位です
1:103,139,298
100:13,497,006
1200:3,290,749
※12/13（土）23:33 集計時点の順位です
1:103,652,820
100:13,497,006
1200:3,318,270
※12/13（土）23:34 集計時点の順位です
1:103,969,550
100:13,497,006
1200:3,329,324
※12/13（土）23:35 集計時点の順位です
1:104,247,389
100:13,497,006
1200:3,336,345
※12/13（土）23:36 集計時点の順位です
1:104,592,663
100:13,497,006
1200:3,357,322
※12/13（土）23:37 集計時点の順位です
1:104,981,159
100:13,500,452
1200:3,372,735
※12/13（土）23:38 集計時点の順位です
1:105,323,230
100:13,508,158
1200:3,387,244
※12/13（土）23:39 集計時点の順位です
1:105,638,650
100:13,515,916
1200:3,409,711
※12/13（土）23:40 集計時点の順位です
1:105,638,650
100:13,526,036
1200:3,414,101
※12/13（土）23:41 集計時点の順位です
1:105,638,650
100:13,557,365
1200:3,422,790
※12/13（土）23:42 集計時点の順位です
1:105,638,650
100:13,557,365
1200:3,426,248
※12/13（土）23:43 集計時点の順位です
1:105,649,563
100:13,557,365
1200:3,442,789
※12/13（土）23:44 集計時点の順位です
1:105,657,813
100:13,564,849
1200:3,446,513
※12/13（土）23:45 集計時点の順位です
1:105,665,573
100:13,564,849
1200:3,464,156
※12/13（土）23:46 集計時点の順位です
1:105,676,261
100:13,566,382
1200:3,487,611
※12/13（土）23:47 集計時点の順位です
1:105,684,300
100:13,576,311
1200:3,499,804
※12/13（土）23:49 集計時点の順位です
1:105,692,145
100:13,580,511
1200:3,509,494
※12/13（土）23:50 集計時点の順位です
1:105,716,587
100:13,580,511
1200:3,524,892
※12/13（土）23:51 集計時点の順位です
1:105,799,241
100:13,590,423
1200:3,537,636
※12/13（土）23:52 集計時点の順位です
1:106,135,507
100:13,590,423
1200:3,550,459
※12/13（土）23:53 集計時点の順位です
1:106,420,738
100:13,590,423
1200:3,570,509
※12/13（土）23:54 集計時点の順位です
1:106,676,775
100:13,621,497
1200:3,595,015
※12/13（土）23:55 集計時点の順位です
1:106,908,801
100:13,671,535
1200:3,615,426
※12/13（土）23:56 集計時点の順位です
1:107,107,526
100:13,675,949
1200:3,633,174
※12/13（土）23:57 集計時点の順位です
1:107,260,511
100:13,679,332
1200:3,644,752
※12/13（土）23:58 集計時点の順位です
1:107,488,269
100:13,686,633
1200:3,658,811
※12/13（土）23:59 集計時点の順位です
1:107,663,571
100:13,710,437
1200:3,672,131
※12/14（日）00:00 集計時点の順位です
1:107,663,571
100:13,710,437
1200:3,672,131
※12/14（日）00:01 集計時点の順位です
1:107,663,571
100:13,710,437
1200:3,672,131
※12/14（日）00:02 集計時点の順位です
1:107,663,571
100:13,710,437
1200:3,672,131
※12/14（日）00:03 集計時点の順位です
1:107,663,571
100:13,710,437
1200:3,672,131
※12/14（日）00:04 集計時点の順位です
1:107,663,571
100:13,710,437
1200:3,672,131
※12/14（日）20:59 集計時点の順位です
1:107,663,571
100:13,710,437
1200:3,672,131
※12/14（日）21:00 集計時点の順位です
1:107,663,571
100:13,710,437
1200:3,672,131
※12/14（日）21:01 集計時点の順位です
1:107,676,954
100:13,710,437
1200:3,672,131
※12/14（日）21:02 集計時点の順位です
1:107,676,954
100:13,710,437
1200:3,672,131
※12/14（日）21:03 集計時点の順位です
1:107,676,954
100:13,710,437
1200:3,672,131
※12/14（日）21:04 集計時点の順位です
1:107,676,954
100:13,711,964
1200:3,672,560
※12/14（日）21:05 集計時点の順位です
1:107,676,954
100:13,717,234
1200:3,672,560
※12/14（日）21:06 集計時点の順位です
1:107,676,954
100:13,725,198
1200:3,678,630
※12/14（日）21:07 集計時点の順位です
1:107,676,954
100:13,725,198
1200:3,680,984
※12/14（日）21:08 集計時点の順位です
1:107,676,954
100:13,725,198
1200:3,680,984
※12/14（日）21:09 集計時点の順位です
1:107,676,954
100:13,725,198
1200:3,682,587
※12/14（日）21:10 集計時点の順位です
1:107,676,954
100:13,744,475
1200:3,686,077
※12/14（日）21:11 集計時点の順位です
1:107,676,954
100:13,876,704
1200:3,697,867
※12/14（日）21:12 集計時点の順位です
1:107,676,954
100:13,876,704
1200:3,702,844
※12/14（日）21:13 集計時点の順位です
1:107,676,954
100:13,876,704
1200:3,719,542
※12/14（日）21:14 集計時点の順位です
1:107,676,954
100:13,913,215
1200:3,723,778
※12/14（日）21:15 集計時点の順位です
1:107,676,954
100:13,942,440
1200:3,738,404
※12/14（日）21:16 集計時点の順位です
1:107,676,954
100:13,942,440
1200:3,752,234
※12/14（日）21:17 集計時点の順位です
1:107,676,954
100:13,945,128
1200:3,755,467
※12/14（日）21:18 集計時点の順位です
1:107,676,954
100:14,001,201
1200:3,787,071
※12/14（日）21:19 集計時点の順位です
1:107,676,954
100:14,001,201
1200:3,792,518
※12/14（日）21:20 集計時点の順位です
1:107,676,954
100:14,001,201
1200:3,802,284
※12/14（日）21:21 集計時点の順位です
1:107,676,954
100:14,018,186
1200:3,824,345
※12/14（日）21:22 集計時点の順位です
1:107,676,954
100:14,101,590
1200:3,861,683
※12/14（日）21:23 集計時点の順位です
1:107,676,954
100:14,116,586
1200:3,872,563
※12/14（日）21:24 集計時点の順位です
1:107,676,954
100:14,132,248
1200:3,876,948
※12/14（日）21:25 集計時点の順位です
1:107,676,954
100:14,132,248
1200:3,883,953
※12/14（日）21:26 集計時点の順位です
1:107,676,954
100:14,137,419
1200:3,883,953
※12/14（日）21:27 集計時点の順位です
1:107,676,954
100:14,167,272
1200:3,900,226
※12/14（日）21:28 集計時点の順位です
1:107,676,954
100:14,169,919
1200:3,900,226
※12/14（日）21:29 集計時点の順位です
1:107,676,954
100:14,250,362
1200:3,906,026
※12/14（日）21:30 集計時点の順位です
1:107,676,954
100:14,250,362
1200:3,907,463
※12/14（日）21:31 集計時点の順位です
1:107,676,954
100:14,276,167
1200:3,910,596
※12/14（日）21:32 集計時点の順位です
1:107,676,954
100:14,276,167
1200:3,924,537
※12/14（日）21:33 集計時点の順位です
1:107,676,954
100:14,276,167
1200:3,933,413
※12/14（日）21:34 集計時点の順位です
1:107,676,954
100:14,276,167
1200:3,939,583
※12/14（日）21:35 集計時点の順位です
1:107,676,954
100:14,276,167
1200:3,945,945
※12/14（日）21:36 集計時点の順位です
1:107,716,257
100:14,276,167
1200:3,962,154
※12/14（日）21:37 集計時点の順位です
1:108,327,477
100:14,276,167
1200:3,972,530
※12/14（日）21:38 集計時点の順位です
1:108,919,115
100:14,276,167
1200:3,983,034
※12/14（日）21:39 集計時点の順位です
1:109,325,899
100:14,282,015
1200:3,987,418
※12/14（日）21:40 集計時点の順位です
1:109,325,899
100:14,289,899
1200:4,001,590
※12/14（日）21:41 集計時点の順位です
1:109,334,270
100:14,297,716
1200:4,007,999
※12/14（日）21:42 集計時点の順位です
1:109,349,809
100:14,310,753
1200:4,015,479
※12/14（日）21:43 集計時点の順位です
1:109,349,809
100:14,318,580
1200:4,022,154
※12/14（日）21:44 集計時点の順位です
1:109,357,484
100:14,318,580
1200:4,034,698
※12/14（日）21:45 集計時点の順位です
1:109,360,296
100:14,318,580
1200:4,040,672
※12/14（日）21:46 集計時点の順位です
1:109,365,353
100:14,318,580
1200:4,052,501
※12/14（日）21:47 集計時点の順位です
1:109,375,629
100:14,318,580
1200:4,075,644
※12/14（日）21:48 集計時点の順位です
1:109,381,072
100:14,318,580
1200:4,084,674
※12/14（日）21:49 集計時点の順位です
1:109,425,103
100:14,318,580
1200:4,095,293
※12/14（日）21:50 集計時点の順位です
1:110,018,587
100:14,318,580
1200:4,117,379
※12/14（日）21:51 集計時点の順位です
1:110,594,148
100:14,318,580
1200:4,122,092
※12/14（日）21:52 集計時点の順位です
1:111,243,114
100:14,318,580
1200:4,122,092
※12/14（日）21:53 集計時点の順位です
1:111,799,197
100:14,318,580
1200:4,140,728
※12/14（日）21:54 集計時点の順位です
1:112,437,353
100:14,318,580
1200:4,175,259
※12/14（日）21:55 集計時点の順位です
1:112,973,192
100:14,318,580
1200:4,196,195
※12/14（日）21:56 集計時点の順位です
1:113,615,271
100:14,318,580
1200:4,199,033
※12/14（日）21:57 集計時点の順位です
1:114,255,759
100:14,462,998
1200:4,199,033
※12/14（日）21:58 集計時点の順位です
1:114,865,540
100:14,533,493
1200:4,199,565
※12/14（日）21:59 集計時点の順位です
1:115,207,201
100:14,533,493
1200:4,200,235
※12/14（日）22:00 集計時点の順位です
1:115,207,201
100:14,553,695
1200:4,226,802
※12/14（日）22:01 集計時点の順位です
1:115,209,763
100:14,652,255
1200:4,287,392
※12/14（日）22:02 集計時点の順位です
1:115,212,771
100:14,662,723
1200:4,304,551
※12/14（日）22:03 集計時点の順位です
1:115,217,619
100:14,705,545
1200:4,340,533
※12/14（日）22:04 集計時点の順位です
1:115,217,619
100:14,771,826
1200:4,354,851
※12/14（日）22:05 集計時点の順位です
1:115,235,714
100:14,771,826
1200:4,398,951
※12/14（日）22:06 集計時点の順位です
1:115,243,496
100:14,771,826
1200:4,405,693
※12/14（日）22:07 集計時点の順位です
1:115,243,496
100:14,826,645
1200:4,462,375
※12/14（日）22:08 集計時点の順位です
1:115,249,135
100:14,915,868
1200:4,479,205
※12/14（日）22:09 集計時点の順位です
1:115,272,783
100:15,002,328
1200:4,482,640
※12/14（日）22:10 集計時点の順位です
1:115,913,476
100:15,015,066
1200:4,490,147
※12/14（日）22:11 集計時点の順位です
1:116,484,750
100:15,122,550
1200:4,501,495
※12/14（日）22:12 集計時点の順位です
1:117,123,021
100:15,134,229
1200:4,502,266
※12/14（日）22:13 集計時点の順位です
1:117,733,787
100:15,134,229
1200:4,508,624
※12/14（日）22:14 集計時点の順位です
1:118,274,100
100:15,134,229
1200:4,509,431
※12/14（日）22:15 集計時点の順位です
1:118,844,114
100:15,134,229
1200:4,519,353
※12/14（日）22:16 集計時点の順位です
1:119,464,642
100:15,134,229
1200:4,528,347
※12/14（日）22:17 集計時点の順位です
1:120,016,779
100:15,134,229
1200:4,532,747
※12/14（日）22:18 集計時点の順位です
1:120,385,119
100:15,134,229
1200:4,553,698
※12/14（日）22:19 集計時点の順位です
1:120,406,219
100:15,134,229
1200:4,575,093
※12/14（日）22:20 集計時点の順位です
1:120,406,219
100:15,134,229
1200:4,625,862
※12/14（日）22:21 集計時点の順位です
1:120,406,219
100:15,134,229
1200:4,629,698
※12/14（日）22:22 集計時点の順位です
1:120,406,219
100:15,176,377
1200:4,641,603
※12/14（日）22:23 集計時点の順位です
1:120,419,225
100:15,176,377
1200:4,652,035
※12/14（日）22:24 集計時点の順位です
1:120,424,516
100:15,195,406
1200:4,656,527
※12/14（日）22:25 集計時点の順位です
1:120,424,516
100:15,195,406
1200:4,656,527
※12/14（日）22:26 集計時点の順位です
1:120,424,516
100:15,196,564
1200:4,667,381
※12/14（日）22:27 集計時点の順位です
1:120,424,516
100:15,211,041
1200:4,667,381
※12/14（日）22:28 集計時点の順位です
1:120,424,516
100:15,236,959
1200:4,667,381
※12/14（日）22:29 集計時点の順位です
1:120,491,526
100:15,236,959
1200:4,667,381
※12/14（日）22:30 集計時点の順位です
1:121,110,663
100:15,265,852
1200:4,673,321
※12/14（日）22:31 集計時点の順位です
1:121,597,420
100:15,265,852
1200:4,680,388
※12/14（日）22:32 集計時点の順位です
1:122,233,730
100:15,265,852
1200:4,692,780
※12/14（日）22:33 集計時点の順位です
1:122,801,466
100:15,337,323
1200:4,716,835
※12/14（日）22:34 集計時点の順位です
1:123,459,573
100:15,376,704
1200:4,725,894
※12/14（日）22:35 集計時点の順位です
1:124,044,228
100:15,381,883
1200:4,763,887
※12/14（日）22:36 集計時点の順位です
1:124,128,510
100:15,384,507
1200:4,782,048
※12/14（日）22:37 集計時点の順位です
1:124,193,631
100:15,446,805
1200:4,805,825
※12/14（日）22:38 集計時点の順位です
1:124,256,936
100:15,446,805
1200:4,821,829
※12/14（日）22:39 集計時点の順位です
1:124,278,028
100:15,484,983
1200:4,857,747
※12/14（日）22:40 集計時点の順位です
1:124,278,028
100:15,487,311
1200:4,861,719
※12/14（日）22:41 集計時点の順位です
1:124,278,028
100:15,487,311
1200:4,879,951
※12/14（日）22:42 集計時点の順位です
1:124,278,028
100:15,487,311
1200:4,887,271
※12/14（日）22:43 集計時点の順位です
1:124,278,028
100:15,487,311
1200:4,888,697
※12/14（日）22:44 集計時点の順位です
1:124,278,028
100:15,487,311
1200:4,908,420
※12/14（日）22:45 集計時点の順位です
1:124,278,028
100:15,487,311
1200:4,928,495
※12/14（日）22:46 集計時点の順位です
1:124,278,028
100:15,519,563
1200:4,945,751
※12/14（日）22:47 集計時点の順位です
1:124,278,028
100:15,519,563
1200:4,949,696
※12/14（日）22:48 集計時点の順位です
1:124,278,028
100:15,526,484
1200:4,949,696
※12/14（日）22:49 集計時点の順位です
1:124,278,028
100:15,534,371
1200:4,957,661
※12/14（日）22:50 集計時点の順位です
1:124,316,339
100:15,547,468
1200:4,959,349
※12/14（日）22:51 集計時点の順位です
1:124,928,911
100:15,604,075
1200:4,964,183
※12/14（日）22:52 集計時点の順位です
1:125,485,602
100:15,604,075
1200:4,981,388
※12/14（日）22:53 集計時点の順位です
1:126,116,157
100:15,604,075
1200:5,007,805
※12/14（日）22:54 集計時点の順位です
1:126,753,126
100:15,604,075
1200:5,013,725
※12/14（日）22:55 集計時点の順位です
1:127,280,462
100:15,604,075
1200:5,030,466
※12/14（日）22:56 集計時点の順位です
1:127,280,462
100:15,608,411
1200:5,035,833
※12/14（日）22:57 集計時点の順位です
1:127,299,682
100:15,615,885
1200:5,055,656
※12/14（日）22:58 集計時点の順位です
1:127,320,770
100:15,615,885
1200:5,055,656
※12/14（日）22:59 集計時点の順位です
1:127,362,984
100:15,615,885
1200:5,083,794
※12/14（日）23:00 集計時点の順位です
1:127,376,096
100:15,676,831
1200:5,128,925
※12/14（日）23:01 集計時点の順位です
1:127,391,859
100:15,718,388
1200:5,161,619
※12/14（日）23:02 集計時点の順位です
1:127,399,944
100:15,753,381
1200:5,189,872
※12/14（日）23:03 集計時点の順位です
1:127,407,716
100:15,753,381
1200:5,239,044
※12/14（日）23:04 集計時点の順位です
1:127,407,716
100:15,753,381
1200:5,290,166
※12/14（日）23:05 集計時点の順位です
1:127,413,101
100:15,753,381
1200:5,325,442
※12/14（日）23:06 集計時点の順位です
1:127,418,531
100:15,753,381
1200:5,377,974
※12/14（日）23:07 集計時点の順位です
1:127,434,522
100:15,753,381
1200:5,444,938
※12/14（日）23:08 集計時点の順位です
1:127,437,206
100:15,797,475
1200:5,463,829
※12/14（日）23:09 集計時点の順位です
1:127,442,732
100:15,797,475
1200:5,478,441
※12/14（日）23:10 集計時点の順位です
1:127,453,141
100:15,797,475
1200:5,493,937
※12/14（日）23:11 集計時点の順位です
1:127,458,287
100:15,834,194
1200:5,518,284
※12/14（日）23:12 集計時点の順位です
1:127,468,492
100:15,942,628
1200:5,560,297
※12/14（日）23:13 集計時点の順位です
1:127,473,779
100:15,942,628
1200:5,561,935
※12/14（日）23:14 集計時点の順位です
1:127,483,964
100:15,970,329
1200:5,567,291
※12/14（日）23:15 集計時点の順位です
1:127,489,468
100:16,017,134
1200:5,592,194
※12/14（日）23:16 集計時点の順位です
1:127,497,295
100:16,074,274
1200:5,628,071
※12/14（日）23:17 集計時点の順位です
1:127,502,630
100:16,123,843
1200:5,687,637
※12/14（日）23:18 集計時点の順位です
1:127,508,094
100:16,123,843
1200:5,703,859
※12/14（日）23:19 集計時点の順位です
1:127,550,294
100:16,129,056
1200:5,714,216
※12/14（日）23:20 集計時点の順位です
1:127,948,086
100:16,172,751
1200:5,738,305
※12/14（日）23:21 集計時点の順位です
1:128,251,876
100:16,172,751
1200:5,748,463
※12/14（日）23:22 集計時点の順位です
1:128,633,394
100:16,175,003
1200:5,775,636
※12/14（日）23:23 集計時点の順位です
1:128,984,503
100:16,175,003
1200:5,791,353
※12/14（日）23:24 集計時点の順位です
1:129,295,345
100:16,175,003
1200:5,811,930
※12/14（日）23:25 集計時点の順位です
1:129,527,314
100:16,205,360
1200:5,823,804
※12/14（日）23:26 集計時点の順位です
1:129,548,410
100:16,219,281
1200:5,833,833
※12/14（日）23:27 集計時点の順位です
1:129,569,496
100:16,247,150
1200:5,845,106
※12/14（日）23:28 集計時点の順位です
1:129,569,496
100:16,247,150
1200:5,877,940
※12/14（日）23:29 集計時点の順位です
1:129,592,493
100:16,247,150
1200:5,890,829
※12/14（日）23:30 集計時点の順位です
1:129,613,579
100:16,271,245
1200:5,934,083
※12/14（日）23:31 集計時点の順位です
1:129,658,509
100:16,462,042
1200:5,983,027
※12/14（日）23:32 集計時点の順位です
1:129,764,007
100:16,501,935
1200:6,029,045
※12/14（日）23:33 集計時点の順位です
1:130,208,683
100:16,597,176
1200:6,061,126
※12/14（日）23:34 集計時点の順位です
1:130,698,188
100:16,674,346
1200:6,118,003
※12/14（日）23:35 集計時点の順位です
1:130,786,366
100:16,789,424
1200:6,165,954
※12/14（日）23:36 集計時点の順位です
1:131,068,686
100:16,925,095
1200:6,201,471
※12/14（日）23:37 集計時点の順位です
1:131,480,361
100:16,986,556
1200:6,226,936
※12/14（日）23:38 集計時点の順位です
1:131,856,566
100:16,986,556
1200:6,250,346
※12/14（日）23:39 集計時点の順位です
1:132,113,507
100:17,041,819
1200:6,302,836
※12/14（日）23:40 集計時点の順位です
1:132,113,507
100:17,048,376
1200:6,334,204
※12/14（日）23:41 集計時点の順位です
1:132,119,041
100:17,089,749
1200:6,360,796
※12/14（日）23:42 集計時点の順位です
1:132,127,160
100:17,110,430
1200:6,395,460
※12/14（日）23:43 集計時点の順位です
1:132,132,643
100:17,131,111
1200:6,443,370
※12/14（日）23:44 集計時点の順位です
1:132,145,660
100:17,138,855
1200:6,504,269
※12/14（日）23:45 集計時点の順位です
1:132,145,660
100:17,151,781
1200:6,545,089
※12/14（日）23:46 集計時点の順位です
1:132,153,580
100:17,175,635
1200:6,577,104
※12/14（日）23:47 集計時点の順位です
1:132,161,087
100:17,193,153
1200:6,619,938
※12/14（日）23:48 集計時点の順位です
1:132,163,647
100:17,200,466
1200:6,637,099
※12/14（日）23:49 集計時点の順位です
1:132,169,098
100:17,221,341
1200:6,682,977
※12/14（日）23:50 集計時点の順位です
1:132,169,098
100:17,221,341
1200:6,720,457
※12/14（日）23:51 集計時点の順位です
1:132,169,098
100:17,262,163
1200:6,772,195
※12/14（日）23:52 集計時点の順位です
1:132,169,098
100:17,300,884
1200:6,800,227
※12/14（日）23:53 集計時点の順位です
1:132,299,412
100:17,357,265
1200:6,907,184
※12/14（日）23:55 集計時点の順位です
1:132,299,412
100:17,357,265
1200:6,907,184
※12/14（日）23:55 集計時点の順位です
1:132,614,030
100:17,394,555
1200:6,988,017
※12/14（日）23:57 集計時点の順位です
1:132,731,678
100:17,460,514
1200:7,024,176
※12/14（日）23:58 集計時点の順位です
1:132,837,156
100:17,482,435
1200:7,069,582
※12/14（日）23:59 集計時点の順位です
